[1.267s] DEBUG:colcon:Command line arguments: ['/usr/bin/colcon', 'build']
[1.267s] DEBUG:colcon:Parsed command line arguments: Namespace(log_base=None, log_level=None, verb_name='build', build_base='build', install_base='install', merge_install=False, symlink_install=False, test_result_base=None, continue_on_error=False, executor='parallel', parallel_workers=8, event_handlers=None, ignore_user_meta=False, metas=['./colcon.meta'], base_paths=['.'], packages_ignore=None, packages_ignore_regex=None, paths=None, packages_up_to=None, packages_up_to_regex=None, packages_above=None, packages_above_and_dependencies=None, packages_above_depth=None, packages_select_by_dep=None, packages_skip_by_dep=None, packages_skip_up_to=None, packages_select_build_failed=False, packages_skip_build_finished=False, packages_select_test_failures=False, packages_skip_test_passed=False, packages_select=None, packages_skip=None, packages_select_regex=None, packages_skip_regex=None, packages_start=None, packages_end=None, allow_overriding=[], cmake_args=None, cmake_target=None, cmake_target_skip_unavailable=False, cmake_clean_cache=False, cmake_clean_first=False, cmake_force_configure=False, ament_cmake_args=None, catkin_cmake_args=None, catkin_skip_building_tests=False, verb_parser=<colcon_defaults.argument_parser.defaults.DefaultArgumentsDecorator object at 0x7f03771e69b0>, verb_extension=<colcon_core.verb.build.BuildVerb object at 0x7f03771dae90>, main=<bound method BuildVerb.main of <colcon_core.verb.build.BuildVerb object at 0x7f03771dae90>>)
[1.324s] Level 1:colcon.colcon_core.package_discovery:discover_packages(colcon_meta) check parameters
[1.325s] Level 1:colcon.colcon_core.package_discovery:discover_packages(recursive) check parameters
[1.325s] Level 1:colcon.colcon_core.package_discovery:discover_packages(ignore) check parameters
[1.325s] Level 1:colcon.colcon_core.package_discovery:discover_packages(path) check parameters
[1.325s] Level 1:colcon.colcon_core.package_discovery:discover_packages(colcon_meta) discover
[1.325s] Level 1:colcon.colcon_core.package_discovery:discover_packages(recursive) discover
[1.325s] INFO:colcon.colcon_core.package_discovery:Crawling recursively for packages in '/home/meiling/bumperbot_ws'
[1.325s] Level 1:colcon.colcon_core.package_identification:_identify(.) by extensions ['ignore', 'ignore_ament_install']
[1.325s] Level 1:colcon.colcon_core.package_identification:_identify(.) by extension 'ignore'
[1.325s] Level 1:colcon.colcon_core.package_identification:_identify(.) by extension 'ignore_ament_install'
[1.325s] Level 1:colcon.colcon_core.package_identification:_identify(.) by extensions ['colcon_pkg']
[1.325s] Level 1:colcon.colcon_core.package_identification:_identify(.) by extension 'colcon_pkg'
[1.325s] Level 1:colcon.colcon_core.package_identification:_identify(.) by extensions ['colcon_meta']
[1.325s] Level 1:colcon.colcon_core.package_identification:_identify(.) by extension 'colcon_meta'
[1.325s] Level 1:colcon.colcon_core.package_identification:_identify(.) by extensions ['ros']
[1.325s] Level 1:colcon.colcon_core.package_identification:_identify(.) by extension 'ros'
[1.342s] Level 1:colcon.colcon_core.package_identification:_identify(.) by extensions ['cmake', 'python']
[1.342s] Level 1:colcon.colcon_core.package_identification:_identify(.) by extension 'cmake'
[1.342s] Level 1:colcon.colcon_core.package_identification:_identify(.) by extension 'python'
[1.343s] Level 1:colcon.colcon_core.package_identification:_identify(.) by extensions ['python_setup_py']
[1.343s] Level 1:colcon.colcon_core.package_identification:_identify(.) by extension 'python_setup_py'
[1.343s] Level 1:colcon.colcon_core.package_identification:_identify(build) by extensions ['ignore', 'ignore_ament_install']
[1.343s] Level 1:colcon.colcon_core.package_identification:_identify(build) by extension 'ignore'
[1.343s] Level 1:colcon.colcon_core.package_identification:_identify(build) ignored
[1.343s] Level 1:colcon.colcon_core.package_identification:_identify(install) by extensions ['ignore', 'ignore_ament_install']
[1.343s] Level 1:colcon.colcon_core.package_identification:_identify(install) by extension 'ignore'
[1.343s] Level 1:colcon.colcon_core.package_identification:_identify(install) ignored
[1.343s] Level 1:colcon.colcon_core.package_identification:_identify(log) by extensions ['ignore', 'ignore_ament_install']
[1.343s] Level 1:colcon.colcon_core.package_identification:_identify(log) by extension 'ignore'
[1.344s] Level 1:colcon.colcon_core.package_identification:_identify(log) ignored
[1.344s] Level 1:colcon.colcon_core.package_identification:_identify(src) by extensions ['ignore', 'ignore_ament_install']
[1.344s] Level 1:colcon.colcon_core.package_identification:_identify(src) by extension 'ignore'
[1.344s] Level 1:colcon.colcon_core.package_identification:_identify(src) by extension 'ignore_ament_install'
[1.344s] Level 1:colcon.colcon_core.package_identification:_identify(src) by extensions ['colcon_pkg']
[1.344s] Level 1:colcon.colcon_core.package_identification:_identify(src) by extension 'colcon_pkg'
[1.344s] Level 1:colcon.colcon_core.package_identification:_identify(src) by extensions ['colcon_meta']
[1.344s] Level 1:colcon.colcon_core.package_identification:_identify(src) by extension 'colcon_meta'
[1.344s] Level 1:colcon.colcon_core.package_identification:_identify(src) by extensions ['ros']
[1.344s] Level 1:colcon.colcon_core.package_identification:_identify(src) by extension 'ros'
[1.344s] Level 1:colcon.colcon_core.package_identification:_identify(src) by extensions ['cmake', 'python']
[1.344s] Level 1:colcon.colcon_core.package_identification:_identify(src) by extension 'cmake'
[1.344s] Level 1:colcon.colcon_core.package_identification:_identify(src) by extension 'python'
[1.344s] Level 1:colcon.colcon_core.package_identification:_identify(src) by extensions ['python_setup_py']
[1.344s] Level 1:colcon.colcon_core.package_identification:_identify(src) by extension 'python_setup_py'
[1.344s] Level 1:colcon.colcon_core.package_identification:_identify(src/bumperbot_cpp_examples) by extensions ['ignore', 'ignore_ament_install']
[1.345s] Level 1:colcon.colcon_core.package_identification:_identify(src/bumperbot_cpp_examples) by extension 'ignore'
[1.345s] Level 1:colcon.colcon_core.package_identification:_identify(src/bumperbot_cpp_examples) by extension 'ignore_ament_install'
[1.345s] Level 1:colcon.colcon_core.package_identification:_identify(src/bumperbot_cpp_examples) by extensions ['colcon_pkg']
[1.345s] Level 1:colcon.colcon_core.package_identification:_identify(src/bumperbot_cpp_examples) by extension 'colcon_pkg'
[1.345s] Level 1:colcon.colcon_core.package_identification:_identify(src/bumperbot_cpp_examples) by extensions ['colcon_meta']
[1.345s] Level 1:colcon.colcon_core.package_identification:_identify(src/bumperbot_cpp_examples) by extension 'colcon_meta'
[1.345s] Level 1:colcon.colcon_core.package_identification:_identify(src/bumperbot_cpp_examples) by extensions ['ros']
[1.345s] Level 1:colcon.colcon_core.package_identification:_identify(src/bumperbot_cpp_examples) by extension 'ros'
[1.348s] DEBUG:colcon.colcon_core.package_identification:Package 'src/bumperbot_cpp_examples' with type 'ros.ament_cmake' and name 'bumperbot_cpp_examples'
[1.348s] Level 1:colcon.colcon_core.package_identification:_identify(src/bumperbot_description) by extensions ['ignore', 'ignore_ament_install']
[1.348s] Level 1:colcon.colcon_core.package_identification:_identify(src/bumperbot_description) by extension 'ignore'
[1.348s] Level 1:colcon.colcon_core.package_identification:_identify(src/bumperbot_description) by extension 'ignore_ament_install'
[1.348s] Level 1:colcon.colcon_core.package_identification:_identify(src/bumperbot_description) by extensions ['colcon_pkg']
[1.349s] Level 1:colcon.colcon_core.package_identification:_identify(src/bumperbot_description) by extension 'colcon_pkg'
[1.349s] Level 1:colcon.colcon_core.package_identification:_identify(src/bumperbot_description) by extensions ['colcon_meta']
[1.349s] Level 1:colcon.colcon_core.package_identification:_identify(src/bumperbot_description) by extension 'colcon_meta'
[1.349s] Level 1:colcon.colcon_core.package_identification:_identify(src/bumperbot_description) by extensions ['ros']
[1.349s] Level 1:colcon.colcon_core.package_identification:_identify(src/bumperbot_description) by extension 'ros'
[1.349s] DEBUG:colcon.colcon_core.package_identification:Package 'src/bumperbot_description' with type 'ros.ament_cmake' and name 'bumperbot_description'
[1.349s] Level 1:colcon.colcon_core.package_identification:_identify(src/bumperbot_py_examples) by extensions ['ignore', 'ignore_ament_install']
[1.349s] Level 1:colcon.colcon_core.package_identification:_identify(src/bumperbot_py_examples) by extension 'ignore'
[1.350s] Level 1:colcon.colcon_core.package_identification:_identify(src/bumperbot_py_examples) by extension 'ignore_ament_install'
[1.350s] Level 1:colcon.colcon_core.package_identification:_identify(src/bumperbot_py_examples) by extensions ['colcon_pkg']
[1.350s] Level 1:colcon.colcon_core.package_identification:_identify(src/bumperbot_py_examples) by extension 'colcon_pkg'
[1.350s] Level 1:colcon.colcon_core.package_identification:_identify(src/bumperbot_py_examples) by extensions ['colcon_meta']
[1.350s] Level 1:colcon.colcon_core.package_identification:_identify(src/bumperbot_py_examples) by extension 'colcon_meta'
[1.350s] Level 1:colcon.colcon_core.package_identification:_identify(src/bumperbot_py_examples) by extensions ['ros']
[1.350s] Level 1:colcon.colcon_core.package_identification:_identify(src/bumperbot_py_examples) by extension 'ros'
[1.350s] DEBUG:colcon.colcon_core.package_identification:Package 'src/bumperbot_py_examples' with type 'ros.ament_python' and name 'bumperbot_py_examples'
[1.350s] Level 1:colcon.colcon_core.package_discovery:discover_packages(recursive) using defaults
[1.350s] Level 1:colcon.colcon_core.package_discovery:discover_packages(ignore) discover
[1.350s] Level 1:colcon.colcon_core.package_discovery:discover_packages(ignore) using defaults
[1.350s] Level 1:colcon.colcon_core.package_discovery:discover_packages(path) discover
[1.350s] Level 1:colcon.colcon_core.package_discovery:discover_packages(path) using defaults
[1.470s] Level 1:colcon.colcon_core.package_discovery:discover_packages(prefix_path) check parameters
[1.470s] Level 1:colcon.colcon_core.package_discovery:discover_packages(prefix_path) discover
[1.508s] DEBUG:colcon.colcon_installed_package_information.package_discovery:Found 403 installed packages in /opt/ros/humble
[1.510s] Level 1:colcon.colcon_core.package_discovery:discover_packages(prefix_path) using defaults
[1.650s] Level 5:colcon.colcon_core.verb:set package 'bumperbot_cpp_examples' build argument 'cmake_args' from command line to 'None'
[1.650s] Level 5:colcon.colcon_core.verb:set package 'bumperbot_cpp_examples' build argument 'cmake_target' from command line to 'None'
[1.650s] Level 5:colcon.colcon_core.verb:set package 'bumperbot_cpp_examples' build argument 'cmake_target_skip_unavailable' from command line to 'False'
[1.650s] Level 5:colcon.colcon_core.verb:set package 'bumperbot_cpp_examples' build argument 'cmake_clean_cache' from command line to 'False'
[1.650s] Level 5:colcon.colcon_core.verb:set package 'bumperbot_cpp_examples' build argument 'cmake_clean_first' from command line to 'False'
[1.650s] Level 5:colcon.colcon_core.verb:set package 'bumperbot_cpp_examples' build argument 'cmake_force_configure' from command line to 'False'
[1.650s] Level 5:colcon.colcon_core.verb:set package 'bumperbot_cpp_examples' build argument 'ament_cmake_args' from command line to 'None'
[1.650s] Level 5:colcon.colcon_core.verb:set package 'bumperbot_cpp_examples' build argument 'catkin_cmake_args' from command line to 'None'
[1.650s] Level 5:colcon.colcon_core.verb:set package 'bumperbot_cpp_examples' build argument 'catkin_skip_building_tests' from command line to 'False'
[1.651s] DEBUG:colcon.colcon_core.verb:Building package 'bumperbot_cpp_examples' with the following arguments: {'ament_cmake_args': None, 'build_base': '/home/meiling/bumperbot_ws/build/bumperbot_cpp_examples', 'catkin_cmake_args': None, 'catkin_skip_building_tests': False, 'cmake_args': None, 'cmake_clean_cache': False, 'cmake_clean_first': False, 'cmake_force_configure': False, 'cmake_target': None, 'cmake_target_skip_unavailable': False, 'install_base': '/home/meiling/bumperbot_ws/install/bumperbot_cpp_examples', 'merge_install': False, 'path': '/home/meiling/bumperbot_ws/src/bumperbot_cpp_examples', 'symlink_install': False, 'test_result_base': None}
[1.669s] Level 5:colcon.colcon_core.verb:set package 'bumperbot_description' build argument 'cmake_args' from command line to 'None'
[1.669s] Level 5:colcon.colcon_core.verb:set package 'bumperbot_description' build argument 'cmake_target' from command line to 'None'
[1.669s] Level 5:colcon.colcon_core.verb:set package 'bumperbot_description' build argument 'cmake_target_skip_unavailable' from command line to 'False'
[1.669s] Level 5:colcon.colcon_core.verb:set package 'bumperbot_description' build argument 'cmake_clean_cache' from command line to 'False'
[1.669s] Level 5:colcon.colcon_core.verb:set package 'bumperbot_description' build argument 'cmake_clean_first' from command line to 'False'
[1.669s] Level 5:colcon.colcon_core.verb:set package 'bumperbot_description' build argument 'cmake_force_configure' from command line to 'False'
[1.669s] Level 5:colcon.colcon_core.verb:set package 'bumperbot_description' build argument 'ament_cmake_args' from command line to 'None'
[1.669s] Level 5:colcon.colcon_core.verb:set package 'bumperbot_description' build argument 'catkin_cmake_args' from command line to 'None'
[1.669s] Level 5:colcon.colcon_core.verb:set package 'bumperbot_description' build argument 'catkin_skip_building_tests' from command line to 'False'
[1.669s] DEBUG:colcon.colcon_core.verb:Building package 'bumperbot_description' with the following arguments: {'ament_cmake_args': None, 'build_base': '/home/meiling/bumperbot_ws/build/bumperbot_description', 'catkin_cmake_args': None, 'catkin_skip_building_tests': False, 'cmake_args': None, 'cmake_clean_cache': False, 'cmake_clean_first': False, 'cmake_force_configure': False, 'cmake_target': None, 'cmake_target_skip_unavailable': False, 'install_base': '/home/meiling/bumperbot_ws/install/bumperbot_description', 'merge_install': False, 'path': '/home/meiling/bumperbot_ws/src/bumperbot_description', 'symlink_install': False, 'test_result_base': None}
[1.686s] Level 5:colcon.colcon_core.verb:set package 'bumperbot_py_examples' build argument 'cmake_args' from command line to 'None'
[1.686s] Level 5:colcon.colcon_core.verb:set package 'bumperbot_py_examples' build argument 'cmake_target' from command line to 'None'
[1.686s] Level 5:colcon.colcon_core.verb:set package 'bumperbot_py_examples' build argument 'cmake_target_skip_unavailable' from command line to 'False'
[1.686s] Level 5:colcon.colcon_core.verb:set package 'bumperbot_py_examples' build argument 'cmake_clean_cache' from command line to 'False'
[1.686s] Level 5:colcon.colcon_core.verb:set package 'bumperbot_py_examples' build argument 'cmake_clean_first' from command line to 'False'
[1.687s] Level 5:colcon.colcon_core.verb:set package 'bumperbot_py_examples' build argument 'cmake_force_configure' from command line to 'False'
[1.687s] Level 5:colcon.colcon_core.verb:set package 'bumperbot_py_examples' build argument 'ament_cmake_args' from command line to 'None'
[1.687s] Level 5:colcon.colcon_core.verb:set package 'bumperbot_py_examples' build argument 'catkin_cmake_args' from command line to 'None'
[1.687s] Level 5:colcon.colcon_core.verb:set package 'bumperbot_py_examples' build argument 'catkin_skip_building_tests' from command line to 'False'
[1.687s] DEBUG:colcon.colcon_core.verb:Building package 'bumperbot_py_examples' with the following arguments: {'ament_cmake_args': None, 'build_base': '/home/meiling/bumperbot_ws/build/bumperbot_py_examples', 'catkin_cmake_args': None, 'catkin_skip_building_tests': False, 'cmake_args': None, 'cmake_clean_cache': False, 'cmake_clean_first': False, 'cmake_force_configure': False, 'cmake_target': None, 'cmake_target_skip_unavailable': False, 'install_base': '/home/meiling/bumperbot_ws/install/bumperbot_py_examples', 'merge_install': False, 'path': '/home/meiling/bumperbot_ws/src/bumperbot_py_examples', 'symlink_install': False, 'test_result_base': None}
[1.704s] INFO:colcon.colcon_core.executor:Executing jobs using 'parallel' executor
[1.724s] DEBUG:colcon.colcon_parallel_executor.executor.parallel:run_until_complete
[1.724s] INFO:colcon.colcon_ros.task.ament_cmake.build:Building ROS package in '/home/meiling/bumperbot_ws/src/bumperbot_cpp_examples' with build type 'ament_cmake'
[1.724s] INFO:colcon.colcon_cmake.task.cmake.build:Building CMake package in '/home/meiling/bumperbot_ws/src/bumperbot_cpp_examples'
[1.747s] INFO:colcon.colcon_core.plugin_system:Skipping extension 'colcon_core.shell.bat': Not used on non-Windows systems
[1.747s] INFO:colcon.colcon_core.shell:Skip shell extension 'powershell' for command environment: Not usable outside of PowerShell
[1.747s] DEBUG:colcon.colcon_core.shell:Skip shell extension 'dsv' for command environment
[1.789s] INFO:colcon.colcon_ros.task.ament_cmake.build:Building ROS package in '/home/meiling/bumperbot_ws/src/bumperbot_description' with build type 'ament_cmake'
[1.789s] INFO:colcon.colcon_cmake.task.cmake.build:Building CMake package in '/home/meiling/bumperbot_ws/src/bumperbot_description'
[1.809s] INFO:colcon.colcon_core.shell:Skip shell extension 'powershell' for command environment: Not usable outside of PowerShell
[1.809s] DEBUG:colcon.colcon_core.shell:Skip shell extension 'dsv' for command environment
[1.853s] INFO:colcon.colcon_ros.task.ament_python.build:Building ROS package in '/home/meiling/bumperbot_ws/src/bumperbot_py_examples' with build type 'ament_python'
[1.853s] Level 1:colcon.colcon_core.shell:create_environment_hook('bumperbot_py_examples', 'ament_prefix_path')
[1.886s] INFO:colcon.colcon_core.shell:Creating environment hook '/home/meiling/bumperbot_ws/install/bumperbot_py_examples/share/bumperbot_py_examples/hook/ament_prefix_path.ps1'
[1.887s] INFO:colcon.colcon_core.shell:Creating environment descriptor '/home/meiling/bumperbot_ws/install/bumperbot_py_examples/share/bumperbot_py_examples/hook/ament_prefix_path.dsv'
[1.887s] INFO:colcon.colcon_core.shell:Creating environment hook '/home/meiling/bumperbot_ws/install/bumperbot_py_examples/share/bumperbot_py_examples/hook/ament_prefix_path.sh'
[1.910s] INFO:colcon.colcon_core.shell:Skip shell extension 'powershell' for command environment: Not usable outside of PowerShell
[1.910s] DEBUG:colcon.colcon_core.shell:Skip shell extension 'dsv' for command environment
[1.959s] DEBUG:colcon.colcon_core.event_handler.log_command:Invoking command in '/home/meiling/bumperbot_ws/build/bumperbot_cpp_examples': CMAKE_PREFIX_PATH=/opt/ros/humble /usr/bin/cmake --build /home/meiling/bumperbot_ws/build/bumperbot_cpp_examples -- -j8 -l8
[1.962s] DEBUG:colcon.colcon_core.event_handler.log_command:Invoking command in '/home/meiling/bumperbot_ws/build/bumperbot_description': CMAKE_PREFIX_PATH=/opt/ros/humble /usr/bin/cmake --build /home/meiling/bumperbot_ws/build/bumperbot_description -- -j8 -l8
[2.259s] INFO:colcon.colcon_core.task.python.build:Building Python package in '/home/meiling/bumperbot_ws/src/bumperbot_py_examples'
[2.283s] INFO:colcon.colcon_core.shell:Skip shell extension 'powershell' for command environment: Not usable outside of PowerShell
[2.284s] DEBUG:colcon.colcon_core.shell:Skip shell extension 'dsv' for command environment
[2.333s] DEBUG:colcon.colcon_core.event_handler.log_command:Invoked command in '/home/meiling/bumperbot_ws/build/bumperbot_description' returned '0': CMAKE_PREFIX_PATH=/opt/ros/humble /usr/bin/cmake --build /home/meiling/bumperbot_ws/build/bumperbot_description -- -j8 -l8
[2.335s] DEBUG:colcon.colcon_core.event_handler.log_command:Invoked command in '/home/meiling/bumperbot_ws/build/bumperbot_cpp_examples' returned '0': CMAKE_PREFIX_PATH=/opt/ros/humble /usr/bin/cmake --build /home/meiling/bumperbot_ws/build/bumperbot_cpp_examples -- -j8 -l8
[2.364s] DEBUG:colcon.colcon_core.event_handler.log_command:Invoking command in '/home/meiling/bumperbot_ws/build/bumperbot_description': CMAKE_PREFIX_PATH=/opt/ros/humble /usr/bin/cmake --install /home/meiling/bumperbot_ws/build/bumperbot_description
[2.368s] DEBUG:colcon.colcon_core.event_handler.log_command:Invoking command in '/home/meiling/bumperbot_ws/build/bumperbot_cpp_examples': CMAKE_PREFIX_PATH=/opt/ros/humble /usr/bin/cmake --install /home/meiling/bumperbot_ws/build/bumperbot_cpp_examples
[2.375s] Level 1:colcon.colcon_core.environment:create_environment_scripts_only(bumperbot_description)
[2.378s] DEBUG:colcon.colcon_core.event_handler.log_command:Invoked command in '/home/meiling/bumperbot_ws/build/bumperbot_description' returned '0': CMAKE_PREFIX_PATH=/opt/ros/humble /usr/bin/cmake --install /home/meiling/bumperbot_ws/build/bumperbot_description
[2.404s] Level 1:colcon.colcon_core.environment:checking '/home/meiling/bumperbot_ws/install/bumperbot_description' for CMake module files
[2.404s] Level 1:colcon.colcon_core.environment:checking '/home/meiling/bumperbot_ws/install/bumperbot_description' for CMake config files
[2.404s] Level 1:colcon.colcon_core.shell:create_environment_hook('bumperbot_description', 'cmake_prefix_path')
[2.423s] INFO:colcon.colcon_core.shell:Creating environment hook '/home/meiling/bumperbot_ws/install/bumperbot_description/share/bumperbot_description/hook/cmake_prefix_path.ps1'
[2.424s] INFO:colcon.colcon_core.shell:Creating environment descriptor '/home/meiling/bumperbot_ws/install/bumperbot_description/share/bumperbot_description/hook/cmake_prefix_path.dsv'
[2.424s] INFO:colcon.colcon_core.shell:Creating environment hook '/home/meiling/bumperbot_ws/install/bumperbot_description/share/bumperbot_description/hook/cmake_prefix_path.sh'
[2.425s] Level 1:colcon.colcon_core.environment:checking '/home/meiling/bumperbot_ws/install/bumperbot_description/bin'
[2.425s] Level 1:colcon.colcon_core.environment:checking '/home/meiling/bumperbot_ws/install/bumperbot_description/lib/pkgconfig/bumperbot_description.pc'
[2.425s] Level 1:colcon.colcon_core.environment:checking '/home/meiling/bumperbot_ws/install/bumperbot_description/lib/python3.10/site-packages'
[2.425s] Level 1:colcon.colcon_core.environment:checking '/home/meiling/bumperbot_ws/install/bumperbot_description/bin'
[2.446s] INFO:colcon.colcon_core.shell:Creating package script '/home/meiling/bumperbot_ws/install/bumperbot_description/share/bumperbot_description/package.ps1'
[2.447s] INFO:colcon.colcon_core.shell:Creating package descriptor '/home/meiling/bumperbot_ws/install/bumperbot_description/share/bumperbot_description/package.dsv'
[2.448s] INFO:colcon.colcon_core.shell:Creating package script '/home/meiling/bumperbot_ws/install/bumperbot_description/share/bumperbot_description/package.sh'
[2.448s] INFO:colcon.colcon_core.shell:Creating package script '/home/meiling/bumperbot_ws/install/bumperbot_description/share/bumperbot_description/package.bash'
[2.449s] INFO:colcon.colcon_core.shell:Creating package script '/home/meiling/bumperbot_ws/install/bumperbot_description/share/bumperbot_description/package.zsh'
[2.449s] Level 1:colcon.colcon_core.environment:create_file_with_runtime_dependencies(/home/meiling/bumperbot_ws/install/bumperbot_description/share/colcon-core/packages/bumperbot_description)
[2.451s] Level 1:colcon.colcon_core.environment:create_environment_scripts_only(bumperbot_cpp_examples)
[2.452s] DEBUG:colcon.colcon_core.event_handler.log_command:Invoked command in '/home/meiling/bumperbot_ws/build/bumperbot_cpp_examples' returned '0': CMAKE_PREFIX_PATH=/opt/ros/humble /usr/bin/cmake --install /home/meiling/bumperbot_ws/build/bumperbot_cpp_examples
[2.476s] Level 1:colcon.colcon_core.environment:checking '/home/meiling/bumperbot_ws/install/bumperbot_cpp_examples' for CMake module files
[2.477s] Level 1:colcon.colcon_core.environment:checking '/home/meiling/bumperbot_ws/install/bumperbot_cpp_examples' for CMake config files
[2.477s] Level 1:colcon.colcon_core.shell:create_environment_hook('bumperbot_cpp_examples', 'cmake_prefix_path')
[2.497s] INFO:colcon.colcon_core.shell:Creating environment hook '/home/meiling/bumperbot_ws/install/bumperbot_cpp_examples/share/bumperbot_cpp_examples/hook/cmake_prefix_path.ps1'
[2.498s] INFO:colcon.colcon_core.shell:Creating environment descriptor '/home/meiling/bumperbot_ws/install/bumperbot_cpp_examples/share/bumperbot_cpp_examples/hook/cmake_prefix_path.dsv'
[2.498s] INFO:colcon.colcon_core.shell:Creating environment hook '/home/meiling/bumperbot_ws/install/bumperbot_cpp_examples/share/bumperbot_cpp_examples/hook/cmake_prefix_path.sh'
[2.499s] Level 1:colcon.colcon_core.environment:checking '/home/meiling/bumperbot_ws/install/bumperbot_cpp_examples/lib'
[2.499s] Level 1:colcon.colcon_core.environment:checking '/home/meiling/bumperbot_ws/install/bumperbot_cpp_examples/bin'
[2.499s] Level 1:colcon.colcon_core.environment:checking '/home/meiling/bumperbot_ws/install/bumperbot_cpp_examples/lib/pkgconfig/bumperbot_cpp_examples.pc'
[2.499s] Level 1:colcon.colcon_core.environment:checking '/home/meiling/bumperbot_ws/install/bumperbot_cpp_examples/lib/python3.10/site-packages'
[2.499s] Level 1:colcon.colcon_core.environment:checking '/home/meiling/bumperbot_ws/install/bumperbot_cpp_examples/bin'
[2.518s] INFO:colcon.colcon_core.shell:Creating package script '/home/meiling/bumperbot_ws/install/bumperbot_cpp_examples/share/bumperbot_cpp_examples/package.ps1'
[2.518s] INFO:colcon.colcon_core.shell:Creating package descriptor '/home/meiling/bumperbot_ws/install/bumperbot_cpp_examples/share/bumperbot_cpp_examples/package.dsv'
[2.519s] INFO:colcon.colcon_core.shell:Creating package script '/home/meiling/bumperbot_ws/install/bumperbot_cpp_examples/share/bumperbot_cpp_examples/package.sh'
[2.520s] INFO:colcon.colcon_core.shell:Creating package script '/home/meiling/bumperbot_ws/install/bumperbot_cpp_examples/share/bumperbot_cpp_examples/package.bash'
[2.520s] INFO:colcon.colcon_core.shell:Creating package script '/home/meiling/bumperbot_ws/install/bumperbot_cpp_examples/share/bumperbot_cpp_examples/package.zsh'
[2.520s] Level 1:colcon.colcon_core.environment:create_file_with_runtime_dependencies(/home/meiling/bumperbot_ws/install/bumperbot_cpp_examples/share/colcon-core/packages/bumperbot_cpp_examples)
[2.546s] Level 1:colcon.colcon_core.environment:create_environment_scripts_only(bumperbot_description)
[2.568s] Level 1:colcon.colcon_core.environment:checking '/home/meiling/bumperbot_ws/install/bumperbot_description' for CMake module files
[2.568s] Level 1:colcon.colcon_core.environment:checking '/home/meiling/bumperbot_ws/install/bumperbot_description' for CMake config files
[2.568s] Level 1:colcon.colcon_core.shell:create_environment_hook('bumperbot_description', 'cmake_prefix_path')
[2.587s] INFO:colcon.colcon_core.shell:Creating environment hook '/home/meiling/bumperbot_ws/install/bumperbot_description/share/bumperbot_description/hook/cmake_prefix_path.ps1'
[2.588s] INFO:colcon.colcon_core.shell:Creating environment descriptor '/home/meiling/bumperbot_ws/install/bumperbot_description/share/bumperbot_description/hook/cmake_prefix_path.dsv'
[2.588s] INFO:colcon.colcon_core.shell:Creating environment hook '/home/meiling/bumperbot_ws/install/bumperbot_description/share/bumperbot_description/hook/cmake_prefix_path.sh'
[2.589s] Level 1:colcon.colcon_core.environment:checking '/home/meiling/bumperbot_ws/install/bumperbot_description/bin'
[2.589s] Level 1:colcon.colcon_core.environment:checking '/home/meiling/bumperbot_ws/install/bumperbot_description/lib/pkgconfig/bumperbot_description.pc'
[2.589s] Level 1:colcon.colcon_core.environment:checking '/home/meiling/bumperbot_ws/install/bumperbot_description/lib/python3.10/site-packages'
[2.589s] Level 1:colcon.colcon_core.environment:checking '/home/meiling/bumperbot_ws/install/bumperbot_description/bin'
[2.609s] INFO:colcon.colcon_core.shell:Creating package script '/home/meiling/bumperbot_ws/install/bumperbot_description/share/bumperbot_description/package.ps1'
[2.609s] INFO:colcon.colcon_core.shell:Creating package descriptor '/home/meiling/bumperbot_ws/install/bumperbot_description/share/bumperbot_description/package.dsv'
[2.610s] INFO:colcon.colcon_core.shell:Creating package script '/home/meiling/bumperbot_ws/install/bumperbot_description/share/bumperbot_description/package.sh'
[2.610s] INFO:colcon.colcon_core.shell:Creating package script '/home/meiling/bumperbot_ws/install/bumperbot_description/share/bumperbot_description/package.bash'
[2.610s] INFO:colcon.colcon_core.shell:Creating package script '/home/meiling/bumperbot_ws/install/bumperbot_description/share/bumperbot_description/package.zsh'
[2.611s] Level 1:colcon.colcon_core.environment:create_file_with_runtime_dependencies(/home/meiling/bumperbot_ws/install/bumperbot_description/share/colcon-core/packages/bumperbot_description)
[2.635s] Level 1:colcon.colcon_core.environment:create_environment_scripts_only(bumperbot_cpp_examples)
[2.658s] Level 1:colcon.colcon_core.environment:checking '/home/meiling/bumperbot_ws/install/bumperbot_cpp_examples' for CMake module files
[2.658s] Level 1:colcon.colcon_core.environment:checking '/home/meiling/bumperbot_ws/install/bumperbot_cpp_examples' for CMake config files
[2.659s] Level 1:colcon.colcon_core.shell:create_environment_hook('bumperbot_cpp_examples', 'cmake_prefix_path')
[2.680s] INFO:colcon.colcon_core.shell:Creating environment hook '/home/meiling/bumperbot_ws/install/bumperbot_cpp_examples/share/bumperbot_cpp_examples/hook/cmake_prefix_path.ps1'
[2.680s] INFO:colcon.colcon_core.shell:Creating environment descriptor '/home/meiling/bumperbot_ws/install/bumperbot_cpp_examples/share/bumperbot_cpp_examples/hook/cmake_prefix_path.dsv'
[2.681s] INFO:colcon.colcon_core.shell:Creating environment hook '/home/meiling/bumperbot_ws/install/bumperbot_cpp_examples/share/bumperbot_cpp_examples/hook/cmake_prefix_path.sh'
[2.681s] Level 1:colcon.colcon_core.environment:checking '/home/meiling/bumperbot_ws/install/bumperbot_cpp_examples/lib'
[2.682s] Level 1:colcon.colcon_core.environment:checking '/home/meiling/bumperbot_ws/install/bumperbot_cpp_examples/bin'
[2.682s] Level 1:colcon.colcon_core.environment:checking '/home/meiling/bumperbot_ws/install/bumperbot_cpp_examples/lib/pkgconfig/bumperbot_cpp_examples.pc'
[2.682s] Level 1:colcon.colcon_core.environment:checking '/home/meiling/bumperbot_ws/install/bumperbot_cpp_examples/lib/python3.10/site-packages'
[2.682s] Level 1:colcon.colcon_core.environment:checking '/home/meiling/bumperbot_ws/install/bumperbot_cpp_examples/bin'
[2.701s] INFO:colcon.colcon_core.shell:Creating package script '/home/meiling/bumperbot_ws/install/bumperbot_cpp_examples/share/bumperbot_cpp_examples/package.ps1'
[2.702s] INFO:colcon.colcon_core.shell:Creating package descriptor '/home/meiling/bumperbot_ws/install/bumperbot_cpp_examples/share/bumperbot_cpp_examples/package.dsv'
[2.702s] INFO:colcon.colcon_core.shell:Creating package script '/home/meiling/bumperbot_ws/install/bumperbot_cpp_examples/share/bumperbot_cpp_examples/package.sh'
[2.703s] INFO:colcon.colcon_core.shell:Creating package script '/home/meiling/bumperbot_ws/install/bumperbot_cpp_examples/share/bumperbot_cpp_examples/package.bash'
[2.703s] INFO:colcon.colcon_core.shell:Creating package script '/home/meiling/bumperbot_ws/install/bumperbot_cpp_examples/share/bumperbot_cpp_examples/package.zsh'
[2.703s] Level 1:colcon.colcon_core.environment:create_file_with_runtime_dependencies(/home/meiling/bumperbot_ws/install/bumperbot_cpp_examples/share/colcon-core/packages/bumperbot_cpp_examples)
[2.761s] DEBUG:colcon.colcon_core.event_handler.log_command:Invoking command in '/home/meiling/bumperbot_ws/src/bumperbot_py_examples': PYTHONPATH=/home/meiling/bumperbot_ws/build/bumperbot_py_examples/prefix_override:/home/meiling/bumperbot_ws/install/bumperbot_py_examples/lib/python3.10/site-packages:${PYTHONPATH} /usr/bin/python3 setup.py egg_info --egg-base ../../build/bumperbot_py_examples build --build-base /home/meiling/bumperbot_ws/build/bumperbot_py_examples/build install --record /home/meiling/bumperbot_ws/build/bumperbot_py_examples/install.log --single-version-externally-managed
[3.123s] DEBUG:colcon.colcon_core.event_handler.log_command:Invoked command in '/home/meiling/bumperbot_ws/src/bumperbot_py_examples' returned '0': PYTHONPATH=/home/meiling/bumperbot_ws/build/bumperbot_py_examples/prefix_override:/home/meiling/bumperbot_ws/install/bumperbot_py_examples/lib/python3.10/site-packages:${PYTHONPATH} /usr/bin/python3 setup.py egg_info --egg-base ../../build/bumperbot_py_examples build --build-base /home/meiling/bumperbot_ws/build/bumperbot_py_examples/build install --record /home/meiling/bumperbot_ws/build/bumperbot_py_examples/install.log --single-version-externally-managed
[3.146s] Level 1:colcon.colcon_core.environment:checking '/home/meiling/bumperbot_ws/install/bumperbot_py_examples' for CMake module files
[3.147s] Level 1:colcon.colcon_core.environment:checking '/home/meiling/bumperbot_ws/install/bumperbot_py_examples' for CMake config files
[3.147s] Level 1:colcon.colcon_core.environment:checking '/home/meiling/bumperbot_ws/install/bumperbot_py_examples/lib'
[3.147s] Level 1:colcon.colcon_core.environment:checking '/home/meiling/bumperbot_ws/install/bumperbot_py_examples/bin'
[3.147s] Level 1:colcon.colcon_core.environment:checking '/home/meiling/bumperbot_ws/install/bumperbot_py_examples/lib/pkgconfig/bumperbot_py_examples.pc'
[3.148s] Level 1:colcon.colcon_core.environment:checking '/home/meiling/bumperbot_ws/install/bumperbot_py_examples/lib/python3.10/site-packages'
[3.148s] Level 1:colcon.colcon_core.shell:create_environment_hook('bumperbot_py_examples', 'pythonpath')
[3.169s] INFO:colcon.colcon_core.shell:Creating environment hook '/home/meiling/bumperbot_ws/install/bumperbot_py_examples/share/bumperbot_py_examples/hook/pythonpath.ps1'
[3.170s] INFO:colcon.colcon_core.shell:Creating environment descriptor '/home/meiling/bumperbot_ws/install/bumperbot_py_examples/share/bumperbot_py_examples/hook/pythonpath.dsv'
[3.170s] INFO:colcon.colcon_core.shell:Creating environment hook '/home/meiling/bumperbot_ws/install/bumperbot_py_examples/share/bumperbot_py_examples/hook/pythonpath.sh'
[3.170s] Level 1:colcon.colcon_core.environment:checking '/home/meiling/bumperbot_ws/install/bumperbot_py_examples/bin'
[3.171s] Level 1:colcon.colcon_core.environment:create_environment_scripts_only(bumperbot_py_examples)
[3.190s] INFO:colcon.colcon_core.shell:Creating package script '/home/meiling/bumperbot_ws/install/bumperbot_py_examples/share/bumperbot_py_examples/package.ps1'
[3.191s] INFO:colcon.colcon_core.shell:Creating package descriptor '/home/meiling/bumperbot_ws/install/bumperbot_py_examples/share/bumperbot_py_examples/package.dsv'
[3.191s] INFO:colcon.colcon_core.shell:Creating package script '/home/meiling/bumperbot_ws/install/bumperbot_py_examples/share/bumperbot_py_examples/package.sh'
[3.192s] INFO:colcon.colcon_core.shell:Creating package script '/home/meiling/bumperbot_ws/install/bumperbot_py_examples/share/bumperbot_py_examples/package.bash'
[3.192s] INFO:colcon.colcon_core.shell:Creating package script '/home/meiling/bumperbot_ws/install/bumperbot_py_examples/share/bumperbot_py_examples/package.zsh'
[3.193s] Level 1:colcon.colcon_core.environment:create_file_with_runtime_dependencies(/home/meiling/bumperbot_ws/install/bumperbot_py_examples/share/colcon-core/packages/bumperbot_py_examples)
[3.193s] DEBUG:colcon.colcon_parallel_executor.executor.parallel:closing loop
[3.193s] DEBUG:colcon.colcon_parallel_executor.executor.parallel:loop closed
[3.193s] DEBUG:colcon.colcon_parallel_executor.executor.parallel:run_until_complete finished with '0'
[3.194s] DEBUG:colcon.colcon_core.event_reactor:joining thread
[3.223s] INFO:colcon.colcon_core.plugin_system:Skipping extension 'colcon_notification.desktop_notification.terminal_notifier': Not used on non-Darwin systems
[3.223s] INFO:colcon.colcon_core.plugin_system:Skipping extension 'colcon_notification.desktop_notification.win32': Not used on non-Windows systems
[3.223s] INFO:colcon.colcon_notification.desktop_notification:Sending desktop notification using 'notify2'
[3.235s] DEBUG:colcon.colcon_core.event_reactor:joined thread
[3.255s] INFO:colcon.colcon_core.shell:Creating prefix script '/home/meiling/bumperbot_ws/install/local_setup.ps1'
[3.256s] INFO:colcon.colcon_core.shell:Creating prefix util module '/home/meiling/bumperbot_ws/install/_local_setup_util_ps1.py'
[3.257s] INFO:colcon.colcon_core.shell:Creating prefix chain script '/home/meiling/bumperbot_ws/install/setup.ps1'
[3.278s] INFO:colcon.colcon_core.shell:Creating prefix script '/home/meiling/bumperbot_ws/install/local_setup.sh'
[3.279s] INFO:colcon.colcon_core.shell:Creating prefix util module '/home/meiling/bumperbot_ws/install/_local_setup_util_sh.py'
[3.279s] INFO:colcon.colcon_core.shell:Creating prefix chain script '/home/meiling/bumperbot_ws/install/setup.sh'
[3.300s] INFO:colcon.colcon_core.shell:Creating prefix script '/home/meiling/bumperbot_ws/install/local_setup.bash'
[3.300s] INFO:colcon.colcon_core.shell:Creating prefix chain script '/home/meiling/bumperbot_ws/install/setup.bash'
[3.319s] INFO:colcon.colcon_core.shell:Creating prefix script '/home/meiling/bumperbot_ws/install/local_setup.zsh'
[3.320s] INFO:colcon.colcon_core.shell:Creating prefix chain script '/home/meiling/bumperbot_ws/install/setup.zsh'
