[1.090s] Invoking command in '/home/meiling/bumperbot_ws/src/bumperbot_py_examples': PYTHONPATH=/home/meiling/bumperbot_ws/build/bumperbot_py_examples/prefix_override:/home/meiling/bumperbot_ws/install/bumperbot_py_examples/lib/python3.10/site-packages:${PYTHONPATH} /usr/bin/python3 setup.py egg_info --egg-base ../../build/bumperbot_py_examples build --build-base /home/meiling/bumperbot_ws/build/bumperbot_py_examples/build install --record /home/meiling/bumperbot_ws/build/bumperbot_py_examples/install.log --single-version-externally-managed
[1.356s] running egg_info
[1.356s] creating ../../build/bumperbot_py_examples/bumperbot_py_examples.egg-info
[1.357s] writing ../../build/bumperbot_py_examples/bumperbot_py_examples.egg-info/PKG-INFO
[1.357s] writing dependency_links to ../../build/bumperbot_py_examples/bumperbot_py_examples.egg-info/dependency_links.txt
[1.357s] writing entry points to ../../build/bumperbot_py_examples/bumperbot_py_examples.egg-info/entry_points.txt
[1.357s] writing requirements to ../../build/bumperbot_py_examples/bumperbot_py_examples.egg-info/requires.txt
[1.357s] writing top-level names to ../../build/bumperbot_py_examples/bumperbot_py_examples.egg-info/top_level.txt
[1.357s] writing manifest file '../../build/bumperbot_py_examples/bumperbot_py_examples.egg-info/SOURCES.txt'
[1.358s] reading manifest file '../../build/bumperbot_py_examples/bumperbot_py_examples.egg-info/SOURCES.txt'
[1.359s] writing manifest file '../../build/bumperbot_py_examples/bumperbot_py_examples.egg-info/SOURCES.txt'
[1.359s] running build
[1.359s] running build_py
[1.359s] creating /home/meiling/bumperbot_ws/build/bumperbot_py_examples/build
[1.360s] creating /home/meiling/bumperbot_ws/build/bumperbot_py_examples/build/lib
[1.360s] creating /home/meiling/bumperbot_ws/build/bumperbot_py_examples/build/lib/bumperbot_py_examples
[1.360s] copying bumperbot_py_examples/__init__.py -> /home/meiling/bumperbot_ws/build/bumperbot_py_examples/build/lib/bumperbot_py_examples
[1.360s] running install
[1.360s] /usr/lib/python3/dist-packages/setuptools/command/install.py:34: SetuptoolsDeprecationWarning: setup.py install is deprecated. Use build and pip and other standards-based tools.
[1.360s]   warnings.warn(
[1.360s] running install_lib
[1.362s] creating /home/meiling/bumperbot_ws/install/bumperbot_py_examples/lib/python3.10/site-packages/bumperbot_py_examples
[1.362s] copying /home/meiling/bumperbot_ws/build/bumperbot_py_examples/build/lib/bumperbot_py_examples/__init__.py -> /home/meiling/bumperbot_ws/install/bumperbot_py_examples/lib/python3.10/site-packages/bumperbot_py_examples
[1.362s] byte-compiling /home/meiling/bumperbot_ws/install/bumperbot_py_examples/lib/python3.10/site-packages/bumperbot_py_examples/__init__.py to __init__.cpython-310.pyc
[1.363s] running install_data
[1.364s] creating /home/meiling/bumperbot_ws/install/bumperbot_py_examples/share/ament_index
[1.364s] creating /home/meiling/bumperbot_ws/install/bumperbot_py_examples/share/ament_index/resource_index
[1.364s] creating /home/meiling/bumperbot_ws/install/bumperbot_py_examples/share/ament_index/resource_index/packages
[1.364s] copying resource/bumperbot_py_examples -> /home/meiling/bumperbot_ws/install/bumperbot_py_examples/share/ament_index/resource_index/packages
[1.364s] copying package.xml -> /home/meiling/bumperbot_ws/install/bumperbot_py_examples/share/bumperbot_py_examples
[1.364s] running install_egg_info
[1.366s] Copying ../../build/bumperbot_py_examples/bumperbot_py_examples.egg-info to /home/meiling/bumperbot_ws/install/bumperbot_py_examples/lib/python3.10/site-packages/bumperbot_py_examples-0.0.0-py3.10.egg-info
[1.367s] running install_scripts
[1.388s] writing list of installed files to '/home/meiling/bumperbot_ws/build/bumperbot_py_examples/install.log'
[1.413s] Invoked command in '/home/meiling/bumperbot_ws/src/bumperbot_py_examples' returned '0': PYTHONPATH=/home/meiling/bumperbot_ws/build/bumperbot_py_examples/prefix_override:/home/meiling/bumperbot_ws/install/bumperbot_py_examples/lib/python3.10/site-packages:${PYTHONPATH} /usr/bin/python3 setup.py egg_info --egg-base ../../build/bumperbot_py_examples build --build-base /home/meiling/bumperbot_ws/build/bumperbot_py_examples/build install --record /home/meiling/bumperbot_ws/build/bumperbot_py_examples/install.log --single-version-externally-managed
