[0.180s] Invoking command in '/home/meiling/bumperbot_ws/build/bumperbot_description': CMAKE_PREFIX_PATH=/opt/ros/humble /usr/bin/cmake /home/meiling/bumperbot_ws/src/bumperbot_description -DCMAKE_INSTALL_PREFIX=/home/meiling/bumperbot_ws/install/bumperbot_description
[0.286s] -- The C compiler identification is GNU 11.4.0
[0.350s] -- The CXX compiler identification is GNU 11.4.0
[0.363s] -- Detecting C compiler ABI info
[0.436s] -- Detecting C compiler ABI info - done
[0.448s] -- Check for working C compiler: /usr/bin/cc - skipped
[0.472s] -- Detecting C compile features
[0.473s] -- Detecting C compile features - done
[0.477s] -- Detecting CXX compiler ABI info
[0.564s] -- Detecting CXX compiler ABI info - done
[0.575s] -- Check for working CXX compiler: /usr/bin/c++ - skipped
[0.576s] -- Detecting CXX compile features
[0.578s] -- Detecting CXX compile features - done
[0.596s] -- Found ament_cmake: 1.3.5 (/opt/ros/humble/share/ament_cmake/cmake)
[0.803s] -- Found Python3: /usr/bin/python3.10 (found version "3.10.12") found components: Interpreter 
[0.948s] -- Found ament_lint_auto: 0.12.8 (/opt/ros/humble/share/ament_lint_auto/cmake)
[1.077s] -- Added test 'lint_cmake' to check CMake code style
[1.079s] -- Added test 'xmllint' to check XML markup files
[1.082s] -- Configuring done
[1.086s] -- Generating done
[1.088s] -- Build files have been written to: /home/meiling/bumperbot_ws/build/bumperbot_description
[1.095s] Invoked command in '/home/meiling/bumperbot_ws/build/bumperbot_description' returned '0': CMAKE_PREFIX_PATH=/opt/ros/humble /usr/bin/cmake /home/meiling/bumperbot_ws/src/bumperbot_description -DCMAKE_INSTALL_PREFIX=/home/meiling/bumperbot_ws/install/bumperbot_description
[1.097s] Invoking command in '/home/meiling/bumperbot_ws/build/bumperbot_description': CMAKE_PREFIX_PATH=/opt/ros/humble /usr/bin/cmake --build /home/meiling/bumperbot_ws/build/bumperbot_description -- -j8 -l8
[1.139s] Invoked command in '/home/meiling/bumperbot_ws/build/bumperbot_description' returned '0': CMAKE_PREFIX_PATH=/opt/ros/humble /usr/bin/cmake --build /home/meiling/bumperbot_ws/build/bumperbot_description -- -j8 -l8
[1.164s] Invoking command in '/home/meiling/bumperbot_ws/build/bumperbot_description': CMAKE_PREFIX_PATH=/opt/ros/humble /usr/bin/cmake --install /home/meiling/bumperbot_ws/build/bumperbot_description
[1.172s] -- Install configuration: ""
[1.172s] -- Installing: /home/meiling/bumperbot_ws/install/bumperbot_description/share/ament_index/resource_index/package_run_dependencies/bumperbot_description
[1.172s] -- Installing: /home/meiling/bumperbot_ws/install/bumperbot_description/share/ament_index/resource_index/parent_prefix_path/bumperbot_description
[1.173s] -- Installing: /home/meiling/bumperbot_ws/install/bumperbot_description/share/bumperbot_description/environment/ament_prefix_path.sh
[1.173s] -- Installing: /home/meiling/bumperbot_ws/install/bumperbot_description/share/bumperbot_description/environment/ament_prefix_path.dsv
[1.173s] -- Installing: /home/meiling/bumperbot_ws/install/bumperbot_description/share/bumperbot_description/environment/path.sh
[1.173s] -- Installing: /home/meiling/bumperbot_ws/install/bumperbot_description/share/bumperbot_description/environment/path.dsv
[1.174s] -- Installing: /home/meiling/bumperbot_ws/install/bumperbot_description/share/bumperbot_description/local_setup.bash
[1.174s] -- Installing: /home/meiling/bumperbot_ws/install/bumperbot_description/share/bumperbot_description/local_setup.sh
[1.174s] -- Installing: /home/meiling/bumperbot_ws/install/bumperbot_description/share/bumperbot_description/local_setup.zsh
[1.174s] -- Installing: /home/meiling/bumperbot_ws/install/bumperbot_description/share/bumperbot_description/local_setup.dsv
[1.175s] -- Installing: /home/meiling/bumperbot_ws/install/bumperbot_description/share/bumperbot_description/package.dsv
[1.175s] -- Installing: /home/meiling/bumperbot_ws/install/bumperbot_description/share/ament_index/resource_index/packages/bumperbot_description
[1.175s] -- Installing: /home/meiling/bumperbot_ws/install/bumperbot_description/share/bumperbot_description/cmake/bumperbot_descriptionConfig.cmake
[1.175s] -- Installing: /home/meiling/bumperbot_ws/install/bumperbot_description/share/bumperbot_description/cmake/bumperbot_descriptionConfig-version.cmake
[1.175s] -- Installing: /home/meiling/bumperbot_ws/install/bumperbot_description/share/bumperbot_description/package.xml
[1.178s] Invoked command in '/home/meiling/bumperbot_ws/build/bumperbot_description' returned '0': CMAKE_PREFIX_PATH=/opt/ros/humble /usr/bin/cmake --install /home/meiling/bumperbot_ws/build/bumperbot_description
