[1.151s] DEBUG:colcon:Command line arguments: ['/usr/bin/colcon', 'build']
[1.151s] DEBUG:colcon:Parsed command line arguments: Namespace(log_base=None, log_level=None, verb_name='build', build_base='build', install_base='install', merge_install=False, symlink_install=False, test_result_base=None, continue_on_error=False, executor='parallel', parallel_workers=8, event_handlers=None, ignore_user_meta=False, metas=['./colcon.meta'], base_paths=['.'], packages_ignore=None, packages_ignore_regex=None, paths=None, packages_up_to=None, packages_up_to_regex=None, packages_above=None, packages_above_and_dependencies=None, packages_above_depth=None, packages_select_by_dep=None, packages_skip_by_dep=None, packages_skip_up_to=None, packages_select_build_failed=False, packages_skip_build_finished=False, packages_select_test_failures=False, packages_skip_test_passed=False, packages_select=None, packages_skip=None, packages_select_regex=None, packages_skip_regex=None, packages_start=None, packages_end=None, allow_overriding=[], cmake_args=None, cmake_target=None, cmake_target_skip_unavailable=False, cmake_clean_cache=False, cmake_clean_first=False, cmake_force_configure=False, ament_cmake_args=None, catkin_cmake_args=None, catkin_skip_building_tests=False, verb_parser=<colcon_defaults.argument_parser.defaults.DefaultArgumentsDecorator object at 0x7f67f4125db0>, verb_extension=<colcon_core.verb.build.BuildVerb object at 0x7f67f4126c20>, main=<bound method BuildVerb.main of <colcon_core.verb.build.BuildVerb object at 0x7f67f4126c20>>)
[1.207s] Level 1:colcon.colcon_core.package_discovery:discover_packages(colcon_meta) check parameters
[1.207s] Level 1:colcon.colcon_core.package_discovery:discover_packages(recursive) check parameters
[1.207s] Level 1:colcon.colcon_core.package_discovery:discover_packages(ignore) check parameters
[1.207s] Level 1:colcon.colcon_core.package_discovery:discover_packages(path) check parameters
[1.207s] Level 1:colcon.colcon_core.package_discovery:discover_packages(colcon_meta) discover
[1.207s] Level 1:colcon.colcon_core.package_discovery:discover_packages(recursive) discover
[1.207s] INFO:colcon.colcon_core.package_discovery:Crawling recursively for packages in '/home/meiling/bumperbot_ws'
[1.207s] Level 1:colcon.colcon_core.package_identification:_identify(.) by extensions ['ignore', 'ignore_ament_install']
[1.207s] Level 1:colcon.colcon_core.package_identification:_identify(.) by extension 'ignore'
[1.208s] Level 1:colcon.colcon_core.package_identification:_identify(.) by extension 'ignore_ament_install'
[1.208s] Level 1:colcon.colcon_core.package_identification:_identify(.) by extensions ['colcon_pkg']
[1.208s] Level 1:colcon.colcon_core.package_identification:_identify(.) by extension 'colcon_pkg'
[1.208s] Level 1:colcon.colcon_core.package_identification:_identify(.) by extensions ['colcon_meta']
[1.208s] Level 1:colcon.colcon_core.package_identification:_identify(.) by extension 'colcon_meta'
[1.208s] Level 1:colcon.colcon_core.package_identification:_identify(.) by extensions ['ros']
[1.208s] Level 1:colcon.colcon_core.package_identification:_identify(.) by extension 'ros'
[1.223s] Level 1:colcon.colcon_core.package_identification:_identify(.) by extensions ['cmake', 'python']
[1.223s] Level 1:colcon.colcon_core.package_identification:_identify(.) by extension 'cmake'
[1.223s] Level 1:colcon.colcon_core.package_identification:_identify(.) by extension 'python'
[1.223s] Level 1:colcon.colcon_core.package_identification:_identify(.) by extensions ['python_setup_py']
[1.223s] Level 1:colcon.colcon_core.package_identification:_identify(.) by extension 'python_setup_py'
[1.223s] Level 1:colcon.colcon_core.package_identification:_identify(build) by extensions ['ignore', 'ignore_ament_install']
[1.223s] Level 1:colcon.colcon_core.package_identification:_identify(build) by extension 'ignore'
[1.223s] Level 1:colcon.colcon_core.package_identification:_identify(build) ignored
[1.223s] Level 1:colcon.colcon_core.package_identification:_identify(install) by extensions ['ignore', 'ignore_ament_install']
[1.223s] Level 1:colcon.colcon_core.package_identification:_identify(install) by extension 'ignore'
[1.224s] Level 1:colcon.colcon_core.package_identification:_identify(install) ignored
[1.224s] Level 1:colcon.colcon_core.package_identification:_identify(log) by extensions ['ignore', 'ignore_ament_install']
[1.224s] Level 1:colcon.colcon_core.package_identification:_identify(log) by extension 'ignore'
[1.224s] Level 1:colcon.colcon_core.package_identification:_identify(log) ignored
[1.224s] Level 1:colcon.colcon_core.package_identification:_identify(src) by extensions ['ignore', 'ignore_ament_install']
[1.224s] Level 1:colcon.colcon_core.package_identification:_identify(src) by extension 'ignore'
[1.224s] Level 1:colcon.colcon_core.package_identification:_identify(src) by extension 'ignore_ament_install'
[1.224s] Level 1:colcon.colcon_core.package_identification:_identify(src) by extensions ['colcon_pkg']
[1.224s] Level 1:colcon.colcon_core.package_identification:_identify(src) by extension 'colcon_pkg'
[1.225s] Level 1:colcon.colcon_core.package_identification:_identify(src) by extensions ['colcon_meta']
[1.225s] Level 1:colcon.colcon_core.package_identification:_identify(src) by extension 'colcon_meta'
[1.225s] Level 1:colcon.colcon_core.package_identification:_identify(src) by extensions ['ros']
[1.225s] Level 1:colcon.colcon_core.package_identification:_identify(src) by extension 'ros'
[1.225s] Level 1:colcon.colcon_core.package_identification:_identify(src) by extensions ['cmake', 'python']
[1.225s] Level 1:colcon.colcon_core.package_identification:_identify(src) by extension 'cmake'
[1.225s] Level 1:colcon.colcon_core.package_identification:_identify(src) by extension 'python'
[1.225s] Level 1:colcon.colcon_core.package_identification:_identify(src) by extensions ['python_setup_py']
[1.225s] Level 1:colcon.colcon_core.package_identification:_identify(src) by extension 'python_setup_py'
[1.225s] Level 1:colcon.colcon_core.package_identification:_identify(src/bumperbot_cpp_examples) by extensions ['ignore', 'ignore_ament_install']
[1.225s] Level 1:colcon.colcon_core.package_identification:_identify(src/bumperbot_cpp_examples) by extension 'ignore'
[1.225s] Level 1:colcon.colcon_core.package_identification:_identify(src/bumperbot_cpp_examples) by extension 'ignore_ament_install'
[1.225s] Level 1:colcon.colcon_core.package_identification:_identify(src/bumperbot_cpp_examples) by extensions ['colcon_pkg']
[1.225s] Level 1:colcon.colcon_core.package_identification:_identify(src/bumperbot_cpp_examples) by extension 'colcon_pkg'
[1.226s] Level 1:colcon.colcon_core.package_identification:_identify(src/bumperbot_cpp_examples) by extensions ['colcon_meta']
[1.226s] Level 1:colcon.colcon_core.package_identification:_identify(src/bumperbot_cpp_examples) by extension 'colcon_meta'
[1.226s] Level 1:colcon.colcon_core.package_identification:_identify(src/bumperbot_cpp_examples) by extensions ['ros']
[1.226s] Level 1:colcon.colcon_core.package_identification:_identify(src/bumperbot_cpp_examples) by extension 'ros'
[1.230s] DEBUG:colcon.colcon_core.package_identification:Package 'src/bumperbot_cpp_examples' with type 'ros.ament_cmake' and name 'bumperbot_cpp_examples'
[1.230s] Level 1:colcon.colcon_core.package_identification:_identify(src/bumperbot_description) by extensions ['ignore', 'ignore_ament_install']
[1.230s] Level 1:colcon.colcon_core.package_identification:_identify(src/bumperbot_description) by extension 'ignore'
[1.230s] Level 1:colcon.colcon_core.package_identification:_identify(src/bumperbot_description) by extension 'ignore_ament_install'
[1.230s] Level 1:colcon.colcon_core.package_identification:_identify(src/bumperbot_description) by extensions ['colcon_pkg']
[1.230s] Level 1:colcon.colcon_core.package_identification:_identify(src/bumperbot_description) by extension 'colcon_pkg'
[1.230s] Level 1:colcon.colcon_core.package_identification:_identify(src/bumperbot_description) by extensions ['colcon_meta']
[1.230s] Level 1:colcon.colcon_core.package_identification:_identify(src/bumperbot_description) by extension 'colcon_meta'
[1.230s] Level 1:colcon.colcon_core.package_identification:_identify(src/bumperbot_description) by extensions ['ros']
[1.230s] Level 1:colcon.colcon_core.package_identification:_identify(src/bumperbot_description) by extension 'ros'
[1.231s] DEBUG:colcon.colcon_core.package_identification:Package 'src/bumperbot_description' with type 'ros.ament_cmake' and name 'bumperbot_description'
[1.231s] Level 1:colcon.colcon_core.package_identification:_identify(src/bumperbot_py_examples) by extensions ['ignore', 'ignore_ament_install']
[1.231s] Level 1:colcon.colcon_core.package_identification:_identify(src/bumperbot_py_examples) by extension 'ignore'
[1.231s] Level 1:colcon.colcon_core.package_identification:_identify(src/bumperbot_py_examples) by extension 'ignore_ament_install'
[1.231s] Level 1:colcon.colcon_core.package_identification:_identify(src/bumperbot_py_examples) by extensions ['colcon_pkg']
[1.231s] Level 1:colcon.colcon_core.package_identification:_identify(src/bumperbot_py_examples) by extension 'colcon_pkg'
[1.231s] Level 1:colcon.colcon_core.package_identification:_identify(src/bumperbot_py_examples) by extensions ['colcon_meta']
[1.231s] Level 1:colcon.colcon_core.package_identification:_identify(src/bumperbot_py_examples) by extension 'colcon_meta'
[1.231s] Level 1:colcon.colcon_core.package_identification:_identify(src/bumperbot_py_examples) by extensions ['ros']
[1.232s] Level 1:colcon.colcon_core.package_identification:_identify(src/bumperbot_py_examples) by extension 'ros'
[1.232s] DEBUG:colcon.colcon_core.package_identification:Package 'src/bumperbot_py_examples' with type 'ros.ament_python' and name 'bumperbot_py_examples'
[1.232s] Level 1:colcon.colcon_core.package_discovery:discover_packages(recursive) using defaults
[1.232s] Level 1:colcon.colcon_core.package_discovery:discover_packages(ignore) discover
[1.232s] Level 1:colcon.colcon_core.package_discovery:discover_packages(ignore) using defaults
[1.232s] Level 1:colcon.colcon_core.package_discovery:discover_packages(path) discover
[1.232s] Level 1:colcon.colcon_core.package_discovery:discover_packages(path) using defaults
[1.333s] Level 1:colcon.colcon_core.package_discovery:discover_packages(prefix_path) check parameters
[1.333s] Level 1:colcon.colcon_core.package_discovery:discover_packages(prefix_path) discover
[1.368s] DEBUG:colcon.colcon_installed_package_information.package_discovery:Found 3 installed packages in /home/meiling/bumperbot_ws/install
[1.386s] DEBUG:colcon.colcon_installed_package_information.package_discovery:Found 402 installed packages in /opt/ros/humble
[1.396s] Level 1:colcon.colcon_core.package_discovery:discover_packages(prefix_path) using defaults
[1.510s] Level 5:colcon.colcon_core.verb:set package 'bumperbot_cpp_examples' build argument 'cmake_args' from command line to 'None'
[1.510s] Level 5:colcon.colcon_core.verb:set package 'bumperbot_cpp_examples' build argument 'cmake_target' from command line to 'None'
[1.510s] Level 5:colcon.colcon_core.verb:set package 'bumperbot_cpp_examples' build argument 'cmake_target_skip_unavailable' from command line to 'False'
[1.510s] Level 5:colcon.colcon_core.verb:set package 'bumperbot_cpp_examples' build argument 'cmake_clean_cache' from command line to 'False'
[1.510s] Level 5:colcon.colcon_core.verb:set package 'bumperbot_cpp_examples' build argument 'cmake_clean_first' from command line to 'False'
[1.510s] Level 5:colcon.colcon_core.verb:set package 'bumperbot_cpp_examples' build argument 'cmake_force_configure' from command line to 'False'
[1.510s] Level 5:colcon.colcon_core.verb:set package 'bumperbot_cpp_examples' build argument 'ament_cmake_args' from command line to 'None'
[1.510s] Level 5:colcon.colcon_core.verb:set package 'bumperbot_cpp_examples' build argument 'catkin_cmake_args' from command line to 'None'
[1.510s] Level 5:colcon.colcon_core.verb:set package 'bumperbot_cpp_examples' build argument 'catkin_skip_building_tests' from command line to 'False'
[1.510s] DEBUG:colcon.colcon_core.verb:Building package 'bumperbot_cpp_examples' with the following arguments: {'ament_cmake_args': None, 'build_base': '/home/meiling/bumperbot_ws/build/bumperbot_cpp_examples', 'catkin_cmake_args': None, 'catkin_skip_building_tests': False, 'cmake_args': None, 'cmake_clean_cache': False, 'cmake_clean_first': False, 'cmake_force_configure': False, 'cmake_target': None, 'cmake_target_skip_unavailable': False, 'install_base': '/home/meiling/bumperbot_ws/install/bumperbot_cpp_examples', 'merge_install': False, 'path': '/home/meiling/bumperbot_ws/src/bumperbot_cpp_examples', 'symlink_install': False, 'test_result_base': None}
[1.527s] Level 5:colcon.colcon_core.verb:set package 'bumperbot_description' build argument 'cmake_args' from command line to 'None'
[1.527s] Level 5:colcon.colcon_core.verb:set package 'bumperbot_description' build argument 'cmake_target' from command line to 'None'
[1.527s] Level 5:colcon.colcon_core.verb:set package 'bumperbot_description' build argument 'cmake_target_skip_unavailable' from command line to 'False'
[1.527s] Level 5:colcon.colcon_core.verb:set package 'bumperbot_description' build argument 'cmake_clean_cache' from command line to 'False'
[1.527s] Level 5:colcon.colcon_core.verb:set package 'bumperbot_description' build argument 'cmake_clean_first' from command line to 'False'
[1.527s] Level 5:colcon.colcon_core.verb:set package 'bumperbot_description' build argument 'cmake_force_configure' from command line to 'False'
[1.527s] Level 5:colcon.colcon_core.verb:set package 'bumperbot_description' build argument 'ament_cmake_args' from command line to 'None'
[1.527s] Level 5:colcon.colcon_core.verb:set package 'bumperbot_description' build argument 'catkin_cmake_args' from command line to 'None'
[1.527s] Level 5:colcon.colcon_core.verb:set package 'bumperbot_description' build argument 'catkin_skip_building_tests' from command line to 'False'
[1.527s] DEBUG:colcon.colcon_core.verb:Building package 'bumperbot_description' with the following arguments: {'ament_cmake_args': None, 'build_base': '/home/meiling/bumperbot_ws/build/bumperbot_description', 'catkin_cmake_args': None, 'catkin_skip_building_tests': False, 'cmake_args': None, 'cmake_clean_cache': False, 'cmake_clean_first': False, 'cmake_force_configure': False, 'cmake_target': None, 'cmake_target_skip_unavailable': False, 'install_base': '/home/meiling/bumperbot_ws/install/bumperbot_description', 'merge_install': False, 'path': '/home/meiling/bumperbot_ws/src/bumperbot_description', 'symlink_install': False, 'test_result_base': None}
[1.544s] Level 5:colcon.colcon_core.verb:set package 'bumperbot_py_examples' build argument 'cmake_args' from command line to 'None'
[1.544s] Level 5:colcon.colcon_core.verb:set package 'bumperbot_py_examples' build argument 'cmake_target' from command line to 'None'
[1.544s] Level 5:colcon.colcon_core.verb:set package 'bumperbot_py_examples' build argument 'cmake_target_skip_unavailable' from command line to 'False'
[1.544s] Level 5:colcon.colcon_core.verb:set package 'bumperbot_py_examples' build argument 'cmake_clean_cache' from command line to 'False'
[1.544s] Level 5:colcon.colcon_core.verb:set package 'bumperbot_py_examples' build argument 'cmake_clean_first' from command line to 'False'
[1.544s] Level 5:colcon.colcon_core.verb:set package 'bumperbot_py_examples' build argument 'cmake_force_configure' from command line to 'False'
[1.544s] Level 5:colcon.colcon_core.verb:set package 'bumperbot_py_examples' build argument 'ament_cmake_args' from command line to 'None'
[1.545s] Level 5:colcon.colcon_core.verb:set package 'bumperbot_py_examples' build argument 'catkin_cmake_args' from command line to 'None'
[1.545s] Level 5:colcon.colcon_core.verb:set package 'bumperbot_py_examples' build argument 'catkin_skip_building_tests' from command line to 'False'
[1.545s] DEBUG:colcon.colcon_core.verb:Building package 'bumperbot_py_examples' with the following arguments: {'ament_cmake_args': None, 'build_base': '/home/meiling/bumperbot_ws/build/bumperbot_py_examples', 'catkin_cmake_args': None, 'catkin_skip_building_tests': False, 'cmake_args': None, 'cmake_clean_cache': False, 'cmake_clean_first': False, 'cmake_force_configure': False, 'cmake_target': None, 'cmake_target_skip_unavailable': False, 'install_base': '/home/meiling/bumperbot_ws/install/bumperbot_py_examples', 'merge_install': False, 'path': '/home/meiling/bumperbot_ws/src/bumperbot_py_examples', 'symlink_install': False, 'test_result_base': None}
[1.561s] INFO:colcon.colcon_core.executor:Executing jobs using 'parallel' executor
[1.578s] DEBUG:colcon.colcon_parallel_executor.executor.parallel:run_until_complete
[1.578s] INFO:colcon.colcon_ros.task.ament_cmake.build:Building ROS package in '/home/meiling/bumperbot_ws/src/bumperbot_cpp_examples' with build type 'ament_cmake'
[1.578s] INFO:colcon.colcon_cmake.task.cmake.build:Building CMake package in '/home/meiling/bumperbot_ws/src/bumperbot_cpp_examples'
[1.597s] INFO:colcon.colcon_core.plugin_system:Skipping extension 'colcon_core.shell.bat': Not used on non-Windows systems
[1.597s] INFO:colcon.colcon_core.shell:Skip shell extension 'powershell' for command environment: Not usable outside of PowerShell
[1.597s] DEBUG:colcon.colcon_core.shell:Skip shell extension 'dsv' for command environment
[1.650s] INFO:colcon.colcon_ros.task.ament_cmake.build:Building ROS package in '/home/meiling/bumperbot_ws/src/bumperbot_description' with build type 'ament_cmake'
[1.651s] INFO:colcon.colcon_cmake.task.cmake.build:Building CMake package in '/home/meiling/bumperbot_ws/src/bumperbot_description'
[1.668s] INFO:colcon.colcon_core.shell:Skip shell extension 'powershell' for command environment: Not usable outside of PowerShell
[1.668s] DEBUG:colcon.colcon_core.shell:Skip shell extension 'dsv' for command environment
[1.724s] INFO:colcon.colcon_ros.task.ament_python.build:Building ROS package in '/home/meiling/bumperbot_ws/src/bumperbot_py_examples' with build type 'ament_python'
[1.724s] Level 1:colcon.colcon_core.shell:create_environment_hook('bumperbot_py_examples', 'ament_prefix_path')
[1.744s] INFO:colcon.colcon_core.shell:Creating environment hook '/home/meiling/bumperbot_ws/install/bumperbot_py_examples/share/bumperbot_py_examples/hook/ament_prefix_path.ps1'
[1.744s] INFO:colcon.colcon_core.shell:Creating environment descriptor '/home/meiling/bumperbot_ws/install/bumperbot_py_examples/share/bumperbot_py_examples/hook/ament_prefix_path.dsv'
[1.745s] INFO:colcon.colcon_core.shell:Creating environment hook '/home/meiling/bumperbot_ws/install/bumperbot_py_examples/share/bumperbot_py_examples/hook/ament_prefix_path.sh'
[1.765s] INFO:colcon.colcon_core.shell:Skip shell extension 'powershell' for command environment: Not usable outside of PowerShell
[1.766s] DEBUG:colcon.colcon_core.shell:Skip shell extension 'dsv' for command environment
[1.838s] DEBUG:colcon.colcon_core.event_handler.log_command:Invoking command in '/home/meiling/bumperbot_ws/build/bumperbot_cpp_examples': CMAKE_PREFIX_PATH=${CMAKE_PREFIX_PATH}:/home/meiling/bumperbot_ws/install/bumperbot_py_examples:/opt/ros/humble /usr/bin/cmake --build /home/meiling/bumperbot_ws/build/bumperbot_cpp_examples -- -j8 -l8
[1.841s] DEBUG:colcon.colcon_core.event_handler.log_command:Invoking command in '/home/meiling/bumperbot_ws/build/bumperbot_description': CMAKE_PREFIX_PATH=${CMAKE_PREFIX_PATH}:/home/meiling/bumperbot_ws/install/bumperbot_py_examples:/opt/ros/humble /usr/bin/cmake --build /home/meiling/bumperbot_ws/build/bumperbot_description -- -j8 -l8
[2.123s] INFO:colcon.colcon_core.task.python.build:Building Python package in '/home/meiling/bumperbot_ws/src/bumperbot_py_examples'
[2.143s] INFO:colcon.colcon_core.shell:Skip shell extension 'powershell' for command environment: Not usable outside of PowerShell
[2.143s] DEBUG:colcon.colcon_core.shell:Skip shell extension 'dsv' for command environment
[2.199s] DEBUG:colcon.colcon_core.event_handler.log_command:Invoked command in '/home/meiling/bumperbot_ws/build/bumperbot_cpp_examples' returned '0': CMAKE_PREFIX_PATH=${CMAKE_PREFIX_PATH}:/home/meiling/bumperbot_ws/install/bumperbot_py_examples:/opt/ros/humble /usr/bin/cmake --build /home/meiling/bumperbot_ws/build/bumperbot_cpp_examples -- -j8 -l8
[2.200s] DEBUG:colcon.colcon_core.event_handler.log_command:Invoked command in '/home/meiling/bumperbot_ws/build/bumperbot_description' returned '0': CMAKE_PREFIX_PATH=${CMAKE_PREFIX_PATH}:/home/meiling/bumperbot_ws/install/bumperbot_py_examples:/opt/ros/humble /usr/bin/cmake --build /home/meiling/bumperbot_ws/build/bumperbot_description -- -j8 -l8
[2.227s] DEBUG:colcon.colcon_core.event_handler.log_command:Invoking command in '/home/meiling/bumperbot_ws/build/bumperbot_description': CMAKE_PREFIX_PATH=${CMAKE_PREFIX_PATH}:/home/meiling/bumperbot_ws/install/bumperbot_py_examples:/opt/ros/humble /usr/bin/cmake --install /home/meiling/bumperbot_ws/build/bumperbot_description
[2.228s] DEBUG:colcon.colcon_core.event_handler.log_command:Invoking command in '/home/meiling/bumperbot_ws/build/bumperbot_cpp_examples': CMAKE_PREFIX_PATH=${CMAKE_PREFIX_PATH}:/home/meiling/bumperbot_ws/install/bumperbot_py_examples:/opt/ros/humble /usr/bin/cmake --install /home/meiling/bumperbot_ws/build/bumperbot_cpp_examples
[2.236s] Level 1:colcon.colcon_core.environment:create_environment_scripts_only(bumperbot_description)
[2.245s] DEBUG:colcon.colcon_core.event_handler.log_command:Invoked command in '/home/meiling/bumperbot_ws/build/bumperbot_description' returned '0': CMAKE_PREFIX_PATH=${CMAKE_PREFIX_PATH}:/home/meiling/bumperbot_ws/install/bumperbot_py_examples:/opt/ros/humble /usr/bin/cmake --install /home/meiling/bumperbot_ws/build/bumperbot_description
[2.272s] Level 1:colcon.colcon_core.environment:checking '/home/meiling/bumperbot_ws/install/bumperbot_description' for CMake module files
[2.273s] Level 1:colcon.colcon_core.environment:checking '/home/meiling/bumperbot_ws/install/bumperbot_description' for CMake config files
[2.273s] Level 1:colcon.colcon_core.shell:create_environment_hook('bumperbot_description', 'cmake_prefix_path')
[2.290s] INFO:colcon.colcon_core.shell:Creating environment hook '/home/meiling/bumperbot_ws/install/bumperbot_description/share/bumperbot_description/hook/cmake_prefix_path.ps1'
[2.290s] INFO:colcon.colcon_core.shell:Creating environment descriptor '/home/meiling/bumperbot_ws/install/bumperbot_description/share/bumperbot_description/hook/cmake_prefix_path.dsv'
[2.290s] INFO:colcon.colcon_core.shell:Creating environment hook '/home/meiling/bumperbot_ws/install/bumperbot_description/share/bumperbot_description/hook/cmake_prefix_path.sh'
[2.291s] Level 1:colcon.colcon_core.environment:checking '/home/meiling/bumperbot_ws/install/bumperbot_description/bin'
[2.291s] Level 1:colcon.colcon_core.environment:checking '/home/meiling/bumperbot_ws/install/bumperbot_description/lib/pkgconfig/bumperbot_description.pc'
[2.291s] Level 1:colcon.colcon_core.environment:checking '/home/meiling/bumperbot_ws/install/bumperbot_description/lib/python3.10/site-packages'
[2.291s] Level 1:colcon.colcon_core.environment:checking '/home/meiling/bumperbot_ws/install/bumperbot_description/bin'
[2.308s] INFO:colcon.colcon_core.shell:Creating package script '/home/meiling/bumperbot_ws/install/bumperbot_description/share/bumperbot_description/package.ps1'
[2.309s] INFO:colcon.colcon_core.shell:Creating package descriptor '/home/meiling/bumperbot_ws/install/bumperbot_description/share/bumperbot_description/package.dsv'
[2.310s] INFO:colcon.colcon_core.shell:Creating package script '/home/meiling/bumperbot_ws/install/bumperbot_description/share/bumperbot_description/package.sh'
[2.310s] INFO:colcon.colcon_core.shell:Creating package script '/home/meiling/bumperbot_ws/install/bumperbot_description/share/bumperbot_description/package.bash'
[2.311s] INFO:colcon.colcon_core.shell:Creating package script '/home/meiling/bumperbot_ws/install/bumperbot_description/share/bumperbot_description/package.zsh'
[2.312s] Level 1:colcon.colcon_core.environment:create_file_with_runtime_dependencies(/home/meiling/bumperbot_ws/install/bumperbot_description/share/colcon-core/packages/bumperbot_description)
[2.313s] Level 1:colcon.colcon_core.environment:create_environment_scripts_only(bumperbot_cpp_examples)
[2.314s] DEBUG:colcon.colcon_core.event_handler.log_command:Invoked command in '/home/meiling/bumperbot_ws/build/bumperbot_cpp_examples' returned '0': CMAKE_PREFIX_PATH=${CMAKE_PREFIX_PATH}:/home/meiling/bumperbot_ws/install/bumperbot_py_examples:/opt/ros/humble /usr/bin/cmake --install /home/meiling/bumperbot_ws/build/bumperbot_cpp_examples
[2.345s] Level 1:colcon.colcon_core.environment:checking '/home/meiling/bumperbot_ws/install/bumperbot_cpp_examples' for CMake module files
[2.345s] Level 1:colcon.colcon_core.environment:checking '/home/meiling/bumperbot_ws/install/bumperbot_cpp_examples' for CMake config files
[2.345s] Level 1:colcon.colcon_core.shell:create_environment_hook('bumperbot_cpp_examples', 'cmake_prefix_path')
[2.363s] INFO:colcon.colcon_core.shell:Creating environment hook '/home/meiling/bumperbot_ws/install/bumperbot_cpp_examples/share/bumperbot_cpp_examples/hook/cmake_prefix_path.ps1'
[2.364s] INFO:colcon.colcon_core.shell:Creating environment descriptor '/home/meiling/bumperbot_ws/install/bumperbot_cpp_examples/share/bumperbot_cpp_examples/hook/cmake_prefix_path.dsv'
[2.364s] INFO:colcon.colcon_core.shell:Creating environment hook '/home/meiling/bumperbot_ws/install/bumperbot_cpp_examples/share/bumperbot_cpp_examples/hook/cmake_prefix_path.sh'
[2.365s] Level 1:colcon.colcon_core.environment:checking '/home/meiling/bumperbot_ws/install/bumperbot_cpp_examples/lib'
[2.365s] Level 1:colcon.colcon_core.environment:checking '/home/meiling/bumperbot_ws/install/bumperbot_cpp_examples/bin'
[2.365s] Level 1:colcon.colcon_core.environment:checking '/home/meiling/bumperbot_ws/install/bumperbot_cpp_examples/lib/pkgconfig/bumperbot_cpp_examples.pc'
[2.366s] Level 1:colcon.colcon_core.environment:checking '/home/meiling/bumperbot_ws/install/bumperbot_cpp_examples/lib/python3.10/site-packages'
[2.366s] Level 1:colcon.colcon_core.environment:checking '/home/meiling/bumperbot_ws/install/bumperbot_cpp_examples/bin'
[2.384s] INFO:colcon.colcon_core.shell:Creating package script '/home/meiling/bumperbot_ws/install/bumperbot_cpp_examples/share/bumperbot_cpp_examples/package.ps1'
[2.385s] INFO:colcon.colcon_core.shell:Creating package descriptor '/home/meiling/bumperbot_ws/install/bumperbot_cpp_examples/share/bumperbot_cpp_examples/package.dsv'
[2.385s] INFO:colcon.colcon_core.shell:Creating package script '/home/meiling/bumperbot_ws/install/bumperbot_cpp_examples/share/bumperbot_cpp_examples/package.sh'
[2.386s] INFO:colcon.colcon_core.shell:Creating package script '/home/meiling/bumperbot_ws/install/bumperbot_cpp_examples/share/bumperbot_cpp_examples/package.bash'
[2.386s] INFO:colcon.colcon_core.shell:Creating package script '/home/meiling/bumperbot_ws/install/bumperbot_cpp_examples/share/bumperbot_cpp_examples/package.zsh'
[2.386s] Level 1:colcon.colcon_core.environment:create_file_with_runtime_dependencies(/home/meiling/bumperbot_ws/install/bumperbot_cpp_examples/share/colcon-core/packages/bumperbot_cpp_examples)
[2.404s] Level 1:colcon.colcon_core.environment:create_environment_scripts_only(bumperbot_description)
[2.421s] Level 1:colcon.colcon_core.environment:checking '/home/meiling/bumperbot_ws/install/bumperbot_description' for CMake module files
[2.422s] Level 1:colcon.colcon_core.environment:checking '/home/meiling/bumperbot_ws/install/bumperbot_description' for CMake config files
[2.422s] Level 1:colcon.colcon_core.shell:create_environment_hook('bumperbot_description', 'cmake_prefix_path')
[2.439s] INFO:colcon.colcon_core.shell:Creating environment hook '/home/meiling/bumperbot_ws/install/bumperbot_description/share/bumperbot_description/hook/cmake_prefix_path.ps1'
[2.439s] INFO:colcon.colcon_core.shell:Creating environment descriptor '/home/meiling/bumperbot_ws/install/bumperbot_description/share/bumperbot_description/hook/cmake_prefix_path.dsv'
[2.439s] INFO:colcon.colcon_core.shell:Creating environment hook '/home/meiling/bumperbot_ws/install/bumperbot_description/share/bumperbot_description/hook/cmake_prefix_path.sh'
[2.440s] Level 1:colcon.colcon_core.environment:checking '/home/meiling/bumperbot_ws/install/bumperbot_description/bin'
[2.440s] Level 1:colcon.colcon_core.environment:checking '/home/meiling/bumperbot_ws/install/bumperbot_description/lib/pkgconfig/bumperbot_description.pc'
[2.440s] Level 1:colcon.colcon_core.environment:checking '/home/meiling/bumperbot_ws/install/bumperbot_description/lib/python3.10/site-packages'
[2.440s] Level 1:colcon.colcon_core.environment:checking '/home/meiling/bumperbot_ws/install/bumperbot_description/bin'
[2.457s] INFO:colcon.colcon_core.shell:Creating package script '/home/meiling/bumperbot_ws/install/bumperbot_description/share/bumperbot_description/package.ps1'
[2.457s] INFO:colcon.colcon_core.shell:Creating package descriptor '/home/meiling/bumperbot_ws/install/bumperbot_description/share/bumperbot_description/package.dsv'
[2.458s] INFO:colcon.colcon_core.shell:Creating package script '/home/meiling/bumperbot_ws/install/bumperbot_description/share/bumperbot_description/package.sh'
[2.458s] INFO:colcon.colcon_core.shell:Creating package script '/home/meiling/bumperbot_ws/install/bumperbot_description/share/bumperbot_description/package.bash'
[2.459s] INFO:colcon.colcon_core.shell:Creating package script '/home/meiling/bumperbot_ws/install/bumperbot_description/share/bumperbot_description/package.zsh'
[2.459s] Level 1:colcon.colcon_core.environment:create_file_with_runtime_dependencies(/home/meiling/bumperbot_ws/install/bumperbot_description/share/colcon-core/packages/bumperbot_description)
[2.477s] Level 1:colcon.colcon_core.environment:create_environment_scripts_only(bumperbot_cpp_examples)
[2.494s] Level 1:colcon.colcon_core.environment:checking '/home/meiling/bumperbot_ws/install/bumperbot_cpp_examples' for CMake module files
[2.494s] Level 1:colcon.colcon_core.environment:checking '/home/meiling/bumperbot_ws/install/bumperbot_cpp_examples' for CMake config files
[2.495s] Level 1:colcon.colcon_core.shell:create_environment_hook('bumperbot_cpp_examples', 'cmake_prefix_path')
[2.511s] INFO:colcon.colcon_core.shell:Creating environment hook '/home/meiling/bumperbot_ws/install/bumperbot_cpp_examples/share/bumperbot_cpp_examples/hook/cmake_prefix_path.ps1'
[2.512s] INFO:colcon.colcon_core.shell:Creating environment descriptor '/home/meiling/bumperbot_ws/install/bumperbot_cpp_examples/share/bumperbot_cpp_examples/hook/cmake_prefix_path.dsv'
[2.512s] INFO:colcon.colcon_core.shell:Creating environment hook '/home/meiling/bumperbot_ws/install/bumperbot_cpp_examples/share/bumperbot_cpp_examples/hook/cmake_prefix_path.sh'
[2.513s] Level 1:colcon.colcon_core.environment:checking '/home/meiling/bumperbot_ws/install/bumperbot_cpp_examples/lib'
[2.513s] Level 1:colcon.colcon_core.environment:checking '/home/meiling/bumperbot_ws/install/bumperbot_cpp_examples/bin'
[2.513s] Level 1:colcon.colcon_core.environment:checking '/home/meiling/bumperbot_ws/install/bumperbot_cpp_examples/lib/pkgconfig/bumperbot_cpp_examples.pc'
[2.513s] Level 1:colcon.colcon_core.environment:checking '/home/meiling/bumperbot_ws/install/bumperbot_cpp_examples/lib/python3.10/site-packages'
[2.513s] Level 1:colcon.colcon_core.environment:checking '/home/meiling/bumperbot_ws/install/bumperbot_cpp_examples/bin'
[2.531s] INFO:colcon.colcon_core.shell:Creating package script '/home/meiling/bumperbot_ws/install/bumperbot_cpp_examples/share/bumperbot_cpp_examples/package.ps1'
[2.531s] INFO:colcon.colcon_core.shell:Creating package descriptor '/home/meiling/bumperbot_ws/install/bumperbot_cpp_examples/share/bumperbot_cpp_examples/package.dsv'
[2.532s] INFO:colcon.colcon_core.shell:Creating package script '/home/meiling/bumperbot_ws/install/bumperbot_cpp_examples/share/bumperbot_cpp_examples/package.sh'
[2.532s] INFO:colcon.colcon_core.shell:Creating package script '/home/meiling/bumperbot_ws/install/bumperbot_cpp_examples/share/bumperbot_cpp_examples/package.bash'
[2.532s] INFO:colcon.colcon_core.shell:Creating package script '/home/meiling/bumperbot_ws/install/bumperbot_cpp_examples/share/bumperbot_cpp_examples/package.zsh'
[2.533s] Level 1:colcon.colcon_core.environment:create_file_with_runtime_dependencies(/home/meiling/bumperbot_ws/install/bumperbot_cpp_examples/share/colcon-core/packages/bumperbot_cpp_examples)
[2.593s] DEBUG:colcon.colcon_core.event_handler.log_command:Invoking command in '/home/meiling/bumperbot_ws/src/bumperbot_py_examples': PYTHONPATH=/home/meiling/bumperbot_ws/build/bumperbot_py_examples/prefix_override:/home/meiling/bumperbot_ws/install/bumperbot_py_examples/lib/python3.10/site-packages:${PYTHONPATH} /usr/bin/python3 setup.py egg_info --egg-base ../../build/bumperbot_py_examples build --build-base /home/meiling/bumperbot_ws/build/bumperbot_py_examples/build install --record /home/meiling/bumperbot_ws/build/bumperbot_py_examples/install.log --single-version-externally-managed
[2.889s] DEBUG:colcon.colcon_core.event_handler.log_command:Invoked command in '/home/meiling/bumperbot_ws/src/bumperbot_py_examples' returned '0': PYTHONPATH=/home/meiling/bumperbot_ws/build/bumperbot_py_examples/prefix_override:/home/meiling/bumperbot_ws/install/bumperbot_py_examples/lib/python3.10/site-packages:${PYTHONPATH} /usr/bin/python3 setup.py egg_info --egg-base ../../build/bumperbot_py_examples build --build-base /home/meiling/bumperbot_ws/build/bumperbot_py_examples/build install --record /home/meiling/bumperbot_ws/build/bumperbot_py_examples/install.log --single-version-externally-managed
[2.910s] Level 1:colcon.colcon_core.environment:checking '/home/meiling/bumperbot_ws/install/bumperbot_py_examples' for CMake module files
[2.910s] Level 1:colcon.colcon_core.environment:checking '/home/meiling/bumperbot_ws/install/bumperbot_py_examples' for CMake config files
[2.911s] Level 1:colcon.colcon_core.environment:checking '/home/meiling/bumperbot_ws/install/bumperbot_py_examples/lib'
[2.911s] Level 1:colcon.colcon_core.environment:checking '/home/meiling/bumperbot_ws/install/bumperbot_py_examples/bin'
[2.911s] Level 1:colcon.colcon_core.environment:checking '/home/meiling/bumperbot_ws/install/bumperbot_py_examples/lib/pkgconfig/bumperbot_py_examples.pc'
[2.911s] Level 1:colcon.colcon_core.environment:checking '/home/meiling/bumperbot_ws/install/bumperbot_py_examples/lib/python3.10/site-packages'
[2.911s] Level 1:colcon.colcon_core.shell:create_environment_hook('bumperbot_py_examples', 'pythonpath')
[2.931s] INFO:colcon.colcon_core.shell:Creating environment hook '/home/meiling/bumperbot_ws/install/bumperbot_py_examples/share/bumperbot_py_examples/hook/pythonpath.ps1'
[2.931s] INFO:colcon.colcon_core.shell:Creating environment descriptor '/home/meiling/bumperbot_ws/install/bumperbot_py_examples/share/bumperbot_py_examples/hook/pythonpath.dsv'
[2.931s] INFO:colcon.colcon_core.shell:Creating environment hook '/home/meiling/bumperbot_ws/install/bumperbot_py_examples/share/bumperbot_py_examples/hook/pythonpath.sh'
[2.932s] Level 1:colcon.colcon_core.environment:checking '/home/meiling/bumperbot_ws/install/bumperbot_py_examples/bin'
[2.932s] Level 1:colcon.colcon_core.environment:create_environment_scripts_only(bumperbot_py_examples)
[2.950s] INFO:colcon.colcon_core.shell:Creating package script '/home/meiling/bumperbot_ws/install/bumperbot_py_examples/share/bumperbot_py_examples/package.ps1'
[2.950s] INFO:colcon.colcon_core.shell:Creating package descriptor '/home/meiling/bumperbot_ws/install/bumperbot_py_examples/share/bumperbot_py_examples/package.dsv'
[2.950s] INFO:colcon.colcon_core.shell:Creating package script '/home/meiling/bumperbot_ws/install/bumperbot_py_examples/share/bumperbot_py_examples/package.sh'
[2.951s] INFO:colcon.colcon_core.shell:Creating package script '/home/meiling/bumperbot_ws/install/bumperbot_py_examples/share/bumperbot_py_examples/package.bash'
[2.951s] INFO:colcon.colcon_core.shell:Creating package script '/home/meiling/bumperbot_ws/install/bumperbot_py_examples/share/bumperbot_py_examples/package.zsh'
[2.951s] Level 1:colcon.colcon_core.environment:create_file_with_runtime_dependencies(/home/meiling/bumperbot_ws/install/bumperbot_py_examples/share/colcon-core/packages/bumperbot_py_examples)
[2.951s] DEBUG:colcon.colcon_parallel_executor.executor.parallel:closing loop
[2.952s] DEBUG:colcon.colcon_parallel_executor.executor.parallel:loop closed
[2.952s] DEBUG:colcon.colcon_parallel_executor.executor.parallel:run_until_complete finished with '0'
[2.952s] DEBUG:colcon.colcon_core.event_reactor:joining thread
[2.975s] INFO:colcon.colcon_core.plugin_system:Skipping extension 'colcon_notification.desktop_notification.terminal_notifier': Not used on non-Darwin systems
[2.975s] INFO:colcon.colcon_core.plugin_system:Skipping extension 'colcon_notification.desktop_notification.win32': Not used on non-Windows systems
[2.975s] INFO:colcon.colcon_notification.desktop_notification:Sending desktop notification using 'notify2'
[2.988s] DEBUG:colcon.colcon_core.event_reactor:joined thread
[3.007s] INFO:colcon.colcon_core.shell:Creating prefix script '/home/meiling/bumperbot_ws/install/local_setup.ps1'
[3.008s] INFO:colcon.colcon_core.shell:Creating prefix util module '/home/meiling/bumperbot_ws/install/_local_setup_util_ps1.py'
[3.010s] INFO:colcon.colcon_core.shell:Creating prefix chain script '/home/meiling/bumperbot_ws/install/setup.ps1'
[3.029s] INFO:colcon.colcon_core.shell:Creating prefix script '/home/meiling/bumperbot_ws/install/local_setup.sh'
[3.030s] INFO:colcon.colcon_core.shell:Creating prefix util module '/home/meiling/bumperbot_ws/install/_local_setup_util_sh.py'
[3.030s] INFO:colcon.colcon_core.shell:Creating prefix chain script '/home/meiling/bumperbot_ws/install/setup.sh'
[3.049s] INFO:colcon.colcon_core.shell:Creating prefix script '/home/meiling/bumperbot_ws/install/local_setup.bash'
[3.050s] INFO:colcon.colcon_core.shell:Creating prefix chain script '/home/meiling/bumperbot_ws/install/setup.bash'
[3.067s] INFO:colcon.colcon_core.shell:Creating prefix script '/home/meiling/bumperbot_ws/install/local_setup.zsh'
[3.068s] INFO:colcon.colcon_core.shell:Creating prefix chain script '/home/meiling/bumperbot_ws/install/setup.zsh'
