[0.206s] Invoking command in '/home/meiling/bumperbot_ws/build/bumperbot_description': CMAKE_PREFIX_PATH=/opt/ros/humble /usr/bin/cmake --build /home/meiling/bumperbot_ws/build/bumperbot_description -- -j8 -l8
[0.231s] -- Found ament_cmake: 1.3.5 (/opt/ros/humble/share/ament_cmake/cmake)
[0.410s] -- Found ament_lint_auto: 0.12.8 (/opt/ros/humble/share/ament_lint_auto/cmake)
[0.503s] -- Added test 'flake8' to check Python code syntax and style conventions
[0.504s] -- Added test 'lint_cmake' to check CMake code style
[0.504s] -- Added test 'pep257' to check Python code against some of the docstring style conventions in PEP 257
[0.506s] -- Added test 'xmllint' to check XML markup files
[0.506s] -- Configuring done
[0.510s] -- Generating done
[0.511s] -- Build files have been written to: /home/meiling/bumperbot_ws/build/bumperbot_description
[0.652s] Invoked command in '/home/meiling/bumperbot_ws/build/bumperbot_description' returned '0': CMAKE_PREFIX_PATH=/opt/ros/humble /usr/bin/cmake --build /home/meiling/bumperbot_ws/build/bumperbot_description -- -j8 -l8
[0.684s] Invoking command in '/home/meiling/bumperbot_ws/build/bumperbot_description': CMAKE_PREFIX_PATH=/opt/ros/humble /usr/bin/cmake --install /home/meiling/bumperbot_ws/build/bumperbot_description
[0.696s] -- Install configuration: ""
[0.696s] -- Up-to-date: /home/meiling/bumperbot_ws/install/bumperbot_description/share/bumperbot_description/meshes
[0.696s] -- Up-to-date: /home/meiling/bumperbot_ws/install/bumperbot_description/share/bumperbot_description/meshes/wheel_right_link.STL
[0.696s] -- Up-to-date: /home/meiling/bumperbot_ws/install/bumperbot_description/share/bumperbot_description/meshes/base_link.STL
[0.697s] -- Up-to-date: /home/meiling/bumperbot_ws/install/bumperbot_description/share/bumperbot_description/meshes/caster_rear_link.STL
[0.697s] -- Up-to-date: /home/meiling/bumperbot_ws/install/bumperbot_description/share/bumperbot_description/meshes/caster_front_link.STL
[0.697s] -- Up-to-date: /home/meiling/bumperbot_ws/install/bumperbot_description/share/bumperbot_description/meshes/wheel_left_link.STL
[0.698s] -- Up-to-date: /home/meiling/bumperbot_ws/install/bumperbot_description/share/bumperbot_description/meshes/imu_link.STL
[0.698s] -- Up-to-date: /home/meiling/bumperbot_ws/install/bumperbot_description/share/bumperbot_description/urdf
[0.698s] -- Up-to-date: /home/meiling/bumperbot_ws/install/bumperbot_description/share/bumperbot_description/urdf/bumperbotv2.urdf.xacro
[0.699s] -- Up-to-date: /home/meiling/bumperbot_ws/install/bumperbot_description/share/bumperbot_description/urdf/bumperbot.urdf.xacro
[0.699s] -- Installing: /home/meiling/bumperbot_ws/install/bumperbot_description/share/bumperbot_description/launch
[0.699s] -- Installing: /home/meiling/bumperbot_ws/install/bumperbot_description/share/bumperbot_description/launch/display.launch.py
[0.699s] -- Installing: /home/meiling/bumperbot_ws/install/bumperbot_description/share/bumperbot_description/launch/display.launch_v2.py
[0.700s] -- Installing: /home/meiling/bumperbot_ws/install/bumperbot_description/share/bumperbot_description/rviz
[0.700s] -- Installing: /home/meiling/bumperbot_ws/install/bumperbot_description/share/bumperbot_description/rviz/display.rviz
[0.700s] -- Up-to-date: /home/meiling/bumperbot_ws/install/bumperbot_description/share/ament_index/resource_index/package_run_dependencies/bumperbot_description
[0.700s] -- Up-to-date: /home/meiling/bumperbot_ws/install/bumperbot_description/share/ament_index/resource_index/parent_prefix_path/bumperbot_description
[0.700s] -- Up-to-date: /home/meiling/bumperbot_ws/install/bumperbot_description/share/bumperbot_description/environment/ament_prefix_path.sh
[0.701s] -- Installing: /home/meiling/bumperbot_ws/install/bumperbot_description/share/bumperbot_description/environment/ament_prefix_path.dsv
[0.702s] -- Up-to-date: /home/meiling/bumperbot_ws/install/bumperbot_description/share/bumperbot_description/environment/path.sh
[0.702s] -- Installing: /home/meiling/bumperbot_ws/install/bumperbot_description/share/bumperbot_description/environment/path.dsv
[0.703s] -- Up-to-date: /home/meiling/bumperbot_ws/install/bumperbot_description/share/bumperbot_description/local_setup.bash
[0.703s] -- Up-to-date: /home/meiling/bumperbot_ws/install/bumperbot_description/share/bumperbot_description/local_setup.sh
[0.704s] -- Up-to-date: /home/meiling/bumperbot_ws/install/bumperbot_description/share/bumperbot_description/local_setup.zsh
[0.704s] -- Installing: /home/meiling/bumperbot_ws/install/bumperbot_description/share/bumperbot_description/local_setup.dsv
[0.706s] -- Installing: /home/meiling/bumperbot_ws/install/bumperbot_description/share/bumperbot_description/package.dsv
[0.706s] -- Up-to-date: /home/meiling/bumperbot_ws/install/bumperbot_description/share/ament_index/resource_index/packages/bumperbot_description
[0.707s] -- Up-to-date: /home/meiling/bumperbot_ws/install/bumperbot_description/share/bumperbot_description/cmake/bumperbot_descriptionConfig.cmake
[0.707s] -- Up-to-date: /home/meiling/bumperbot_ws/install/bumperbot_description/share/bumperbot_description/cmake/bumperbot_descriptionConfig-version.cmake
[0.708s] -- Installing: /home/meiling/bumperbot_ws/install/bumperbot_description/share/bumperbot_description/package.xml
[0.710s] Invoked command in '/home/meiling/bumperbot_ws/build/bumperbot_description' returned '0': CMAKE_PREFIX_PATH=/opt/ros/humble /usr/bin/cmake --install /home/meiling/bumperbot_ws/build/bumperbot_description
