[0.159s] Invoking command in '/home/meiling/bumperbot_ws/build/bumperbot_description': CMAKE_PREFIX_PATH=/opt/ros/humble /usr/bin/cmake --build /home/meiling/bumperbot_ws/build/bumperbot_description -- -j8 -l8
[0.522s] Invoked command in '/home/meiling/bumperbot_ws/build/bumperbot_description' returned '0': CMAKE_PREFIX_PATH=/opt/ros/humble /usr/bin/cmake --build /home/meiling/bumperbot_ws/build/bumperbot_description -- -j8 -l8
[0.550s] Invoking command in '/home/meiling/bumperbot_ws/build/bumperbot_description': CMAKE_PREFIX_PATH=/opt/ros/humble /usr/bin/cmake --install /home/meiling/bumperbot_ws/build/bumperbot_description
[0.558s] -- Install configuration: ""
[0.558s] -- Up-to-date: /home/meiling/bumperbot_ws/install/bumperbot_description/share/bumperbot_description/meshes
[0.558s] -- Up-to-date: /home/meiling/bumperbot_ws/install/bumperbot_description/share/bumperbot_description/meshes/wheel_right_link.STL
[0.558s] -- Up-to-date: /home/meiling/bumperbot_ws/install/bumperbot_description/share/bumperbot_description/meshes/base_link.STL
[0.559s] -- Up-to-date: /home/meiling/bumperbot_ws/install/bumperbot_description/share/bumperbot_description/meshes/caster_rear_link.STL
[0.559s] -- Up-to-date: /home/meiling/bumperbot_ws/install/bumperbot_description/share/bumperbot_description/meshes/caster_front_link.STL
[0.559s] -- Up-to-date: /home/meiling/bumperbot_ws/install/bumperbot_description/share/bumperbot_description/meshes/wheel_left_link.STL
[0.559s] -- Up-to-date: /home/meiling/bumperbot_ws/install/bumperbot_description/share/bumperbot_description/meshes/imu_link.STL
[0.559s] -- Up-to-date: /home/meiling/bumperbot_ws/install/bumperbot_description/share/bumperbot_description/urdf
[0.560s] -- Up-to-date: /home/meiling/bumperbot_ws/install/bumperbot_description/share/bumperbot_description/urdf/bumperbot.urdf.xacro
[0.560s] -- Up-to-date: /home/meiling/bumperbot_ws/install/bumperbot_description/share/bumperbot_description/urdf/bumperbot_v1.urdf.xacro
[0.560s] -- Up-to-date: /home/meiling/bumperbot_ws/install/bumperbot_description/share/ament_index/resource_index/package_run_dependencies/bumperbot_description
[0.560s] -- Up-to-date: /home/meiling/bumperbot_ws/install/bumperbot_description/share/ament_index/resource_index/parent_prefix_path/bumperbot_description
[0.560s] -- Up-to-date: /home/meiling/bumperbot_ws/install/bumperbot_description/share/bumperbot_description/environment/ament_prefix_path.sh
[0.560s] -- Up-to-date: /home/meiling/bumperbot_ws/install/bumperbot_description/share/bumperbot_description/environment/ament_prefix_path.dsv
[0.561s] -- Up-to-date: /home/meiling/bumperbot_ws/install/bumperbot_description/share/bumperbot_description/environment/path.sh
[0.561s] -- Up-to-date: /home/meiling/bumperbot_ws/install/bumperbot_description/share/bumperbot_description/environment/path.dsv
[0.561s] -- Up-to-date: /home/meiling/bumperbot_ws/install/bumperbot_description/share/bumperbot_description/local_setup.bash
[0.562s] -- Up-to-date: /home/meiling/bumperbot_ws/install/bumperbot_description/share/bumperbot_description/local_setup.sh
[0.563s] -- Up-to-date: /home/meiling/bumperbot_ws/install/bumperbot_description/share/bumperbot_description/local_setup.zsh
[0.563s] -- Up-to-date: /home/meiling/bumperbot_ws/install/bumperbot_description/share/bumperbot_description/local_setup.dsv
[0.564s] -- Installing: /home/meiling/bumperbot_ws/install/bumperbot_description/share/bumperbot_description/package.dsv
[0.564s] -- Up-to-date: /home/meiling/bumperbot_ws/install/bumperbot_description/share/ament_index/resource_index/packages/bumperbot_description
[0.564s] -- Up-to-date: /home/meiling/bumperbot_ws/install/bumperbot_description/share/bumperbot_description/cmake/bumperbot_descriptionConfig.cmake
[0.564s] -- Up-to-date: /home/meiling/bumperbot_ws/install/bumperbot_description/share/bumperbot_description/cmake/bumperbot_descriptionConfig-version.cmake
[0.565s] -- Up-to-date: /home/meiling/bumperbot_ws/install/bumperbot_description/share/bumperbot_description/package.xml
[0.569s] Invoked command in '/home/meiling/bumperbot_ws/build/bumperbot_description' returned '0': CMAKE_PREFIX_PATH=/opt/ros/humble /usr/bin/cmake --install /home/meiling/bumperbot_ws/build/bumperbot_description
