[0.302s] Invoking command in '/home/meiling/bumperbot_ws/build/bumperbot_description': CMAKE_PREFIX_PATH=${CMAKE_PREFIX_PATH}:/home/meiling/bumperbot_ws/install/bumperbot_py_examples:/opt/ros/humble /usr/bin/cmake --build /home/meiling/bumperbot_ws/build/bumperbot_description -- -j8 -l8
[0.408s] -- Found ament_cmake: 1.3.6 (/opt/ros/humble/share/ament_cmake/cmake)
[0.585s] -- Found ament_lint_auto: 0.12.9 (/opt/ros/humble/share/ament_lint_auto/cmake)
[0.695s] -- Added test 'flake8' to check Python code syntax and style conventions
[0.696s] -- Added test 'lint_cmake' to check CMake code style
[0.697s] -- Added test 'pep257' to check Python code against some of the docstring style conventions in PEP 257
[0.699s] -- Added test 'xmllint' to check XML markup files
[0.702s] -- Configuring done
[0.726s] -- Generating done
[0.727s] -- Build files have been written to: /home/meiling/bumperbot_ws/build/bumperbot_description
[0.780s] Invoked command in '/home/meiling/bumperbot_ws/build/bumperbot_description' returned '0': CMAKE_PREFIX_PATH=${CMAKE_PREFIX_PATH}:/home/meiling/bumperbot_ws/install/bumperbot_py_examples:/opt/ros/humble /usr/bin/cmake --build /home/meiling/bumperbot_ws/build/bumperbot_description -- -j8 -l8
[0.812s] Invoking command in '/home/meiling/bumperbot_ws/build/bumperbot_description': CMAKE_PREFIX_PATH=${CMAKE_PREFIX_PATH}:/home/meiling/bumperbot_ws/install/bumperbot_py_examples:/opt/ros/humble /usr/bin/cmake --install /home/meiling/bumperbot_ws/build/bumperbot_description
[0.819s] -- Install configuration: ""
[0.819s] -- Up-to-date: /home/meiling/bumperbot_ws/install/bumperbot_description/share/bumperbot_description/meshes
[0.820s] -- Up-to-date: /home/meiling/bumperbot_ws/install/bumperbot_description/share/bumperbot_description/meshes/wheel_right_link.STL
[0.820s] -- Up-to-date: /home/meiling/bumperbot_ws/install/bumperbot_description/share/bumperbot_description/meshes/base_link.STL
[0.821s] -- Up-to-date: /home/meiling/bumperbot_ws/install/bumperbot_description/share/bumperbot_description/meshes/caster_rear_link.STL
[0.821s] -- Up-to-date: /home/meiling/bumperbot_ws/install/bumperbot_description/share/bumperbot_description/meshes/caster_front_link.STL
[0.821s] -- Up-to-date: /home/meiling/bumperbot_ws/install/bumperbot_description/share/bumperbot_description/meshes/wheel_left_link.STL
[0.821s] -- Up-to-date: /home/meiling/bumperbot_ws/install/bumperbot_description/share/bumperbot_description/meshes/imu_link.STL
[0.821s] -- Up-to-date: /home/meiling/bumperbot_ws/install/bumperbot_description/share/bumperbot_description/urdf
[0.821s] -- Installing: /home/meiling/bumperbot_ws/install/bumperbot_description/share/bumperbot_description/urdf/bumperbot.urdf.xacro
[0.821s] -- Installing: /home/meiling/bumperbot_ws/install/bumperbot_description/share/bumperbot_description/urdf/bumperbot_gazebo.xacro
[0.822s] -- Up-to-date: /home/meiling/bumperbot_ws/install/bumperbot_description/share/bumperbot_description/launch
[0.822s] -- Up-to-date: /home/meiling/bumperbot_ws/install/bumperbot_description/share/bumperbot_description/launch/display.launch.py
[0.822s] -- Installing: /home/meiling/bumperbot_ws/install/bumperbot_description/share/bumperbot_description/launch/gazebo_launch.py
[0.822s] -- Up-to-date: /home/meiling/bumperbot_ws/install/bumperbot_description/share/bumperbot_description/rviz
[0.822s] -- Up-to-date: /home/meiling/bumperbot_ws/install/bumperbot_description/share/bumperbot_description/rviz/display.rviz
[0.823s] -- Installing: /home/meiling/bumperbot_ws/install/bumperbot_description/share/ament_index/resource_index/package_run_dependencies/bumperbot_description
[0.823s] -- Installing: /home/meiling/bumperbot_ws/install/bumperbot_description/share/ament_index/resource_index/parent_prefix_path/bumperbot_description
[0.823s] -- Installing: /home/meiling/bumperbot_ws/install/bumperbot_description/share/bumperbot_description/environment/ament_prefix_path.sh
[0.823s] -- Installing: /home/meiling/bumperbot_ws/install/bumperbot_description/share/bumperbot_description/environment/ament_prefix_path.dsv
[0.823s] -- Installing: /home/meiling/bumperbot_ws/install/bumperbot_description/share/bumperbot_description/environment/path.sh
[0.823s] -- Installing: /home/meiling/bumperbot_ws/install/bumperbot_description/share/bumperbot_description/environment/path.dsv
[0.823s] -- Up-to-date: /home/meiling/bumperbot_ws/install/bumperbot_description/share/bumperbot_description/local_setup.bash
[0.823s] -- Up-to-date: /home/meiling/bumperbot_ws/install/bumperbot_description/share/bumperbot_description/local_setup.sh
[0.824s] -- Up-to-date: /home/meiling/bumperbot_ws/install/bumperbot_description/share/bumperbot_description/local_setup.zsh
[0.824s] -- Installing: /home/meiling/bumperbot_ws/install/bumperbot_description/share/bumperbot_description/local_setup.dsv
[0.824s] -- Installing: /home/meiling/bumperbot_ws/install/bumperbot_description/share/bumperbot_description/package.dsv
[0.825s] -- Up-to-date: /home/meiling/bumperbot_ws/install/bumperbot_description/share/ament_index/resource_index/packages/bumperbot_description
[0.825s] -- Up-to-date: /home/meiling/bumperbot_ws/install/bumperbot_description/share/bumperbot_description/cmake/bumperbot_descriptionConfig.cmake
[0.826s] -- Up-to-date: /home/meiling/bumperbot_ws/install/bumperbot_description/share/bumperbot_description/cmake/bumperbot_descriptionConfig-version.cmake
[0.826s] -- Installing: /home/meiling/bumperbot_ws/install/bumperbot_description/share/bumperbot_description/package.xml
[0.826s] Invoked command in '/home/meiling/bumperbot_ws/build/bumperbot_description' returned '0': CMAKE_PREFIX_PATH=${CMAKE_PREFIX_PATH}:/home/meiling/bumperbot_ws/install/bumperbot_py_examples:/opt/ros/humble /usr/bin/cmake --install /home/meiling/bumperbot_ws/build/bumperbot_description
