[1.155s] DEBUG:colcon:Command line arguments: ['/usr/bin/colcon', 'build']
[1.155s] DEBUG:colcon:Parsed command line arguments: Namespace(log_base=None, log_level=None, verb_name='build', build_base='build', install_base='install', merge_install=False, symlink_install=False, test_result_base=None, continue_on_error=False, executor='parallel', parallel_workers=8, event_handlers=None, ignore_user_meta=False, metas=['./colcon.meta'], base_paths=['.'], packages_ignore=None, packages_ignore_regex=None, paths=None, packages_up_to=None, packages_up_to_regex=None, packages_above=None, packages_above_and_dependencies=None, packages_above_depth=None, packages_select_by_dep=None, packages_skip_by_dep=None, packages_skip_up_to=None, packages_select_build_failed=False, packages_skip_build_finished=False, packages_select_test_failures=False, packages_skip_test_passed=False, packages_select=None, packages_skip=None, packages_select_regex=None, packages_skip_regex=None, packages_start=None, packages_end=None, allow_overriding=[], cmake_args=None, cmake_target=None, cmake_target_skip_unavailable=False, cmake_clean_cache=False, cmake_clean_first=False, cmake_force_configure=False, ament_cmake_args=None, catkin_cmake_args=None, catkin_skip_building_tests=False, verb_parser=<colcon_defaults.argument_parser.defaults.DefaultArgumentsDecorator object at 0x7f3d27366080>, verb_extension=<colcon_core.verb.build.BuildVerb object at 0x7f3d27367370>, main=<bound method BuildVerb.main of <colcon_core.verb.build.BuildVerb object at 0x7f3d27367370>>)
[1.206s] Level 1:colcon.colcon_core.package_discovery:discover_packages(colcon_meta) check parameters
[1.206s] Level 1:colcon.colcon_core.package_discovery:discover_packages(recursive) check parameters
[1.206s] Level 1:colcon.colcon_core.package_discovery:discover_packages(ignore) check parameters
[1.206s] Level 1:colcon.colcon_core.package_discovery:discover_packages(path) check parameters
[1.206s] Level 1:colcon.colcon_core.package_discovery:discover_packages(colcon_meta) discover
[1.207s] Level 1:colcon.colcon_core.package_discovery:discover_packages(recursive) discover
[1.207s] INFO:colcon.colcon_core.package_discovery:Crawling recursively for packages in '/home/meiling/bumperbot_ws'
[1.207s] Level 1:colcon.colcon_core.package_identification:_identify(.) by extensions ['ignore', 'ignore_ament_install']
[1.207s] Level 1:colcon.colcon_core.package_identification:_identify(.) by extension 'ignore'
[1.207s] Level 1:colcon.colcon_core.package_identification:_identify(.) by extension 'ignore_ament_install'
[1.207s] Level 1:colcon.colcon_core.package_identification:_identify(.) by extensions ['colcon_pkg']
[1.207s] Level 1:colcon.colcon_core.package_identification:_identify(.) by extension 'colcon_pkg'
[1.207s] Level 1:colcon.colcon_core.package_identification:_identify(.) by extensions ['colcon_meta']
[1.207s] Level 1:colcon.colcon_core.package_identification:_identify(.) by extension 'colcon_meta'
[1.207s] Level 1:colcon.colcon_core.package_identification:_identify(.) by extensions ['ros']
[1.207s] Level 1:colcon.colcon_core.package_identification:_identify(.) by extension 'ros'
[1.223s] Level 1:colcon.colcon_core.package_identification:_identify(.) by extensions ['cmake', 'python']
[1.223s] Level 1:colcon.colcon_core.package_identification:_identify(.) by extension 'cmake'
[1.223s] Level 1:colcon.colcon_core.package_identification:_identify(.) by extension 'python'
[1.223s] Level 1:colcon.colcon_core.package_identification:_identify(.) by extensions ['python_setup_py']
[1.223s] Level 1:colcon.colcon_core.package_identification:_identify(.) by extension 'python_setup_py'
[1.223s] Level 1:colcon.colcon_core.package_identification:_identify(build) by extensions ['ignore', 'ignore_ament_install']
[1.223s] Level 1:colcon.colcon_core.package_identification:_identify(build) by extension 'ignore'
[1.223s] Level 1:colcon.colcon_core.package_identification:_identify(build) ignored
[1.223s] Level 1:colcon.colcon_core.package_identification:_identify(install) by extensions ['ignore', 'ignore_ament_install']
[1.223s] Level 1:colcon.colcon_core.package_identification:_identify(install) by extension 'ignore'
[1.223s] Level 1:colcon.colcon_core.package_identification:_identify(install) ignored
[1.223s] Level 1:colcon.colcon_core.package_identification:_identify(log) by extensions ['ignore', 'ignore_ament_install']
[1.223s] Level 1:colcon.colcon_core.package_identification:_identify(log) by extension 'ignore'
[1.223s] Level 1:colcon.colcon_core.package_identification:_identify(log) ignored
[1.224s] Level 1:colcon.colcon_core.package_identification:_identify(src) by extensions ['ignore', 'ignore_ament_install']
[1.224s] Level 1:colcon.colcon_core.package_identification:_identify(src) by extension 'ignore'
[1.224s] Level 1:colcon.colcon_core.package_identification:_identify(src) by extension 'ignore_ament_install'
[1.224s] Level 1:colcon.colcon_core.package_identification:_identify(src) by extensions ['colcon_pkg']
[1.224s] Level 1:colcon.colcon_core.package_identification:_identify(src) by extension 'colcon_pkg'
[1.224s] Level 1:colcon.colcon_core.package_identification:_identify(src) by extensions ['colcon_meta']
[1.224s] Level 1:colcon.colcon_core.package_identification:_identify(src) by extension 'colcon_meta'
[1.224s] Level 1:colcon.colcon_core.package_identification:_identify(src) by extensions ['ros']
[1.224s] Level 1:colcon.colcon_core.package_identification:_identify(src) by extension 'ros'
[1.224s] Level 1:colcon.colcon_core.package_identification:_identify(src) by extensions ['cmake', 'python']
[1.224s] Level 1:colcon.colcon_core.package_identification:_identify(src) by extension 'cmake'
[1.224s] Level 1:colcon.colcon_core.package_identification:_identify(src) by extension 'python'
[1.224s] Level 1:colcon.colcon_core.package_identification:_identify(src) by extensions ['python_setup_py']
[1.224s] Level 1:colcon.colcon_core.package_identification:_identify(src) by extension 'python_setup_py'
[1.224s] Level 1:colcon.colcon_core.package_identification:_identify(src/bumperbot_cpp_examples) by extensions ['ignore', 'ignore_ament_install']
[1.224s] Level 1:colcon.colcon_core.package_identification:_identify(src/bumperbot_cpp_examples) by extension 'ignore'
[1.224s] Level 1:colcon.colcon_core.package_identification:_identify(src/bumperbot_cpp_examples) by extension 'ignore_ament_install'
[1.224s] Level 1:colcon.colcon_core.package_identification:_identify(src/bumperbot_cpp_examples) by extensions ['colcon_pkg']
[1.225s] Level 1:colcon.colcon_core.package_identification:_identify(src/bumperbot_cpp_examples) by extension 'colcon_pkg'
[1.225s] Level 1:colcon.colcon_core.package_identification:_identify(src/bumperbot_cpp_examples) by extensions ['colcon_meta']
[1.225s] Level 1:colcon.colcon_core.package_identification:_identify(src/bumperbot_cpp_examples) by extension 'colcon_meta'
[1.225s] Level 1:colcon.colcon_core.package_identification:_identify(src/bumperbot_cpp_examples) by extensions ['ros']
[1.225s] Level 1:colcon.colcon_core.package_identification:_identify(src/bumperbot_cpp_examples) by extension 'ros'
[1.229s] DEBUG:colcon.colcon_core.package_identification:Package 'src/bumperbot_cpp_examples' with type 'ros.ament_cmake' and name 'bumperbot_cpp_examples'
[1.229s] Level 1:colcon.colcon_core.package_identification:_identify(src/bumperbot_py_examples) by extensions ['ignore', 'ignore_ament_install']
[1.229s] Level 1:colcon.colcon_core.package_identification:_identify(src/bumperbot_py_examples) by extension 'ignore'
[1.229s] Level 1:colcon.colcon_core.package_identification:_identify(src/bumperbot_py_examples) by extension 'ignore_ament_install'
[1.229s] Level 1:colcon.colcon_core.package_identification:_identify(src/bumperbot_py_examples) by extensions ['colcon_pkg']
[1.229s] Level 1:colcon.colcon_core.package_identification:_identify(src/bumperbot_py_examples) by extension 'colcon_pkg'
[1.229s] Level 1:colcon.colcon_core.package_identification:_identify(src/bumperbot_py_examples) by extensions ['colcon_meta']
[1.229s] Level 1:colcon.colcon_core.package_identification:_identify(src/bumperbot_py_examples) by extension 'colcon_meta'
[1.229s] Level 1:colcon.colcon_core.package_identification:_identify(src/bumperbot_py_examples) by extensions ['ros']
[1.229s] Level 1:colcon.colcon_core.package_identification:_identify(src/bumperbot_py_examples) by extension 'ros'
[1.230s] DEBUG:colcon.colcon_core.package_identification:Package 'src/bumperbot_py_examples' with type 'ros.ament_python' and name 'bumperbot_py_examples'
[1.230s] Level 1:colcon.colcon_core.package_discovery:discover_packages(recursive) using defaults
[1.230s] Level 1:colcon.colcon_core.package_discovery:discover_packages(ignore) discover
[1.230s] Level 1:colcon.colcon_core.package_discovery:discover_packages(ignore) using defaults
[1.230s] Level 1:colcon.colcon_core.package_discovery:discover_packages(path) discover
[1.230s] Level 1:colcon.colcon_core.package_discovery:discover_packages(path) using defaults
[1.331s] Level 1:colcon.colcon_core.package_discovery:discover_packages(prefix_path) check parameters
[1.332s] Level 1:colcon.colcon_core.package_discovery:discover_packages(prefix_path) discover
[1.365s] DEBUG:colcon.colcon_installed_package_information.package_discovery:Found 329 installed packages in /opt/ros/humble
[1.366s] Level 1:colcon.colcon_core.package_discovery:discover_packages(prefix_path) using defaults
[1.486s] Level 5:colcon.colcon_core.verb:set package 'bumperbot_cpp_examples' build argument 'cmake_args' from command line to 'None'
[1.486s] Level 5:colcon.colcon_core.verb:set package 'bumperbot_cpp_examples' build argument 'cmake_target' from command line to 'None'
[1.486s] Level 5:colcon.colcon_core.verb:set package 'bumperbot_cpp_examples' build argument 'cmake_target_skip_unavailable' from command line to 'False'
[1.486s] Level 5:colcon.colcon_core.verb:set package 'bumperbot_cpp_examples' build argument 'cmake_clean_cache' from command line to 'False'
[1.486s] Level 5:colcon.colcon_core.verb:set package 'bumperbot_cpp_examples' build argument 'cmake_clean_first' from command line to 'False'
[1.486s] Level 5:colcon.colcon_core.verb:set package 'bumperbot_cpp_examples' build argument 'cmake_force_configure' from command line to 'False'
[1.486s] Level 5:colcon.colcon_core.verb:set package 'bumperbot_cpp_examples' build argument 'ament_cmake_args' from command line to 'None'
[1.486s] Level 5:colcon.colcon_core.verb:set package 'bumperbot_cpp_examples' build argument 'catkin_cmake_args' from command line to 'None'
[1.486s] Level 5:colcon.colcon_core.verb:set package 'bumperbot_cpp_examples' build argument 'catkin_skip_building_tests' from command line to 'False'
[1.486s] DEBUG:colcon.colcon_core.verb:Building package 'bumperbot_cpp_examples' with the following arguments: {'ament_cmake_args': None, 'build_base': '/home/meiling/bumperbot_ws/build/bumperbot_cpp_examples', 'catkin_cmake_args': None, 'catkin_skip_building_tests': False, 'cmake_args': None, 'cmake_clean_cache': False, 'cmake_clean_first': False, 'cmake_force_configure': False, 'cmake_target': None, 'cmake_target_skip_unavailable': False, 'install_base': '/home/meiling/bumperbot_ws/install/bumperbot_cpp_examples', 'merge_install': False, 'path': '/home/meiling/bumperbot_ws/src/bumperbot_cpp_examples', 'symlink_install': False, 'test_result_base': None}
[1.503s] Level 5:colcon.colcon_core.verb:set package 'bumperbot_py_examples' build argument 'cmake_args' from command line to 'None'
[1.503s] Level 5:colcon.colcon_core.verb:set package 'bumperbot_py_examples' build argument 'cmake_target' from command line to 'None'
[1.503s] Level 5:colcon.colcon_core.verb:set package 'bumperbot_py_examples' build argument 'cmake_target_skip_unavailable' from command line to 'False'
[1.503s] Level 5:colcon.colcon_core.verb:set package 'bumperbot_py_examples' build argument 'cmake_clean_cache' from command line to 'False'
[1.503s] Level 5:colcon.colcon_core.verb:set package 'bumperbot_py_examples' build argument 'cmake_clean_first' from command line to 'False'
[1.503s] Level 5:colcon.colcon_core.verb:set package 'bumperbot_py_examples' build argument 'cmake_force_configure' from command line to 'False'
[1.503s] Level 5:colcon.colcon_core.verb:set package 'bumperbot_py_examples' build argument 'ament_cmake_args' from command line to 'None'
[1.503s] Level 5:colcon.colcon_core.verb:set package 'bumperbot_py_examples' build argument 'catkin_cmake_args' from command line to 'None'
[1.503s] Level 5:colcon.colcon_core.verb:set package 'bumperbot_py_examples' build argument 'catkin_skip_building_tests' from command line to 'False'
[1.504s] DEBUG:colcon.colcon_core.verb:Building package 'bumperbot_py_examples' with the following arguments: {'ament_cmake_args': None, 'build_base': '/home/meiling/bumperbot_ws/build/bumperbot_py_examples', 'catkin_cmake_args': None, 'catkin_skip_building_tests': False, 'cmake_args': None, 'cmake_clean_cache': False, 'cmake_clean_first': False, 'cmake_force_configure': False, 'cmake_target': None, 'cmake_target_skip_unavailable': False, 'install_base': '/home/meiling/bumperbot_ws/install/bumperbot_py_examples', 'merge_install': False, 'path': '/home/meiling/bumperbot_ws/src/bumperbot_py_examples', 'symlink_install': False, 'test_result_base': None}
[1.520s] INFO:colcon.colcon_core.executor:Executing jobs using 'parallel' executor
[1.537s] DEBUG:colcon.colcon_parallel_executor.executor.parallel:run_until_complete
[1.538s] INFO:colcon.colcon_ros.task.ament_cmake.build:Building ROS package in '/home/meiling/bumperbot_ws/src/bumperbot_cpp_examples' with build type 'ament_cmake'
[1.538s] INFO:colcon.colcon_cmake.task.cmake.build:Building CMake package in '/home/meiling/bumperbot_ws/src/bumperbot_cpp_examples'
[1.556s] INFO:colcon.colcon_core.plugin_system:Skipping extension 'colcon_core.shell.bat': Not used on non-Windows systems
[1.556s] INFO:colcon.colcon_core.shell:Skip shell extension 'powershell' for command environment: Not usable outside of PowerShell
[1.556s] DEBUG:colcon.colcon_core.shell:Skip shell extension 'dsv' for command environment
[1.592s] INFO:colcon.colcon_ros.task.ament_python.build:Building ROS package in '/home/meiling/bumperbot_ws/src/bumperbot_py_examples' with build type 'ament_python'
[1.592s] Level 1:colcon.colcon_core.shell:create_environment_hook('bumperbot_py_examples', 'ament_prefix_path')
[1.610s] INFO:colcon.colcon_core.shell:Creating environment hook '/home/meiling/bumperbot_ws/install/bumperbot_py_examples/share/bumperbot_py_examples/hook/ament_prefix_path.ps1'
[1.611s] INFO:colcon.colcon_core.shell:Creating environment descriptor '/home/meiling/bumperbot_ws/install/bumperbot_py_examples/share/bumperbot_py_examples/hook/ament_prefix_path.dsv'
[1.611s] INFO:colcon.colcon_core.shell:Creating environment hook '/home/meiling/bumperbot_ws/install/bumperbot_py_examples/share/bumperbot_py_examples/hook/ament_prefix_path.sh'
[1.629s] INFO:colcon.colcon_core.shell:Skip shell extension 'powershell' for command environment: Not usable outside of PowerShell
[1.629s] DEBUG:colcon.colcon_core.shell:Skip shell extension 'dsv' for command environment
[1.672s] DEBUG:colcon.colcon_core.event_handler.log_command:Invoking command in '/home/meiling/bumperbot_ws/build/bumperbot_cpp_examples': CMAKE_PREFIX_PATH=/opt/ros/humble /usr/bin/cmake /home/meiling/bumperbot_ws/src/bumperbot_cpp_examples -DCMAKE_INSTALL_PREFIX=/home/meiling/bumperbot_ws/install/bumperbot_cpp_examples
[1.970s] INFO:colcon.colcon_core.task.python.build:Building Python package in '/home/meiling/bumperbot_ws/src/bumperbot_py_examples'
[1.992s] INFO:colcon.colcon_core.shell:Skip shell extension 'powershell' for command environment: Not usable outside of PowerShell
[1.992s] DEBUG:colcon.colcon_core.shell:Skip shell extension 'dsv' for command environment
[2.511s] DEBUG:colcon.colcon_core.event_handler.log_command:Invoked command in '/home/meiling/bumperbot_ws/build/bumperbot_cpp_examples' returned '0': CMAKE_PREFIX_PATH=/opt/ros/humble /usr/bin/cmake /home/meiling/bumperbot_ws/src/bumperbot_cpp_examples -DCMAKE_INSTALL_PREFIX=/home/meiling/bumperbot_ws/install/bumperbot_cpp_examples
[2.513s] DEBUG:colcon.colcon_core.event_handler.log_command:Invoking command in '/home/meiling/bumperbot_ws/build/bumperbot_cpp_examples': CMAKE_PREFIX_PATH=/opt/ros/humble /usr/bin/cmake --build /home/meiling/bumperbot_ws/build/bumperbot_cpp_examples -- -j8 -l8
[2.553s] DEBUG:colcon.colcon_core.event_handler.log_command:Invoked command in '/home/meiling/bumperbot_ws/build/bumperbot_cpp_examples' returned '0': CMAKE_PREFIX_PATH=/opt/ros/humble /usr/bin/cmake --build /home/meiling/bumperbot_ws/build/bumperbot_cpp_examples -- -j8 -l8
[2.589s] DEBUG:colcon.colcon_core.event_handler.log_command:Invoking command in '/home/meiling/bumperbot_ws/build/bumperbot_cpp_examples': CMAKE_PREFIX_PATH=/opt/ros/humble /usr/bin/cmake --install /home/meiling/bumperbot_ws/build/bumperbot_cpp_examples
[2.602s] Level 1:colcon.colcon_core.environment:create_environment_scripts_only(bumperbot_cpp_examples)
[2.603s] DEBUG:colcon.colcon_core.event_handler.log_command:Invoked command in '/home/meiling/bumperbot_ws/build/bumperbot_cpp_examples' returned '0': CMAKE_PREFIX_PATH=/opt/ros/humble /usr/bin/cmake --install /home/meiling/bumperbot_ws/build/bumperbot_cpp_examples
[2.631s] Level 1:colcon.colcon_core.environment:checking '/home/meiling/bumperbot_ws/install/bumperbot_cpp_examples' for CMake module files
[2.632s] Level 1:colcon.colcon_core.environment:checking '/home/meiling/bumperbot_ws/install/bumperbot_cpp_examples' for CMake config files
[2.632s] Level 1:colcon.colcon_core.shell:create_environment_hook('bumperbot_cpp_examples', 'cmake_prefix_path')
[2.653s] INFO:colcon.colcon_core.shell:Creating environment hook '/home/meiling/bumperbot_ws/install/bumperbot_cpp_examples/share/bumperbot_cpp_examples/hook/cmake_prefix_path.ps1'
[2.653s] INFO:colcon.colcon_core.shell:Creating environment descriptor '/home/meiling/bumperbot_ws/install/bumperbot_cpp_examples/share/bumperbot_cpp_examples/hook/cmake_prefix_path.dsv'
[2.653s] INFO:colcon.colcon_core.shell:Creating environment hook '/home/meiling/bumperbot_ws/install/bumperbot_cpp_examples/share/bumperbot_cpp_examples/hook/cmake_prefix_path.sh'
[2.654s] Level 1:colcon.colcon_core.environment:checking '/home/meiling/bumperbot_ws/install/bumperbot_cpp_examples/bin'
[2.654s] Level 1:colcon.colcon_core.environment:checking '/home/meiling/bumperbot_ws/install/bumperbot_cpp_examples/lib/pkgconfig/bumperbot_cpp_examples.pc'
[2.655s] Level 1:colcon.colcon_core.environment:checking '/home/meiling/bumperbot_ws/install/bumperbot_cpp_examples/lib/python3.10/site-packages'
[2.655s] Level 1:colcon.colcon_core.environment:checking '/home/meiling/bumperbot_ws/install/bumperbot_cpp_examples/bin'
[2.674s] INFO:colcon.colcon_core.shell:Creating package script '/home/meiling/bumperbot_ws/install/bumperbot_cpp_examples/share/bumperbot_cpp_examples/package.ps1'
[2.675s] INFO:colcon.colcon_core.shell:Creating package descriptor '/home/meiling/bumperbot_ws/install/bumperbot_cpp_examples/share/bumperbot_cpp_examples/package.dsv'
[2.676s] INFO:colcon.colcon_core.shell:Creating package script '/home/meiling/bumperbot_ws/install/bumperbot_cpp_examples/share/bumperbot_cpp_examples/package.sh'
[2.677s] INFO:colcon.colcon_core.shell:Creating package script '/home/meiling/bumperbot_ws/install/bumperbot_cpp_examples/share/bumperbot_cpp_examples/package.bash'
[2.677s] INFO:colcon.colcon_core.shell:Creating package script '/home/meiling/bumperbot_ws/install/bumperbot_cpp_examples/share/bumperbot_cpp_examples/package.zsh'
[2.678s] Level 1:colcon.colcon_core.environment:create_file_with_runtime_dependencies(/home/meiling/bumperbot_ws/install/bumperbot_cpp_examples/share/colcon-core/packages/bumperbot_cpp_examples)
[2.682s] DEBUG:colcon.colcon_core.event_handler.log_command:Invoking command in '/home/meiling/bumperbot_ws/src/bumperbot_py_examples': PYTHONPATH=/home/meiling/bumperbot_ws/build/bumperbot_py_examples/prefix_override:/home/meiling/bumperbot_ws/install/bumperbot_py_examples/lib/python3.10/site-packages:${PYTHONPATH} /usr/bin/python3 setup.py egg_info --egg-base ../../build/bumperbot_py_examples build --build-base /home/meiling/bumperbot_ws/build/bumperbot_py_examples/build install --record /home/meiling/bumperbot_ws/build/bumperbot_py_examples/install.log --single-version-externally-managed
[2.718s] Level 1:colcon.colcon_core.environment:create_environment_scripts_only(bumperbot_cpp_examples)
[2.736s] Level 1:colcon.colcon_core.environment:checking '/home/meiling/bumperbot_ws/install/bumperbot_cpp_examples' for CMake module files
[2.737s] Level 1:colcon.colcon_core.environment:checking '/home/meiling/bumperbot_ws/install/bumperbot_cpp_examples' for CMake config files
[2.737s] Level 1:colcon.colcon_core.shell:create_environment_hook('bumperbot_cpp_examples', 'cmake_prefix_path')
[2.754s] INFO:colcon.colcon_core.shell:Creating environment hook '/home/meiling/bumperbot_ws/install/bumperbot_cpp_examples/share/bumperbot_cpp_examples/hook/cmake_prefix_path.ps1'
[2.754s] INFO:colcon.colcon_core.shell:Creating environment descriptor '/home/meiling/bumperbot_ws/install/bumperbot_cpp_examples/share/bumperbot_cpp_examples/hook/cmake_prefix_path.dsv'
[2.754s] INFO:colcon.colcon_core.shell:Creating environment hook '/home/meiling/bumperbot_ws/install/bumperbot_cpp_examples/share/bumperbot_cpp_examples/hook/cmake_prefix_path.sh'
[2.755s] Level 1:colcon.colcon_core.environment:checking '/home/meiling/bumperbot_ws/install/bumperbot_cpp_examples/bin'
[2.755s] Level 1:colcon.colcon_core.environment:checking '/home/meiling/bumperbot_ws/install/bumperbot_cpp_examples/lib/pkgconfig/bumperbot_cpp_examples.pc'
[2.755s] Level 1:colcon.colcon_core.environment:checking '/home/meiling/bumperbot_ws/install/bumperbot_cpp_examples/lib/python3.10/site-packages'
[2.755s] Level 1:colcon.colcon_core.environment:checking '/home/meiling/bumperbot_ws/install/bumperbot_cpp_examples/bin'
[2.772s] INFO:colcon.colcon_core.shell:Creating package script '/home/meiling/bumperbot_ws/install/bumperbot_cpp_examples/share/bumperbot_cpp_examples/package.ps1'
[2.773s] INFO:colcon.colcon_core.shell:Creating package descriptor '/home/meiling/bumperbot_ws/install/bumperbot_cpp_examples/share/bumperbot_cpp_examples/package.dsv'
[2.773s] INFO:colcon.colcon_core.shell:Creating package script '/home/meiling/bumperbot_ws/install/bumperbot_cpp_examples/share/bumperbot_cpp_examples/package.sh'
[2.773s] INFO:colcon.colcon_core.shell:Creating package script '/home/meiling/bumperbot_ws/install/bumperbot_cpp_examples/share/bumperbot_cpp_examples/package.bash'
[2.774s] INFO:colcon.colcon_core.shell:Creating package script '/home/meiling/bumperbot_ws/install/bumperbot_cpp_examples/share/bumperbot_cpp_examples/package.zsh'
[2.774s] Level 1:colcon.colcon_core.environment:create_file_with_runtime_dependencies(/home/meiling/bumperbot_ws/install/bumperbot_cpp_examples/share/colcon-core/packages/bumperbot_cpp_examples)
[3.005s] DEBUG:colcon.colcon_core.event_handler.log_command:Invoked command in '/home/meiling/bumperbot_ws/src/bumperbot_py_examples' returned '0': PYTHONPATH=/home/meiling/bumperbot_ws/build/bumperbot_py_examples/prefix_override:/home/meiling/bumperbot_ws/install/bumperbot_py_examples/lib/python3.10/site-packages:${PYTHONPATH} /usr/bin/python3 setup.py egg_info --egg-base ../../build/bumperbot_py_examples build --build-base /home/meiling/bumperbot_ws/build/bumperbot_py_examples/build install --record /home/meiling/bumperbot_ws/build/bumperbot_py_examples/install.log --single-version-externally-managed
[3.029s] Level 1:colcon.colcon_core.environment:checking '/home/meiling/bumperbot_ws/install/bumperbot_py_examples' for CMake module files
[3.030s] Level 1:colcon.colcon_core.environment:checking '/home/meiling/bumperbot_ws/install/bumperbot_py_examples' for CMake config files
[3.030s] Level 1:colcon.colcon_core.environment:checking '/home/meiling/bumperbot_ws/install/bumperbot_py_examples/lib'
[3.031s] Level 1:colcon.colcon_core.environment:checking '/home/meiling/bumperbot_ws/install/bumperbot_py_examples/bin'
[3.031s] Level 1:colcon.colcon_core.environment:checking '/home/meiling/bumperbot_ws/install/bumperbot_py_examples/lib/pkgconfig/bumperbot_py_examples.pc'
[3.031s] Level 1:colcon.colcon_core.environment:checking '/home/meiling/bumperbot_ws/install/bumperbot_py_examples/lib/python3.10/site-packages'
[3.031s] Level 1:colcon.colcon_core.shell:create_environment_hook('bumperbot_py_examples', 'pythonpath')
[3.050s] INFO:colcon.colcon_core.shell:Creating environment hook '/home/meiling/bumperbot_ws/install/bumperbot_py_examples/share/bumperbot_py_examples/hook/pythonpath.ps1'
[3.051s] INFO:colcon.colcon_core.shell:Creating environment descriptor '/home/meiling/bumperbot_ws/install/bumperbot_py_examples/share/bumperbot_py_examples/hook/pythonpath.dsv'
[3.051s] INFO:colcon.colcon_core.shell:Creating environment hook '/home/meiling/bumperbot_ws/install/bumperbot_py_examples/share/bumperbot_py_examples/hook/pythonpath.sh'
[3.052s] Level 1:colcon.colcon_core.environment:checking '/home/meiling/bumperbot_ws/install/bumperbot_py_examples/bin'
[3.052s] Level 1:colcon.colcon_core.environment:create_environment_scripts_only(bumperbot_py_examples)
[3.069s] INFO:colcon.colcon_core.shell:Creating package script '/home/meiling/bumperbot_ws/install/bumperbot_py_examples/share/bumperbot_py_examples/package.ps1'
[3.069s] INFO:colcon.colcon_core.shell:Creating package descriptor '/home/meiling/bumperbot_ws/install/bumperbot_py_examples/share/bumperbot_py_examples/package.dsv'
[3.069s] INFO:colcon.colcon_core.shell:Creating package script '/home/meiling/bumperbot_ws/install/bumperbot_py_examples/share/bumperbot_py_examples/package.sh'
[3.070s] INFO:colcon.colcon_core.shell:Creating package script '/home/meiling/bumperbot_ws/install/bumperbot_py_examples/share/bumperbot_py_examples/package.bash'
[3.070s] INFO:colcon.colcon_core.shell:Creating package script '/home/meiling/bumperbot_ws/install/bumperbot_py_examples/share/bumperbot_py_examples/package.zsh'
[3.070s] Level 1:colcon.colcon_core.environment:create_file_with_runtime_dependencies(/home/meiling/bumperbot_ws/install/bumperbot_py_examples/share/colcon-core/packages/bumperbot_py_examples)
[3.071s] DEBUG:colcon.colcon_parallel_executor.executor.parallel:closing loop
[3.071s] DEBUG:colcon.colcon_parallel_executor.executor.parallel:loop closed
[3.071s] DEBUG:colcon.colcon_parallel_executor.executor.parallel:run_until_complete finished with '0'
[3.071s] DEBUG:colcon.colcon_core.event_reactor:joining thread
[3.093s] INFO:colcon.colcon_core.plugin_system:Skipping extension 'colcon_notification.desktop_notification.terminal_notifier': Not used on non-Darwin systems
[3.093s] INFO:colcon.colcon_core.plugin_system:Skipping extension 'colcon_notification.desktop_notification.win32': Not used on non-Windows systems
[3.094s] INFO:colcon.colcon_notification.desktop_notification:Sending desktop notification using 'notify2'
[3.106s] DEBUG:colcon.colcon_core.event_reactor:joined thread
[3.128s] INFO:colcon.colcon_core.shell:Creating prefix script '/home/meiling/bumperbot_ws/install/local_setup.ps1'
[3.129s] INFO:colcon.colcon_core.shell:Creating prefix util module '/home/meiling/bumperbot_ws/install/_local_setup_util_ps1.py'
[3.131s] INFO:colcon.colcon_core.shell:Creating prefix chain script '/home/meiling/bumperbot_ws/install/setup.ps1'
[3.151s] INFO:colcon.colcon_core.shell:Creating prefix script '/home/meiling/bumperbot_ws/install/local_setup.sh'
[3.151s] INFO:colcon.colcon_core.shell:Creating prefix util module '/home/meiling/bumperbot_ws/install/_local_setup_util_sh.py'
[3.152s] INFO:colcon.colcon_core.shell:Creating prefix chain script '/home/meiling/bumperbot_ws/install/setup.sh'
[3.171s] INFO:colcon.colcon_core.shell:Creating prefix script '/home/meiling/bumperbot_ws/install/local_setup.bash'
[3.171s] INFO:colcon.colcon_core.shell:Creating prefix chain script '/home/meiling/bumperbot_ws/install/setup.bash'
[3.191s] INFO:colcon.colcon_core.shell:Creating prefix script '/home/meiling/bumperbot_ws/install/local_setup.zsh'
[3.191s] INFO:colcon.colcon_core.shell:Creating prefix chain script '/home/meiling/bumperbot_ws/install/setup.zsh'
