[1.153s] Invoking command in '/home/meiling/bumperbot_ws/src/bumperbot_py_examples': PYTHONPATH=/home/meiling/bumperbot_ws/build/bumperbot_py_examples/prefix_override:/home/meiling/bumperbot_ws/install/bumperbot_py_examples/lib/python3.10/site-packages:${PYTHONPATH} /usr/bin/python3 setup.py egg_info --egg-base ../../build/bumperbot_py_examples build --build-base /home/meiling/bumperbot_ws/build/bumperbot_py_examples/build install --record /home/meiling/bumperbot_ws/build/bumperbot_py_examples/install.log --single-version-externally-managed
[1.518s] running egg_info
[1.519s] writing ../../build/bumperbot_py_examples/bumperbot_py_examples.egg-info/PKG-INFO
[1.520s] writing dependency_links to ../../build/bumperbot_py_examples/bumperbot_py_examples.egg-info/dependency_links.txt
[1.520s] writing entry points to ../../build/bumperbot_py_examples/bumperbot_py_examples.egg-info/entry_points.txt
[1.520s] writing requirements to ../../build/bumperbot_py_examples/bumperbot_py_examples.egg-info/requires.txt
[1.520s] writing top-level names to ../../build/bumperbot_py_examples/bumperbot_py_examples.egg-info/top_level.txt
[1.523s] reading manifest file '../../build/bumperbot_py_examples/bumperbot_py_examples.egg-info/SOURCES.txt'
[1.525s] writing manifest file '../../build/bumperbot_py_examples/bumperbot_py_examples.egg-info/SOURCES.txt'
[1.525s] running build
[1.525s] running build_py
[1.525s] running install
[1.526s] /usr/lib/python3/dist-packages/setuptools/command/install.py:34: SetuptoolsDeprecationWarning: setup.py install is deprecated. Use build and pip and other standards-based tools.
[1.526s]   warnings.warn(
[1.526s] running install_lib
[1.528s] running install_data
[1.529s] running install_egg_info
[1.533s] removing '/home/meiling/bumperbot_ws/install/bumperbot_py_examples/lib/python3.10/site-packages/bumperbot_py_examples-0.0.0-py3.10.egg-info' (and everything under it)
[1.533s] Copying ../../build/bumperbot_py_examples/bumperbot_py_examples.egg-info to /home/meiling/bumperbot_ws/install/bumperbot_py_examples/lib/python3.10/site-packages/bumperbot_py_examples-0.0.0-py3.10.egg-info
[1.534s] running install_scripts
[1.560s] Installing simple_publisher script to /home/meiling/bumperbot_ws/install/bumperbot_py_examples/lib/bumperbot_py_examples
[1.561s] Installing simple_subscriber script to /home/meiling/bumperbot_ws/install/bumperbot_py_examples/lib/bumperbot_py_examples
[1.561s] writing list of installed files to '/home/meiling/bumperbot_ws/build/bumperbot_py_examples/install.log'
[1.590s] Invoked command in '/home/meiling/bumperbot_ws/src/bumperbot_py_examples' returned '0': PYTHONPATH=/home/meiling/bumperbot_ws/build/bumperbot_py_examples/prefix_override:/home/meiling/bumperbot_ws/install/bumperbot_py_examples/lib/python3.10/site-packages:${PYTHONPATH} /usr/bin/python3 setup.py egg_info --egg-base ../../build/bumperbot_py_examples build --build-base /home/meiling/bumperbot_ws/build/bumperbot_py_examples/build install --record /home/meiling/bumperbot_ws/build/bumperbot_py_examples/install.log --single-version-externally-managed
