[0.373s] Invoking command in '/home/meiling/bumperbot_ws/build/bumperbot_cpp_examples': CMAKE_PREFIX_PATH=${CMAKE_PREFIX_PATH}:/home/meiling/bumperbot_ws/install/bumperbot_py_examples:/opt/ros/humble /usr/bin/cmake --build /home/meiling/bumperbot_ws/build/bumperbot_cpp_examples -- -j8 -l8
[0.523s] -- Found ament_cmake: 1.3.6 (/opt/ros/humble/share/ament_cmake/cmake)
[0.721s] -- Found rclcpp: 16.0.7 (/opt/ros/humble/share/rclcpp/cmake)
[0.779s] -- Found rosidl_generator_c: 3.1.5 (/opt/ros/humble/share/rosidl_generator_c/cmake)
[0.782s] -- Found rosidl_adapter: 3.1.5 (/opt/ros/humble/share/rosidl_adapter/cmake)
[0.792s] -- Found rosidl_generator_cpp: 3.1.5 (/opt/ros/humble/share/rosidl_generator_cpp/cmake)
[0.807s] -- Using all available rosidl_typesupport_c: rosidl_typesupport_fastrtps_c;rosidl_typesupport_introspection_c
[0.832s] -- Using all available rosidl_typesupport_cpp: rosidl_typesupport_fastrtps_cpp;rosidl_typesupport_introspection_cpp
[0.909s] -- Found rmw_implementation_cmake: 6.1.1 (/opt/ros/humble/share/rmw_implementation_cmake/cmake)
[0.913s] -- Found rmw_fastrtps_cpp: 6.2.5 (/opt/ros/humble/share/rmw_fastrtps_cpp/cmake)
[1.116s] -- Using RMW implementation 'rmw_fastrtps_cpp' as default
[1.358s] -- Found ament_lint_auto: 0.12.9 (/opt/ros/humble/share/ament_lint_auto/cmake)
[1.478s] -- Added test 'cppcheck' to perform static code analysis on C / C++ code
[1.478s] -- Configured cppcheck include dirs: 
[1.478s] -- Configured cppcheck exclude dirs and/or files: 
[1.479s] -- Added test 'lint_cmake' to check CMake code style
[1.480s] -- Added test 'uncrustify' to check C / C++ code style
[1.480s] -- Configured uncrustify additional arguments: 
[1.480s] -- Added test 'xmllint' to check XML markup files
[1.481s] -- Configuring done
[1.549s] -- Generating done
[1.551s] -- Build files have been written to: /home/meiling/bumperbot_ws/build/bumperbot_cpp_examples
[1.590s] [35m[1mConsolidate compiler generated dependencies of target simple_publisher[0m
[1.611s] [ 50%] [32mBuilding CXX object CMakeFiles/simple_publisher.dir/src/simple_publisher.cpp.o[0m
[6.606s] [100%] [32m[1mLinking CXX executable simple_publisher[0m
[6.836s] [100%] Built target simple_publisher
[6.849s] Invoked command in '/home/meiling/bumperbot_ws/build/bumperbot_cpp_examples' returned '0': CMAKE_PREFIX_PATH=${CMAKE_PREFIX_PATH}:/home/meiling/bumperbot_ws/install/bumperbot_py_examples:/opt/ros/humble /usr/bin/cmake --build /home/meiling/bumperbot_ws/build/bumperbot_cpp_examples -- -j8 -l8
[6.877s] Invoking command in '/home/meiling/bumperbot_ws/build/bumperbot_cpp_examples': CMAKE_PREFIX_PATH=${CMAKE_PREFIX_PATH}:/home/meiling/bumperbot_ws/install/bumperbot_py_examples:/opt/ros/humble /usr/bin/cmake --install /home/meiling/bumperbot_ws/build/bumperbot_cpp_examples
[6.885s] -- Install configuration: ""
[7.116s] -- Installing: /home/meiling/bumperbot_ws/install/bumperbot_cpp_examples/lib/s{PROJECT_NAME}/simple_publisher
[7.123s] -- Set runtime path of "/home/meiling/bumperbot_ws/install/bumperbot_cpp_examples/lib/s{PROJECT_NAME}/simple_publisher" to ""
[7.124s] -- Up-to-date: /home/meiling/bumperbot_ws/install/bumperbot_cpp_examples/share/ament_index/resource_index/package_run_dependencies/bumperbot_cpp_examples
[7.125s] -- Installing: /home/meiling/bumperbot_ws/install/bumperbot_cpp_examples/share/ament_index/resource_index/parent_prefix_path/bumperbot_cpp_examples
[7.125s] -- Installing: /home/meiling/bumperbot_ws/install/bumperbot_cpp_examples/share/bumperbot_cpp_examples/environment/ament_prefix_path.sh
[7.126s] -- Installing: /home/meiling/bumperbot_ws/install/bumperbot_cpp_examples/share/bumperbot_cpp_examples/environment/ament_prefix_path.dsv
[7.126s] -- Installing: /home/meiling/bumperbot_ws/install/bumperbot_cpp_examples/share/bumperbot_cpp_examples/environment/path.sh
[7.126s] -- Installing: /home/meiling/bumperbot_ws/install/bumperbot_cpp_examples/share/bumperbot_cpp_examples/environment/path.dsv
[7.127s] -- Up-to-date: /home/meiling/bumperbot_ws/install/bumperbot_cpp_examples/share/bumperbot_cpp_examples/local_setup.bash
[7.127s] -- Up-to-date: /home/meiling/bumperbot_ws/install/bumperbot_cpp_examples/share/bumperbot_cpp_examples/local_setup.sh
[7.127s] -- Up-to-date: /home/meiling/bumperbot_ws/install/bumperbot_cpp_examples/share/bumperbot_cpp_examples/local_setup.zsh
[7.128s] -- Installing: /home/meiling/bumperbot_ws/install/bumperbot_cpp_examples/share/bumperbot_cpp_examples/local_setup.dsv
[7.128s] -- Installing: /home/meiling/bumperbot_ws/install/bumperbot_cpp_examples/share/bumperbot_cpp_examples/package.dsv
[7.129s] -- Up-to-date: /home/meiling/bumperbot_ws/install/bumperbot_cpp_examples/share/ament_index/resource_index/packages/bumperbot_cpp_examples
[7.129s] -- Up-to-date: /home/meiling/bumperbot_ws/install/bumperbot_cpp_examples/share/bumperbot_cpp_examples/cmake/bumperbot_cpp_examplesConfig.cmake
[7.130s] -- Up-to-date: /home/meiling/bumperbot_ws/install/bumperbot_cpp_examples/share/bumperbot_cpp_examples/cmake/bumperbot_cpp_examplesConfig-version.cmake
[7.130s] -- Up-to-date: /home/meiling/bumperbot_ws/install/bumperbot_cpp_examples/share/bumperbot_cpp_examples/package.xml
[7.136s] Invoked command in '/home/meiling/bumperbot_ws/build/bumperbot_cpp_examples' returned '0': CMAKE_PREFIX_PATH=${CMAKE_PREFIX_PATH}:/home/meiling/bumperbot_ws/install/bumperbot_py_examples:/opt/ros/humble /usr/bin/cmake --install /home/meiling/bumperbot_ws/build/bumperbot_cpp_examples
