[0.461s] Invoking command in '/home/meiling/bumperbot_ws/build/bumperbot_description': CMAKE_PREFIX_PATH=/opt/ros/humble /usr/bin/cmake --build /home/meiling/bumperbot_ws/build/bumperbot_description -- -j8 -l8
[0.537s] -- Found ament_cmake: 1.3.5 (/opt/ros/humble/share/ament_cmake/cmake)
[0.819s] -- Found ament_lint_auto: 0.12.8 (/opt/ros/humble/share/ament_lint_auto/cmake)
[0.970s] -- Added test 'lint_cmake' to check CMake code style
[0.974s] -- Added test 'xmllint' to check XML markup files
[0.976s] -- Configuring done
[0.986s] -- Generating done
[0.988s] -- Build files have been written to: /home/meiling/bumperbot_ws/build/bumperbot_description
[1.167s] Invoked command in '/home/meiling/bumperbot_ws/build/bumperbot_description' returned '0': CMAKE_PREFIX_PATH=/opt/ros/humble /usr/bin/cmake --build /home/meiling/bumperbot_ws/build/bumperbot_description -- -j8 -l8
[1.227s] Invoking command in '/home/meiling/bumperbot_ws/build/bumperbot_description': CMAKE_PREFIX_PATH=/opt/ros/humble /usr/bin/cmake --install /home/meiling/bumperbot_ws/build/bumperbot_description
[1.239s] -- Install configuration: ""
[1.239s] -- Installing: /home/meiling/bumperbot_ws/install/bumperbot_description/share/bumperbot_description/meshes
[1.240s] -- Installing: /home/meiling/bumperbot_ws/install/bumperbot_description/share/bumperbot_description/meshes/wheel_right_link.STL
[1.332s] -- Installing: /home/meiling/bumperbot_ws/install/bumperbot_description/share/bumperbot_description/meshes/base_link.STL
[1.628s] -- Installing: /home/meiling/bumperbot_ws/install/bumperbot_description/share/bumperbot_description/meshes/caster_rear_link.STL
[1.680s] -- Installing: /home/meiling/bumperbot_ws/install/bumperbot_description/share/bumperbot_description/meshes/caster_front_link.STL
[1.697s] -- Installing: /home/meiling/bumperbot_ws/install/bumperbot_description/share/bumperbot_description/meshes/wheel_left_link.STL
[1.726s] -- Installing: /home/meiling/bumperbot_ws/install/bumperbot_description/share/bumperbot_description/meshes/imu_link.STL
[1.753s] -- Installing: /home/meiling/bumperbot_ws/install/bumperbot_description/share/bumperbot_description/urdf
[1.753s] -- Installing: /home/meiling/bumperbot_ws/install/bumperbot_description/share/bumperbot_description/urdf/bumperbot.urdf.xacro
[1.754s] -- Up-to-date: /home/meiling/bumperbot_ws/install/bumperbot_description/share/ament_index/resource_index/package_run_dependencies/bumperbot_description
[1.754s] -- Up-to-date: /home/meiling/bumperbot_ws/install/bumperbot_description/share/ament_index/resource_index/parent_prefix_path/bumperbot_description
[1.754s] -- Up-to-date: /home/meiling/bumperbot_ws/install/bumperbot_description/share/bumperbot_description/environment/ament_prefix_path.sh
[1.754s] -- Installing: /home/meiling/bumperbot_ws/install/bumperbot_description/share/bumperbot_description/environment/ament_prefix_path.dsv
[1.754s] -- Up-to-date: /home/meiling/bumperbot_ws/install/bumperbot_description/share/bumperbot_description/environment/path.sh
[1.755s] -- Installing: /home/meiling/bumperbot_ws/install/bumperbot_description/share/bumperbot_description/environment/path.dsv
[1.755s] -- Up-to-date: /home/meiling/bumperbot_ws/install/bumperbot_description/share/bumperbot_description/local_setup.bash
[1.755s] -- Up-to-date: /home/meiling/bumperbot_ws/install/bumperbot_description/share/bumperbot_description/local_setup.sh
[1.755s] -- Up-to-date: /home/meiling/bumperbot_ws/install/bumperbot_description/share/bumperbot_description/local_setup.zsh
[1.756s] -- Installing: /home/meiling/bumperbot_ws/install/bumperbot_description/share/bumperbot_description/local_setup.dsv
[1.757s] -- Installing: /home/meiling/bumperbot_ws/install/bumperbot_description/share/bumperbot_description/package.dsv
[1.757s] -- Up-to-date: /home/meiling/bumperbot_ws/install/bumperbot_description/share/ament_index/resource_index/packages/bumperbot_description
[1.758s] -- Up-to-date: /home/meiling/bumperbot_ws/install/bumperbot_description/share/bumperbot_description/cmake/bumperbot_descriptionConfig.cmake
[1.758s] -- Up-to-date: /home/meiling/bumperbot_ws/install/bumperbot_description/share/bumperbot_description/cmake/bumperbot_descriptionConfig-version.cmake
[1.759s] -- Up-to-date: /home/meiling/bumperbot_ws/install/bumperbot_description/share/bumperbot_description/package.xml
[1.760s] Invoked command in '/home/meiling/bumperbot_ws/build/bumperbot_description' returned '0': CMAKE_PREFIX_PATH=/opt/ros/humble /usr/bin/cmake --install /home/meiling/bumperbot_ws/build/bumperbot_description
