[1.320s] DEBUG:colcon:Command line arguments: ['/usr/bin/colcon', 'build']
[1.320s] DEBUG:colcon:Parsed command line arguments: Namespace(log_base=None, log_level=None, verb_name='build', build_base='build', install_base='install', merge_install=False, symlink_install=False, test_result_base=None, continue_on_error=False, executor='parallel', parallel_workers=8, event_handlers=None, ignore_user_meta=False, metas=['./colcon.meta'], base_paths=['.'], packages_ignore=None, packages_ignore_regex=None, paths=None, packages_up_to=None, packages_up_to_regex=None, packages_above=None, packages_above_and_dependencies=None, packages_above_depth=None, packages_select_by_dep=None, packages_skip_by_dep=None, packages_skip_up_to=None, packages_select_build_failed=False, packages_skip_build_finished=False, packages_select_test_failures=False, packages_skip_test_passed=False, packages_select=None, packages_skip=None, packages_select_regex=None, packages_skip_regex=None, packages_start=None, packages_end=None, allow_overriding=[], cmake_args=None, cmake_target=None, cmake_target_skip_unavailable=False, cmake_clean_cache=False, cmake_clean_first=False, cmake_force_configure=False, ament_cmake_args=None, catkin_cmake_args=None, catkin_skip_building_tests=False, verb_parser=<colcon_defaults.argument_parser.defaults.DefaultArgumentsDecorator object at 0x7f296bd0e8f0>, verb_extension=<colcon_core.verb.build.BuildVerb object at 0x7f296bcfdb70>, main=<bound method BuildVerb.main of <colcon_core.verb.build.BuildVerb object at 0x7f296bcfdb70>>)
[1.378s] Level 1:colcon.colcon_core.package_discovery:discover_packages(colcon_meta) check parameters
[1.378s] Level 1:colcon.colcon_core.package_discovery:discover_packages(recursive) check parameters
[1.378s] Level 1:colcon.colcon_core.package_discovery:discover_packages(ignore) check parameters
[1.378s] Level 1:colcon.colcon_core.package_discovery:discover_packages(path) check parameters
[1.378s] Level 1:colcon.colcon_core.package_discovery:discover_packages(colcon_meta) discover
[1.378s] Level 1:colcon.colcon_core.package_discovery:discover_packages(recursive) discover
[1.378s] INFO:colcon.colcon_core.package_discovery:Crawling recursively for packages in '/home/meiling/bumperbot_ws'
[1.378s] Level 1:colcon.colcon_core.package_identification:_identify(.) by extensions ['ignore', 'ignore_ament_install']
[1.379s] Level 1:colcon.colcon_core.package_identification:_identify(.) by extension 'ignore'
[1.379s] Level 1:colcon.colcon_core.package_identification:_identify(.) by extension 'ignore_ament_install'
[1.379s] Level 1:colcon.colcon_core.package_identification:_identify(.) by extensions ['colcon_pkg']
[1.379s] Level 1:colcon.colcon_core.package_identification:_identify(.) by extension 'colcon_pkg'
[1.379s] Level 1:colcon.colcon_core.package_identification:_identify(.) by extensions ['colcon_meta']
[1.379s] Level 1:colcon.colcon_core.package_identification:_identify(.) by extension 'colcon_meta'
[1.379s] Level 1:colcon.colcon_core.package_identification:_identify(.) by extensions ['ros']
[1.379s] Level 1:colcon.colcon_core.package_identification:_identify(.) by extension 'ros'
[1.396s] Level 1:colcon.colcon_core.package_identification:_identify(.) by extensions ['cmake', 'python']
[1.396s] Level 1:colcon.colcon_core.package_identification:_identify(.) by extension 'cmake'
[1.396s] Level 1:colcon.colcon_core.package_identification:_identify(.) by extension 'python'
[1.396s] Level 1:colcon.colcon_core.package_identification:_identify(.) by extensions ['python_setup_py']
[1.396s] Level 1:colcon.colcon_core.package_identification:_identify(.) by extension 'python_setup_py'
[1.396s] Level 1:colcon.colcon_core.package_identification:_identify(build) by extensions ['ignore', 'ignore_ament_install']
[1.397s] Level 1:colcon.colcon_core.package_identification:_identify(build) by extension 'ignore'
[1.397s] Level 1:colcon.colcon_core.package_identification:_identify(build) ignored
[1.397s] Level 1:colcon.colcon_core.package_identification:_identify(install) by extensions ['ignore', 'ignore_ament_install']
[1.397s] Level 1:colcon.colcon_core.package_identification:_identify(install) by extension 'ignore'
[1.397s] Level 1:colcon.colcon_core.package_identification:_identify(install) ignored
[1.397s] Level 1:colcon.colcon_core.package_identification:_identify(log) by extensions ['ignore', 'ignore_ament_install']
[1.397s] Level 1:colcon.colcon_core.package_identification:_identify(log) by extension 'ignore'
[1.398s] Level 1:colcon.colcon_core.package_identification:_identify(log) ignored
[1.398s] Level 1:colcon.colcon_core.package_identification:_identify(src) by extensions ['ignore', 'ignore_ament_install']
[1.398s] Level 1:colcon.colcon_core.package_identification:_identify(src) by extension 'ignore'
[1.398s] Level 1:colcon.colcon_core.package_identification:_identify(src) by extension 'ignore_ament_install'
[1.398s] Level 1:colcon.colcon_core.package_identification:_identify(src) by extensions ['colcon_pkg']
[1.398s] Level 1:colcon.colcon_core.package_identification:_identify(src) by extension 'colcon_pkg'
[1.398s] Level 1:colcon.colcon_core.package_identification:_identify(src) by extensions ['colcon_meta']
[1.398s] Level 1:colcon.colcon_core.package_identification:_identify(src) by extension 'colcon_meta'
[1.398s] Level 1:colcon.colcon_core.package_identification:_identify(src) by extensions ['ros']
[1.398s] Level 1:colcon.colcon_core.package_identification:_identify(src) by extension 'ros'
[1.398s] Level 1:colcon.colcon_core.package_identification:_identify(src) by extensions ['cmake', 'python']
[1.398s] Level 1:colcon.colcon_core.package_identification:_identify(src) by extension 'cmake'
[1.398s] Level 1:colcon.colcon_core.package_identification:_identify(src) by extension 'python'
[1.398s] Level 1:colcon.colcon_core.package_identification:_identify(src) by extensions ['python_setup_py']
[1.398s] Level 1:colcon.colcon_core.package_identification:_identify(src) by extension 'python_setup_py'
[1.399s] Level 1:colcon.colcon_core.package_identification:_identify(src/bumperbot_cpp_examples) by extensions ['ignore', 'ignore_ament_install']
[1.399s] Level 1:colcon.colcon_core.package_identification:_identify(src/bumperbot_cpp_examples) by extension 'ignore'
[1.399s] Level 1:colcon.colcon_core.package_identification:_identify(src/bumperbot_cpp_examples) by extension 'ignore_ament_install'
[1.399s] Level 1:colcon.colcon_core.package_identification:_identify(src/bumperbot_cpp_examples) by extensions ['colcon_pkg']
[1.399s] Level 1:colcon.colcon_core.package_identification:_identify(src/bumperbot_cpp_examples) by extension 'colcon_pkg'
[1.399s] Level 1:colcon.colcon_core.package_identification:_identify(src/bumperbot_cpp_examples) by extensions ['colcon_meta']
[1.399s] Level 1:colcon.colcon_core.package_identification:_identify(src/bumperbot_cpp_examples) by extension 'colcon_meta'
[1.399s] Level 1:colcon.colcon_core.package_identification:_identify(src/bumperbot_cpp_examples) by extensions ['ros']
[1.399s] Level 1:colcon.colcon_core.package_identification:_identify(src/bumperbot_cpp_examples) by extension 'ros'
[1.402s] DEBUG:colcon.colcon_core.package_identification:Package 'src/bumperbot_cpp_examples' with type 'ros.ament_cmake' and name 'bumperbot_cpp_examples'
[1.403s] Level 1:colcon.colcon_core.package_identification:_identify(src/bumperbot_description) by extensions ['ignore', 'ignore_ament_install']
[1.403s] Level 1:colcon.colcon_core.package_identification:_identify(src/bumperbot_description) by extension 'ignore'
[1.403s] Level 1:colcon.colcon_core.package_identification:_identify(src/bumperbot_description) by extension 'ignore_ament_install'
[1.403s] Level 1:colcon.colcon_core.package_identification:_identify(src/bumperbot_description) by extensions ['colcon_pkg']
[1.403s] Level 1:colcon.colcon_core.package_identification:_identify(src/bumperbot_description) by extension 'colcon_pkg'
[1.403s] Level 1:colcon.colcon_core.package_identification:_identify(src/bumperbot_description) by extensions ['colcon_meta']
[1.403s] Level 1:colcon.colcon_core.package_identification:_identify(src/bumperbot_description) by extension 'colcon_meta'
[1.403s] Level 1:colcon.colcon_core.package_identification:_identify(src/bumperbot_description) by extensions ['ros']
[1.403s] Level 1:colcon.colcon_core.package_identification:_identify(src/bumperbot_description) by extension 'ros'
[1.404s] DEBUG:colcon.colcon_core.package_identification:Package 'src/bumperbot_description' with type 'ros.ament_cmake' and name 'bumperbot_description'
[1.404s] Level 1:colcon.colcon_core.package_identification:_identify(src/bumperbot_py_examples) by extensions ['ignore', 'ignore_ament_install']
[1.404s] Level 1:colcon.colcon_core.package_identification:_identify(src/bumperbot_py_examples) by extension 'ignore'
[1.404s] Level 1:colcon.colcon_core.package_identification:_identify(src/bumperbot_py_examples) by extension 'ignore_ament_install'
[1.404s] Level 1:colcon.colcon_core.package_identification:_identify(src/bumperbot_py_examples) by extensions ['colcon_pkg']
[1.404s] Level 1:colcon.colcon_core.package_identification:_identify(src/bumperbot_py_examples) by extension 'colcon_pkg'
[1.404s] Level 1:colcon.colcon_core.package_identification:_identify(src/bumperbot_py_examples) by extensions ['colcon_meta']
[1.404s] Level 1:colcon.colcon_core.package_identification:_identify(src/bumperbot_py_examples) by extension 'colcon_meta'
[1.404s] Level 1:colcon.colcon_core.package_identification:_identify(src/bumperbot_py_examples) by extensions ['ros']
[1.404s] Level 1:colcon.colcon_core.package_identification:_identify(src/bumperbot_py_examples) by extension 'ros'
[1.405s] DEBUG:colcon.colcon_core.package_identification:Package 'src/bumperbot_py_examples' with type 'ros.ament_python' and name 'bumperbot_py_examples'
[1.405s] Level 1:colcon.colcon_core.package_discovery:discover_packages(recursive) using defaults
[1.405s] Level 1:colcon.colcon_core.package_discovery:discover_packages(ignore) discover
[1.405s] Level 1:colcon.colcon_core.package_discovery:discover_packages(ignore) using defaults
[1.405s] Level 1:colcon.colcon_core.package_discovery:discover_packages(path) discover
[1.405s] Level 1:colcon.colcon_core.package_discovery:discover_packages(path) using defaults
[1.537s] Level 1:colcon.colcon_core.package_discovery:discover_packages(prefix_path) check parameters
[1.538s] Level 1:colcon.colcon_core.package_discovery:discover_packages(prefix_path) discover
[1.576s] DEBUG:colcon.colcon_installed_package_information.package_discovery:Found 394 installed packages in /opt/ros/humble
[1.578s] Level 1:colcon.colcon_core.package_discovery:discover_packages(prefix_path) using defaults
[1.730s] Level 5:colcon.colcon_core.verb:set package 'bumperbot_cpp_examples' build argument 'cmake_args' from command line to 'None'
[1.730s] Level 5:colcon.colcon_core.verb:set package 'bumperbot_cpp_examples' build argument 'cmake_target' from command line to 'None'
[1.730s] Level 5:colcon.colcon_core.verb:set package 'bumperbot_cpp_examples' build argument 'cmake_target_skip_unavailable' from command line to 'False'
[1.730s] Level 5:colcon.colcon_core.verb:set package 'bumperbot_cpp_examples' build argument 'cmake_clean_cache' from command line to 'False'
[1.730s] Level 5:colcon.colcon_core.verb:set package 'bumperbot_cpp_examples' build argument 'cmake_clean_first' from command line to 'False'
[1.730s] Level 5:colcon.colcon_core.verb:set package 'bumperbot_cpp_examples' build argument 'cmake_force_configure' from command line to 'False'
[1.730s] Level 5:colcon.colcon_core.verb:set package 'bumperbot_cpp_examples' build argument 'ament_cmake_args' from command line to 'None'
[1.730s] Level 5:colcon.colcon_core.verb:set package 'bumperbot_cpp_examples' build argument 'catkin_cmake_args' from command line to 'None'
[1.730s] Level 5:colcon.colcon_core.verb:set package 'bumperbot_cpp_examples' build argument 'catkin_skip_building_tests' from command line to 'False'
[1.730s] DEBUG:colcon.colcon_core.verb:Building package 'bumperbot_cpp_examples' with the following arguments: {'ament_cmake_args': None, 'build_base': '/home/meiling/bumperbot_ws/build/bumperbot_cpp_examples', 'catkin_cmake_args': None, 'catkin_skip_building_tests': False, 'cmake_args': None, 'cmake_clean_cache': False, 'cmake_clean_first': False, 'cmake_force_configure': False, 'cmake_target': None, 'cmake_target_skip_unavailable': False, 'install_base': '/home/meiling/bumperbot_ws/install/bumperbot_cpp_examples', 'merge_install': False, 'path': '/home/meiling/bumperbot_ws/src/bumperbot_cpp_examples', 'symlink_install': False, 'test_result_base': None}
[1.753s] Level 5:colcon.colcon_core.verb:set package 'bumperbot_description' build argument 'cmake_args' from command line to 'None'
[1.753s] Level 5:colcon.colcon_core.verb:set package 'bumperbot_description' build argument 'cmake_target' from command line to 'None'
[1.753s] Level 5:colcon.colcon_core.verb:set package 'bumperbot_description' build argument 'cmake_target_skip_unavailable' from command line to 'False'
[1.753s] Level 5:colcon.colcon_core.verb:set package 'bumperbot_description' build argument 'cmake_clean_cache' from command line to 'False'
[1.753s] Level 5:colcon.colcon_core.verb:set package 'bumperbot_description' build argument 'cmake_clean_first' from command line to 'False'
[1.753s] Level 5:colcon.colcon_core.verb:set package 'bumperbot_description' build argument 'cmake_force_configure' from command line to 'False'
[1.753s] Level 5:colcon.colcon_core.verb:set package 'bumperbot_description' build argument 'ament_cmake_args' from command line to 'None'
[1.753s] Level 5:colcon.colcon_core.verb:set package 'bumperbot_description' build argument 'catkin_cmake_args' from command line to 'None'
[1.753s] Level 5:colcon.colcon_core.verb:set package 'bumperbot_description' build argument 'catkin_skip_building_tests' from command line to 'False'
[1.753s] DEBUG:colcon.colcon_core.verb:Building package 'bumperbot_description' with the following arguments: {'ament_cmake_args': None, 'build_base': '/home/meiling/bumperbot_ws/build/bumperbot_description', 'catkin_cmake_args': None, 'catkin_skip_building_tests': False, 'cmake_args': None, 'cmake_clean_cache': False, 'cmake_clean_first': False, 'cmake_force_configure': False, 'cmake_target': None, 'cmake_target_skip_unavailable': False, 'install_base': '/home/meiling/bumperbot_ws/install/bumperbot_description', 'merge_install': False, 'path': '/home/meiling/bumperbot_ws/src/bumperbot_description', 'symlink_install': False, 'test_result_base': None}
[1.773s] Level 5:colcon.colcon_core.verb:set package 'bumperbot_py_examples' build argument 'cmake_args' from command line to 'None'
[1.774s] Level 5:colcon.colcon_core.verb:set package 'bumperbot_py_examples' build argument 'cmake_target' from command line to 'None'
[1.774s] Level 5:colcon.colcon_core.verb:set package 'bumperbot_py_examples' build argument 'cmake_target_skip_unavailable' from command line to 'False'
[1.774s] Level 5:colcon.colcon_core.verb:set package 'bumperbot_py_examples' build argument 'cmake_clean_cache' from command line to 'False'
[1.774s] Level 5:colcon.colcon_core.verb:set package 'bumperbot_py_examples' build argument 'cmake_clean_first' from command line to 'False'
[1.774s] Level 5:colcon.colcon_core.verb:set package 'bumperbot_py_examples' build argument 'cmake_force_configure' from command line to 'False'
[1.774s] Level 5:colcon.colcon_core.verb:set package 'bumperbot_py_examples' build argument 'ament_cmake_args' from command line to 'None'
[1.774s] Level 5:colcon.colcon_core.verb:set package 'bumperbot_py_examples' build argument 'catkin_cmake_args' from command line to 'None'
[1.774s] Level 5:colcon.colcon_core.verb:set package 'bumperbot_py_examples' build argument 'catkin_skip_building_tests' from command line to 'False'
[1.774s] DEBUG:colcon.colcon_core.verb:Building package 'bumperbot_py_examples' with the following arguments: {'ament_cmake_args': None, 'build_base': '/home/meiling/bumperbot_ws/build/bumperbot_py_examples', 'catkin_cmake_args': None, 'catkin_skip_building_tests': False, 'cmake_args': None, 'cmake_clean_cache': False, 'cmake_clean_first': False, 'cmake_force_configure': False, 'cmake_target': None, 'cmake_target_skip_unavailable': False, 'install_base': '/home/meiling/bumperbot_ws/install/bumperbot_py_examples', 'merge_install': False, 'path': '/home/meiling/bumperbot_ws/src/bumperbot_py_examples', 'symlink_install': False, 'test_result_base': None}
[1.791s] INFO:colcon.colcon_core.executor:Executing jobs using 'parallel' executor
[1.812s] DEBUG:colcon.colcon_parallel_executor.executor.parallel:run_until_complete
[1.812s] INFO:colcon.colcon_ros.task.ament_cmake.build:Building ROS package in '/home/meiling/bumperbot_ws/src/bumperbot_cpp_examples' with build type 'ament_cmake'
[1.812s] INFO:colcon.colcon_cmake.task.cmake.build:Building CMake package in '/home/meiling/bumperbot_ws/src/bumperbot_cpp_examples'
[1.833s] INFO:colcon.colcon_core.plugin_system:Skipping extension 'colcon_core.shell.bat': Not used on non-Windows systems
[1.833s] INFO:colcon.colcon_core.shell:Skip shell extension 'powershell' for command environment: Not usable outside of PowerShell
[1.833s] DEBUG:colcon.colcon_core.shell:Skip shell extension 'dsv' for command environment
[1.877s] INFO:colcon.colcon_ros.task.ament_cmake.build:Building ROS package in '/home/meiling/bumperbot_ws/src/bumperbot_description' with build type 'ament_cmake'
[1.877s] INFO:colcon.colcon_cmake.task.cmake.build:Building CMake package in '/home/meiling/bumperbot_ws/src/bumperbot_description'
[1.899s] INFO:colcon.colcon_core.shell:Skip shell extension 'powershell' for command environment: Not usable outside of PowerShell
[1.899s] DEBUG:colcon.colcon_core.shell:Skip shell extension 'dsv' for command environment
[1.954s] INFO:colcon.colcon_ros.task.ament_python.build:Building ROS package in '/home/meiling/bumperbot_ws/src/bumperbot_py_examples' with build type 'ament_python'
[1.955s] Level 1:colcon.colcon_core.shell:create_environment_hook('bumperbot_py_examples', 'ament_prefix_path')
[1.980s] INFO:colcon.colcon_core.shell:Creating environment hook '/home/meiling/bumperbot_ws/install/bumperbot_py_examples/share/bumperbot_py_examples/hook/ament_prefix_path.ps1'
[1.981s] INFO:colcon.colcon_core.shell:Creating environment descriptor '/home/meiling/bumperbot_ws/install/bumperbot_py_examples/share/bumperbot_py_examples/hook/ament_prefix_path.dsv'
[1.982s] INFO:colcon.colcon_core.shell:Creating environment hook '/home/meiling/bumperbot_ws/install/bumperbot_py_examples/share/bumperbot_py_examples/hook/ament_prefix_path.sh'
[2.005s] INFO:colcon.colcon_core.shell:Skip shell extension 'powershell' for command environment: Not usable outside of PowerShell
[2.005s] DEBUG:colcon.colcon_core.shell:Skip shell extension 'dsv' for command environment
[2.063s] DEBUG:colcon.colcon_core.event_handler.log_command:Invoking command in '/home/meiling/bumperbot_ws/build/bumperbot_cpp_examples': CMAKE_PREFIX_PATH=/opt/ros/humble /usr/bin/cmake --build /home/meiling/bumperbot_ws/build/bumperbot_cpp_examples -- -j8 -l8
[2.068s] DEBUG:colcon.colcon_core.event_handler.log_command:Invoking command in '/home/meiling/bumperbot_ws/build/bumperbot_description': CMAKE_PREFIX_PATH=/opt/ros/humble /usr/bin/cmake --build /home/meiling/bumperbot_ws/build/bumperbot_description -- -j8 -l8
[2.424s] INFO:colcon.colcon_core.task.python.build:Building Python package in '/home/meiling/bumperbot_ws/src/bumperbot_py_examples'
[2.449s] INFO:colcon.colcon_core.shell:Skip shell extension 'powershell' for command environment: Not usable outside of PowerShell
[2.449s] DEBUG:colcon.colcon_core.shell:Skip shell extension 'dsv' for command environment
[2.494s] DEBUG:colcon.colcon_core.event_handler.log_command:Invoked command in '/home/meiling/bumperbot_ws/build/bumperbot_description' returned '0': CMAKE_PREFIX_PATH=/opt/ros/humble /usr/bin/cmake --build /home/meiling/bumperbot_ws/build/bumperbot_description -- -j8 -l8
[2.495s] DEBUG:colcon.colcon_core.event_handler.log_command:Invoked command in '/home/meiling/bumperbot_ws/build/bumperbot_cpp_examples' returned '0': CMAKE_PREFIX_PATH=/opt/ros/humble /usr/bin/cmake --build /home/meiling/bumperbot_ws/build/bumperbot_cpp_examples -- -j8 -l8
[2.526s] DEBUG:colcon.colcon_core.event_handler.log_command:Invoking command in '/home/meiling/bumperbot_ws/build/bumperbot_description': CMAKE_PREFIX_PATH=/opt/ros/humble /usr/bin/cmake --install /home/meiling/bumperbot_ws/build/bumperbot_description
[2.531s] DEBUG:colcon.colcon_core.event_handler.log_command:Invoking command in '/home/meiling/bumperbot_ws/build/bumperbot_cpp_examples': CMAKE_PREFIX_PATH=/opt/ros/humble /usr/bin/cmake --install /home/meiling/bumperbot_ws/build/bumperbot_cpp_examples
[2.539s] Level 1:colcon.colcon_core.environment:create_environment_scripts_only(bumperbot_description)
[2.546s] DEBUG:colcon.colcon_core.event_handler.log_command:Invoked command in '/home/meiling/bumperbot_ws/build/bumperbot_description' returned '0': CMAKE_PREFIX_PATH=/opt/ros/humble /usr/bin/cmake --install /home/meiling/bumperbot_ws/build/bumperbot_description
[2.573s] Level 1:colcon.colcon_core.environment:checking '/home/meiling/bumperbot_ws/install/bumperbot_description' for CMake module files
[2.574s] Level 1:colcon.colcon_core.environment:checking '/home/meiling/bumperbot_ws/install/bumperbot_description' for CMake config files
[2.574s] Level 1:colcon.colcon_core.shell:create_environment_hook('bumperbot_description', 'cmake_prefix_path')
[2.596s] INFO:colcon.colcon_core.shell:Creating environment hook '/home/meiling/bumperbot_ws/install/bumperbot_description/share/bumperbot_description/hook/cmake_prefix_path.ps1'
[2.597s] INFO:colcon.colcon_core.shell:Creating environment descriptor '/home/meiling/bumperbot_ws/install/bumperbot_description/share/bumperbot_description/hook/cmake_prefix_path.dsv'
[2.597s] INFO:colcon.colcon_core.shell:Creating environment hook '/home/meiling/bumperbot_ws/install/bumperbot_description/share/bumperbot_description/hook/cmake_prefix_path.sh'
[2.598s] Level 1:colcon.colcon_core.environment:checking '/home/meiling/bumperbot_ws/install/bumperbot_description/bin'
[2.598s] Level 1:colcon.colcon_core.environment:checking '/home/meiling/bumperbot_ws/install/bumperbot_description/lib/pkgconfig/bumperbot_description.pc'
[2.598s] Level 1:colcon.colcon_core.environment:checking '/home/meiling/bumperbot_ws/install/bumperbot_description/lib/python3.10/site-packages'
[2.598s] Level 1:colcon.colcon_core.environment:checking '/home/meiling/bumperbot_ws/install/bumperbot_description/bin'
[2.621s] INFO:colcon.colcon_core.shell:Creating package script '/home/meiling/bumperbot_ws/install/bumperbot_description/share/bumperbot_description/package.ps1'
[2.622s] INFO:colcon.colcon_core.shell:Creating package descriptor '/home/meiling/bumperbot_ws/install/bumperbot_description/share/bumperbot_description/package.dsv'
[2.623s] INFO:colcon.colcon_core.shell:Creating package script '/home/meiling/bumperbot_ws/install/bumperbot_description/share/bumperbot_description/package.sh'
[2.624s] INFO:colcon.colcon_core.shell:Creating package script '/home/meiling/bumperbot_ws/install/bumperbot_description/share/bumperbot_description/package.bash'
[2.625s] INFO:colcon.colcon_core.shell:Creating package script '/home/meiling/bumperbot_ws/install/bumperbot_description/share/bumperbot_description/package.zsh'
[2.625s] Level 1:colcon.colcon_core.environment:create_file_with_runtime_dependencies(/home/meiling/bumperbot_ws/install/bumperbot_description/share/colcon-core/packages/bumperbot_description)
[2.628s] Level 1:colcon.colcon_core.environment:create_environment_scripts_only(bumperbot_cpp_examples)
[2.629s] DEBUG:colcon.colcon_core.event_handler.log_command:Invoked command in '/home/meiling/bumperbot_ws/build/bumperbot_cpp_examples' returned '0': CMAKE_PREFIX_PATH=/opt/ros/humble /usr/bin/cmake --install /home/meiling/bumperbot_ws/build/bumperbot_cpp_examples
[2.651s] Level 1:colcon.colcon_core.environment:checking '/home/meiling/bumperbot_ws/install/bumperbot_cpp_examples' for CMake module files
[2.651s] Level 1:colcon.colcon_core.environment:checking '/home/meiling/bumperbot_ws/install/bumperbot_cpp_examples' for CMake config files
[2.652s] Level 1:colcon.colcon_core.shell:create_environment_hook('bumperbot_cpp_examples', 'cmake_prefix_path')
[2.674s] INFO:colcon.colcon_core.shell:Creating environment hook '/home/meiling/bumperbot_ws/install/bumperbot_cpp_examples/share/bumperbot_cpp_examples/hook/cmake_prefix_path.ps1'
[2.675s] INFO:colcon.colcon_core.shell:Creating environment descriptor '/home/meiling/bumperbot_ws/install/bumperbot_cpp_examples/share/bumperbot_cpp_examples/hook/cmake_prefix_path.dsv'
[2.675s] INFO:colcon.colcon_core.shell:Creating environment hook '/home/meiling/bumperbot_ws/install/bumperbot_cpp_examples/share/bumperbot_cpp_examples/hook/cmake_prefix_path.sh'
[2.676s] Level 1:colcon.colcon_core.environment:checking '/home/meiling/bumperbot_ws/install/bumperbot_cpp_examples/lib'
[2.676s] Level 1:colcon.colcon_core.environment:checking '/home/meiling/bumperbot_ws/install/bumperbot_cpp_examples/bin'
[2.676s] Level 1:colcon.colcon_core.environment:checking '/home/meiling/bumperbot_ws/install/bumperbot_cpp_examples/lib/pkgconfig/bumperbot_cpp_examples.pc'
[2.677s] Level 1:colcon.colcon_core.environment:checking '/home/meiling/bumperbot_ws/install/bumperbot_cpp_examples/lib/python3.10/site-packages'
[2.677s] Level 1:colcon.colcon_core.environment:checking '/home/meiling/bumperbot_ws/install/bumperbot_cpp_examples/bin'
[2.700s] INFO:colcon.colcon_core.shell:Creating package script '/home/meiling/bumperbot_ws/install/bumperbot_cpp_examples/share/bumperbot_cpp_examples/package.ps1'
[2.701s] INFO:colcon.colcon_core.shell:Creating package descriptor '/home/meiling/bumperbot_ws/install/bumperbot_cpp_examples/share/bumperbot_cpp_examples/package.dsv'
[2.701s] INFO:colcon.colcon_core.shell:Creating package script '/home/meiling/bumperbot_ws/install/bumperbot_cpp_examples/share/bumperbot_cpp_examples/package.sh'
[2.702s] INFO:colcon.colcon_core.shell:Creating package script '/home/meiling/bumperbot_ws/install/bumperbot_cpp_examples/share/bumperbot_cpp_examples/package.bash'
[2.702s] INFO:colcon.colcon_core.shell:Creating package script '/home/meiling/bumperbot_ws/install/bumperbot_cpp_examples/share/bumperbot_cpp_examples/package.zsh'
[2.702s] Level 1:colcon.colcon_core.environment:create_file_with_runtime_dependencies(/home/meiling/bumperbot_ws/install/bumperbot_cpp_examples/share/colcon-core/packages/bumperbot_cpp_examples)
[2.723s] Level 1:colcon.colcon_core.environment:create_environment_scripts_only(bumperbot_description)
[2.741s] Level 1:colcon.colcon_core.environment:checking '/home/meiling/bumperbot_ws/install/bumperbot_description' for CMake module files
[2.742s] Level 1:colcon.colcon_core.environment:checking '/home/meiling/bumperbot_ws/install/bumperbot_description' for CMake config files
[2.742s] Level 1:colcon.colcon_core.shell:create_environment_hook('bumperbot_description', 'cmake_prefix_path')
[2.760s] INFO:colcon.colcon_core.shell:Creating environment hook '/home/meiling/bumperbot_ws/install/bumperbot_description/share/bumperbot_description/hook/cmake_prefix_path.ps1'
[2.761s] INFO:colcon.colcon_core.shell:Creating environment descriptor '/home/meiling/bumperbot_ws/install/bumperbot_description/share/bumperbot_description/hook/cmake_prefix_path.dsv'
[2.761s] INFO:colcon.colcon_core.shell:Creating environment hook '/home/meiling/bumperbot_ws/install/bumperbot_description/share/bumperbot_description/hook/cmake_prefix_path.sh'
[2.762s] Level 1:colcon.colcon_core.environment:checking '/home/meiling/bumperbot_ws/install/bumperbot_description/bin'
[2.762s] Level 1:colcon.colcon_core.environment:checking '/home/meiling/bumperbot_ws/install/bumperbot_description/lib/pkgconfig/bumperbot_description.pc'
[2.762s] Level 1:colcon.colcon_core.environment:checking '/home/meiling/bumperbot_ws/install/bumperbot_description/lib/python3.10/site-packages'
[2.763s] Level 1:colcon.colcon_core.environment:checking '/home/meiling/bumperbot_ws/install/bumperbot_description/bin'
[2.782s] INFO:colcon.colcon_core.shell:Creating package script '/home/meiling/bumperbot_ws/install/bumperbot_description/share/bumperbot_description/package.ps1'
[2.783s] INFO:colcon.colcon_core.shell:Creating package descriptor '/home/meiling/bumperbot_ws/install/bumperbot_description/share/bumperbot_description/package.dsv'
[2.783s] INFO:colcon.colcon_core.shell:Creating package script '/home/meiling/bumperbot_ws/install/bumperbot_description/share/bumperbot_description/package.sh'
[2.784s] INFO:colcon.colcon_core.shell:Creating package script '/home/meiling/bumperbot_ws/install/bumperbot_description/share/bumperbot_description/package.bash'
[2.784s] INFO:colcon.colcon_core.shell:Creating package script '/home/meiling/bumperbot_ws/install/bumperbot_description/share/bumperbot_description/package.zsh'
[2.785s] Level 1:colcon.colcon_core.environment:create_file_with_runtime_dependencies(/home/meiling/bumperbot_ws/install/bumperbot_description/share/colcon-core/packages/bumperbot_description)
[2.808s] Level 1:colcon.colcon_core.environment:create_environment_scripts_only(bumperbot_cpp_examples)
[2.833s] Level 1:colcon.colcon_core.environment:checking '/home/meiling/bumperbot_ws/install/bumperbot_cpp_examples' for CMake module files
[2.834s] Level 1:colcon.colcon_core.environment:checking '/home/meiling/bumperbot_ws/install/bumperbot_cpp_examples' for CMake config files
[2.834s] Level 1:colcon.colcon_core.shell:create_environment_hook('bumperbot_cpp_examples', 'cmake_prefix_path')
[2.859s] INFO:colcon.colcon_core.shell:Creating environment hook '/home/meiling/bumperbot_ws/install/bumperbot_cpp_examples/share/bumperbot_cpp_examples/hook/cmake_prefix_path.ps1'
[2.859s] INFO:colcon.colcon_core.shell:Creating environment descriptor '/home/meiling/bumperbot_ws/install/bumperbot_cpp_examples/share/bumperbot_cpp_examples/hook/cmake_prefix_path.dsv'
[2.860s] INFO:colcon.colcon_core.shell:Creating environment hook '/home/meiling/bumperbot_ws/install/bumperbot_cpp_examples/share/bumperbot_cpp_examples/hook/cmake_prefix_path.sh'
[2.860s] Level 1:colcon.colcon_core.environment:checking '/home/meiling/bumperbot_ws/install/bumperbot_cpp_examples/lib'
[2.861s] Level 1:colcon.colcon_core.environment:checking '/home/meiling/bumperbot_ws/install/bumperbot_cpp_examples/bin'
[2.861s] Level 1:colcon.colcon_core.environment:checking '/home/meiling/bumperbot_ws/install/bumperbot_cpp_examples/lib/pkgconfig/bumperbot_cpp_examples.pc'
[2.861s] Level 1:colcon.colcon_core.environment:checking '/home/meiling/bumperbot_ws/install/bumperbot_cpp_examples/lib/python3.10/site-packages'
[2.862s] Level 1:colcon.colcon_core.environment:checking '/home/meiling/bumperbot_ws/install/bumperbot_cpp_examples/bin'
[2.882s] INFO:colcon.colcon_core.shell:Creating package script '/home/meiling/bumperbot_ws/install/bumperbot_cpp_examples/share/bumperbot_cpp_examples/package.ps1'
[2.883s] INFO:colcon.colcon_core.shell:Creating package descriptor '/home/meiling/bumperbot_ws/install/bumperbot_cpp_examples/share/bumperbot_cpp_examples/package.dsv'
[2.883s] INFO:colcon.colcon_core.shell:Creating package script '/home/meiling/bumperbot_ws/install/bumperbot_cpp_examples/share/bumperbot_cpp_examples/package.sh'
[2.884s] INFO:colcon.colcon_core.shell:Creating package script '/home/meiling/bumperbot_ws/install/bumperbot_cpp_examples/share/bumperbot_cpp_examples/package.bash'
[2.884s] INFO:colcon.colcon_core.shell:Creating package script '/home/meiling/bumperbot_ws/install/bumperbot_cpp_examples/share/bumperbot_cpp_examples/package.zsh'
[2.885s] Level 1:colcon.colcon_core.environment:create_file_with_runtime_dependencies(/home/meiling/bumperbot_ws/install/bumperbot_cpp_examples/share/colcon-core/packages/bumperbot_cpp_examples)
[2.979s] DEBUG:colcon.colcon_core.event_handler.log_command:Invoking command in '/home/meiling/bumperbot_ws/src/bumperbot_py_examples': PYTHONPATH=/home/meiling/bumperbot_ws/build/bumperbot_py_examples/prefix_override:/home/meiling/bumperbot_ws/install/bumperbot_py_examples/lib/python3.10/site-packages:${PYTHONPATH} /usr/bin/python3 setup.py egg_info --egg-base ../../build/bumperbot_py_examples build --build-base /home/meiling/bumperbot_ws/build/bumperbot_py_examples/build install --record /home/meiling/bumperbot_ws/build/bumperbot_py_examples/install.log --single-version-externally-managed
[3.368s] DEBUG:colcon.colcon_core.event_handler.log_command:Invoked command in '/home/meiling/bumperbot_ws/src/bumperbot_py_examples' returned '0': PYTHONPATH=/home/meiling/bumperbot_ws/build/bumperbot_py_examples/prefix_override:/home/meiling/bumperbot_ws/install/bumperbot_py_examples/lib/python3.10/site-packages:${PYTHONPATH} /usr/bin/python3 setup.py egg_info --egg-base ../../build/bumperbot_py_examples build --build-base /home/meiling/bumperbot_ws/build/bumperbot_py_examples/build install --record /home/meiling/bumperbot_ws/build/bumperbot_py_examples/install.log --single-version-externally-managed
[3.393s] Level 1:colcon.colcon_core.environment:checking '/home/meiling/bumperbot_ws/install/bumperbot_py_examples' for CMake module files
[3.393s] Level 1:colcon.colcon_core.environment:checking '/home/meiling/bumperbot_ws/install/bumperbot_py_examples' for CMake config files
[3.394s] Level 1:colcon.colcon_core.environment:checking '/home/meiling/bumperbot_ws/install/bumperbot_py_examples/lib'
[3.395s] Level 1:colcon.colcon_core.environment:checking '/home/meiling/bumperbot_ws/install/bumperbot_py_examples/bin'
[3.395s] Level 1:colcon.colcon_core.environment:checking '/home/meiling/bumperbot_ws/install/bumperbot_py_examples/lib/pkgconfig/bumperbot_py_examples.pc'
[3.395s] Level 1:colcon.colcon_core.environment:checking '/home/meiling/bumperbot_ws/install/bumperbot_py_examples/lib/python3.10/site-packages'
[3.395s] Level 1:colcon.colcon_core.shell:create_environment_hook('bumperbot_py_examples', 'pythonpath')
[3.418s] INFO:colcon.colcon_core.shell:Creating environment hook '/home/meiling/bumperbot_ws/install/bumperbot_py_examples/share/bumperbot_py_examples/hook/pythonpath.ps1'
[3.418s] INFO:colcon.colcon_core.shell:Creating environment descriptor '/home/meiling/bumperbot_ws/install/bumperbot_py_examples/share/bumperbot_py_examples/hook/pythonpath.dsv'
[3.419s] INFO:colcon.colcon_core.shell:Creating environment hook '/home/meiling/bumperbot_ws/install/bumperbot_py_examples/share/bumperbot_py_examples/hook/pythonpath.sh'
[3.419s] Level 1:colcon.colcon_core.environment:checking '/home/meiling/bumperbot_ws/install/bumperbot_py_examples/bin'
[3.419s] Level 1:colcon.colcon_core.environment:create_environment_scripts_only(bumperbot_py_examples)
[3.443s] INFO:colcon.colcon_core.shell:Creating package script '/home/meiling/bumperbot_ws/install/bumperbot_py_examples/share/bumperbot_py_examples/package.ps1'
[3.444s] INFO:colcon.colcon_core.shell:Creating package descriptor '/home/meiling/bumperbot_ws/install/bumperbot_py_examples/share/bumperbot_py_examples/package.dsv'
[3.445s] INFO:colcon.colcon_core.shell:Creating package script '/home/meiling/bumperbot_ws/install/bumperbot_py_examples/share/bumperbot_py_examples/package.sh'
[3.446s] INFO:colcon.colcon_core.shell:Creating package script '/home/meiling/bumperbot_ws/install/bumperbot_py_examples/share/bumperbot_py_examples/package.bash'
[3.447s] INFO:colcon.colcon_core.shell:Creating package script '/home/meiling/bumperbot_ws/install/bumperbot_py_examples/share/bumperbot_py_examples/package.zsh'
[3.447s] Level 1:colcon.colcon_core.environment:create_file_with_runtime_dependencies(/home/meiling/bumperbot_ws/install/bumperbot_py_examples/share/colcon-core/packages/bumperbot_py_examples)
[3.448s] DEBUG:colcon.colcon_parallel_executor.executor.parallel:closing loop
[3.449s] DEBUG:colcon.colcon_parallel_executor.executor.parallel:loop closed
[3.449s] DEBUG:colcon.colcon_parallel_executor.executor.parallel:run_until_complete finished with '0'
[3.449s] DEBUG:colcon.colcon_core.event_reactor:joining thread
[3.478s] INFO:colcon.colcon_core.plugin_system:Skipping extension 'colcon_notification.desktop_notification.terminal_notifier': Not used on non-Darwin systems
[3.478s] INFO:colcon.colcon_core.plugin_system:Skipping extension 'colcon_notification.desktop_notification.win32': Not used on non-Windows systems
[3.478s] INFO:colcon.colcon_notification.desktop_notification:Sending desktop notification using 'notify2'
[3.492s] DEBUG:colcon.colcon_core.event_reactor:joined thread
[3.514s] INFO:colcon.colcon_core.shell:Creating prefix script '/home/meiling/bumperbot_ws/install/local_setup.ps1'
[3.515s] INFO:colcon.colcon_core.shell:Creating prefix util module '/home/meiling/bumperbot_ws/install/_local_setup_util_ps1.py'
[3.516s] INFO:colcon.colcon_core.shell:Creating prefix chain script '/home/meiling/bumperbot_ws/install/setup.ps1'
[3.539s] INFO:colcon.colcon_core.shell:Creating prefix script '/home/meiling/bumperbot_ws/install/local_setup.sh'
[3.539s] INFO:colcon.colcon_core.shell:Creating prefix util module '/home/meiling/bumperbot_ws/install/_local_setup_util_sh.py'
[3.539s] INFO:colcon.colcon_core.shell:Creating prefix chain script '/home/meiling/bumperbot_ws/install/setup.sh'
[3.560s] INFO:colcon.colcon_core.shell:Creating prefix script '/home/meiling/bumperbot_ws/install/local_setup.bash'
[3.560s] INFO:colcon.colcon_core.shell:Creating prefix chain script '/home/meiling/bumperbot_ws/install/setup.bash'
[3.581s] INFO:colcon.colcon_core.shell:Creating prefix script '/home/meiling/bumperbot_ws/install/local_setup.zsh'
[3.582s] INFO:colcon.colcon_core.shell:Creating prefix chain script '/home/meiling/bumperbot_ws/install/setup.zsh'
